[2025-11-11 10:18:06] [INFO] BIDS/sub-01/ses-01/audio/anonymized.wav
[2025-11-11 10:18:39] [INFO] BIDS/sub-01/ses-01/audio/anonymized.wav
[2025-11-11 10:18:39] [INFO] Initializing VoicAnonymizer Pipeline;
[2025-11-11 10:18:39] [INFO] Loading audio file
[2025-11-11 10:18:47] [INFO] Anonymizing the audio
[2025-11-11 10:18:47] [INFO] Applying pitch shift
[2025-11-11 10:19:01] [INFO] Applying formant shift
[2025-11-11 10:19:35] [INFO] Saving audio
[2025-11-11 10:19:35] [INFO] BIDS/sub-02/ses-01/audio/anonymized.wav
[2025-11-11 10:19:35] [INFO] Initializing VoicAnonymizer Pipeline;
[2025-11-11 10:19:35] [INFO] Loading audio file
[2025-11-11 10:19:35] [INFO] Anonymizing the audio
[2025-11-11 10:19:35] [INFO] Applying pitch shift
[2025-11-11 10:19:49] [INFO] Applying formant shift
[2025-11-11 10:20:43] [INFO] Saving audio
[2025-11-11 10:20:43] [INFO] BIDS/sub-03/ses-01/audio/anonymized.wav
[2025-11-11 10:20:43] [INFO] Initializing VoicAnonymizer Pipeline;
[2025-11-11 10:20:43] [INFO] Loading audio file
[2025-11-11 10:20:44] [INFO] Anonymizing the audio
[2025-11-11 10:20:44] [INFO] Applying pitch shift
[2025-11-11 10:20:56] [INFO] Applying formant shift
[2025-11-11 10:21:29] [INFO] Saving audio
[2025-11-11 10:21:30] [INFO] BIDS/sub-04/ses-01/audio/anonymized.wav
[2025-11-11 10:21:30] [INFO] Initializing VoicAnonymizer Pipeline;
[2025-11-11 10:21:30] [INFO] Loading audio file
[2025-11-11 10:21:30] [INFO] Anonymizing the audio
[2025-11-11 10:21:30] [INFO] Applying pitch shift
[2025-11-11 10:21:44] [INFO] Applying formant shift
[2025-11-11 10:22:42] [INFO] Saving audio
[2025-11-11 10:22:42] [INFO] BIDS/sub-04/ses-02/audio/anonymized.wav
[2025-11-11 10:22:42] [INFO] Initializing VoicAnonymizer Pipeline;
[2025-11-11 10:22:42] [INFO] Loading audio file
[2025-11-11 10:22:42] [INFO] Anonymizing the audio
[2025-11-11 10:22:42] [INFO] Applying pitch shift
[2025-11-11 10:22:55] [INFO] Applying formant shift
[2025-11-11 10:23:28] [INFO] Saving audio
[2025-11-11 10:23:29] [INFO] BIDS/sub-05/ses-01/audio/anonymized.wav
[2025-11-11 10:23:29] [INFO] Initializing VoicAnonymizer Pipeline;
[2025-11-11 10:23:29] [INFO] Loading audio file
[2025-11-11 10:23:29] [INFO] Anonymizing the audio
[2025-11-11 10:23:29] [INFO] Applying pitch shift
[2025-11-11 10:23:41] [INFO] Applying formant shift
[2025-11-11 10:24:12] [INFO] Saving audio
[2025-11-11 10:24:12] [INFO] BIDS/sub-05/ses-02/audio/anonymized.wav
[2025-11-11 10:24:12] [INFO] Initializing VoicAnonymizer Pipeline;
[2025-11-11 10:24:12] [INFO] Loading audio file
[2025-11-11 10:24:12] [INFO] Anonymizing the audio
[2025-11-11 10:24:12] [INFO] Applying pitch shift
[2025-11-11 10:24:24] [INFO] Applying formant shift
[2025-11-11 10:24:57] [INFO] Saving audio
[2025-11-11 10:24:57] [INFO] BIDS/sub-06/ses-01/audio/anonymized.wav
[2025-11-11 10:24:57] [INFO] Initializing VoicAnonymizer Pipeline;
[2025-11-11 10:24:57] [INFO] Loading audio file
[2025-11-11 10:24:58] [INFO] Anonymizing the audio
[2025-11-11 10:24:58] [INFO] Applying pitch shift
[2025-11-11 10:25:11] [INFO] Applying formant shift
[2025-11-11 10:26:07] [INFO] Saving audio
[2025-11-11 10:26:08] [INFO] BIDS/sub-06/ses-02/audio/anonymized.wav
[2025-11-11 10:26:08] [INFO] Initializing VoicAnonymizer Pipeline;
[2025-11-11 10:26:08] [INFO] Loading audio file
[2025-11-11 10:26:08] [INFO] Anonymizing the audio
[2025-11-11 10:26:08] [INFO] Applying pitch shift
[2025-11-11 10:26:20] [INFO] Applying formant shift
[2025-11-11 10:26:53] [INFO] Saving audio
[2025-11-11 10:26:53] [INFO] BIDS/sub-07/ses-01/audio/anonymized.wav
[2025-11-11 10:26:53] [INFO] Initializing VoicAnonymizer Pipeline;
[2025-11-11 10:26:53] [INFO] Loading audio file
[2025-11-11 10:26:53] [INFO] Anonymizing the audio
[2025-11-11 10:26:53] [INFO] Applying pitch shift
[2025-11-11 10:27:06] [INFO] Applying formant shift
[2025-11-11 10:27:38] [INFO] Saving audio
[2025-11-11 10:27:38] [INFO] BIDS/sub-08/ses-01/audio/anonymized.wav
[2025-11-11 10:27:38] [INFO] Initializing VoicAnonymizer Pipeline;
[2025-11-11 10:27:38] [INFO] Loading audio file
[2025-11-11 10:27:39] [INFO] Anonymizing the audio
[2025-11-11 10:27:39] [INFO] Applying pitch shift
[2025-11-11 10:27:51] [INFO] Applying formant shift
[2025-11-11 10:28:23] [INFO] Saving audio
[2025-11-11 10:28:23] [INFO] BIDS/sub-09/ses-01/audio/anonymized.wav
[2025-11-11 10:28:23] [INFO] Initializing VoicAnonymizer Pipeline;
[2025-11-11 10:28:23] [INFO] Loading audio file
[2025-11-11 10:28:23] [INFO] Anonymizing the audio
[2025-11-11 10:28:23] [INFO] Applying pitch shift
[2025-11-11 10:28:36] [INFO] Applying formant shift
[2025-11-11 10:29:09] [INFO] Saving audio
[2025-11-11 10:29:09] [INFO] BIDS/sub-09/ses-02/audio/sub-09_ses-02_task-VCV_run-01_audio.wav
[2025-11-11 10:29:09] [INFO] Initializing VoicAnonymizer Pipeline;
[2025-11-11 10:29:09] [INFO] Loading audio file
[2025-11-11 10:29:10] [INFO] Anonymizing the audio
[2025-11-11 10:29:10] [INFO] Applying pitch shift
[2025-11-11 10:29:22] [INFO] Applying formant shift
[2025-11-11 10:29:54] [INFO] Saving audio
[2025-11-11 10:29:55] [INFO] BIDS/sub-10/ses-01/audio/anonymized.wav
[2025-11-11 10:29:55] [INFO] Initializing VoicAnonymizer Pipeline;
[2025-11-11 10:29:55] [INFO] Loading audio file
[2025-11-11 10:29:55] [INFO] Anonymizing the audio
[2025-11-11 10:29:55] [INFO] Applying pitch shift
[2025-11-11 10:30:07] [INFO] Applying formant shift
[2025-11-11 10:30:40] [INFO] Saving audio
[2025-11-11 10:30:41] [INFO] BIDS/sub-11/ses-01/audio/anonymized.wav
[2025-11-11 10:30:41] [INFO] Initializing VoicAnonymizer Pipeline;
[2025-11-11 10:30:41] [INFO] Loading audio file
[2025-11-11 10:30:41] [INFO] Anonymizing the audio
[2025-11-11 10:30:41] [INFO] Applying pitch shift
[2025-11-11 10:30:53] [INFO] Applying formant shift
[2025-11-11 10:31:26] [INFO] Saving audio
[2025-11-11 10:31:26] [INFO] BIDS/sub-12/ses-01/audio/anonymized.wav
[2025-11-11 10:31:26] [INFO] Initializing VoicAnonymizer Pipeline;
[2025-11-11 10:31:26] [INFO] Loading audio file
[2025-11-11 10:31:26] [INFO] Anonymizing the audio
[2025-11-11 10:31:26] [INFO] Applying pitch shift
[2025-11-11 10:31:40] [INFO] Applying formant shift
[2025-11-11 10:32:39] [INFO] Saving audio
[2025-11-11 10:32:39] [INFO] BIDS/sub-12/ses-02/audio/anonymized.wav
[2025-11-11 10:32:39] [INFO] Initializing VoicAnonymizer Pipeline;
[2025-11-11 10:32:39] [INFO] Loading audio file
[2025-11-11 10:32:40] [INFO] Anonymizing the audio
[2025-11-11 10:32:40] [INFO] Applying pitch shift
[2025-11-11 10:32:55] [INFO] Applying formant shift
[2025-11-11 10:33:51] [INFO] Saving audio
[2025-11-11 10:33:52] [INFO] BIDS/sub-13/ses-01/audio/anonymized.wav
[2025-11-11 10:33:52] [INFO] Initializing VoicAnonymizer Pipeline;
[2025-11-11 10:33:52] [INFO] Loading audio file
[2025-11-11 10:33:52] [INFO] Anonymizing the audio
[2025-11-11 10:33:52] [INFO] Applying pitch shift
[2025-11-11 10:34:07] [INFO] Applying formant shift
[2025-11-11 10:35:02] [INFO] Saving audio
[2025-11-11 10:35:03] [INFO] BIDS/sub-13/ses-02/audio/anonymized.wav
[2025-11-11 10:35:03] [INFO] Initializing VoicAnonymizer Pipeline;
[2025-11-11 10:35:03] [INFO] Loading audio file
[2025-11-11 10:35:03] [INFO] Anonymizing the audio
[2025-11-11 10:35:03] [INFO] Applying pitch shift
[2025-11-11 10:35:17] [INFO] Applying formant shift
[2025-11-11 10:36:14] [INFO] Saving audio
[2025-11-11 10:36:14] [INFO] BIDS/sub-14/ses-01/audio/anonymized.wav
[2025-11-11 10:36:14] [INFO] Initializing VoicAnonymizer Pipeline;
[2025-11-11 10:36:14] [INFO] Loading audio file
[2025-11-11 10:36:14] [INFO] Anonymizing the audio
[2025-11-11 10:36:14] [INFO] Applying pitch shift
[2025-11-11 10:36:31] [INFO] Applying formant shift
[2025-11-11 10:37:31] [INFO] Saving audio
[2025-11-11 10:37:32] [INFO] BIDS/sub-15/ses-01/audio/anonymized.wav
[2025-11-11 10:37:32] [INFO] Initializing VoicAnonymizer Pipeline;
[2025-11-11 10:37:32] [INFO] Loading audio file
[2025-11-11 10:37:32] [INFO] Anonymizing the audio
[2025-11-11 10:37:32] [INFO] Applying pitch shift
[2025-11-11 10:37:44] [INFO] Applying formant shift
[2025-11-11 10:38:17] [INFO] Saving audio
[2025-11-11 10:38:17] [INFO] BIDS/sub-15/ses-02/audio/anonymized.wav
[2025-11-11 10:38:17] [INFO] Initializing VoicAnonymizer Pipeline;
[2025-11-11 10:38:17] [INFO] Loading audio file
[2025-11-11 10:38:17] [INFO] Anonymizing the audio
[2025-11-11 10:38:17] [INFO] Applying pitch shift
[2025-11-11 10:38:20] [INFO] Applying formant shift
[2025-11-11 10:38:29] [INFO] Saving audio
