[2025-11-20 20:45:16] [INFO] Initializing OvertCovertRestPipeline
[2025-11-20 20:45:16] [INFO] Initializing SpeechEEGDatasetLoader
[2025-11-20 20:45:16] [INFO] ************************************************************
[2025-11-20 20:45:16] [INFO] ********** Initalizing BIDSDatasetReader**********
[2025-11-20 20:45:16] [INFO] ************************************************************
[2025-11-20 20:45:16] [INFO] Loading Raw Data
[2025-11-20 20:45:23] [INFO] Setting refrence : ['FCz']
[2025-11-20 20:45:24] [INFO] Setting EEG Reference
[2025-11-20 20:45:24] [INFO] Precprcessing EEG
[2025-11-20 20:45:24] [INFO] Processed file present
[2025-11-20 20:45:25] [INFO] {'trial_mode': 'Real', 'trial_unit': 'Words', 'experiment_mode': 'Experiment', 'trial_boundary': 'Start', 'trial_type': 'Speech', 'modality': '', 'tmin': -0.2, 'tmax': 1.5}
[2025-11-20 20:45:26] [INFO] Initializing SpeechEEGDatasetLoader
[2025-11-20 20:45:26] [INFO] ************************************************************
[2025-11-20 20:45:26] [INFO] ********** Initalizing BIDSDatasetReader**********
[2025-11-20 20:45:26] [INFO] ************************************************************
[2025-11-20 20:45:26] [INFO] Loading Raw Data
[2025-11-20 20:45:33] [INFO] Setting refrence : ['FCz']
[2025-11-20 20:45:34] [INFO] Setting EEG Reference
[2025-11-20 20:45:34] [INFO] Precprcessing EEG
[2025-11-20 20:45:34] [INFO] Processed file present
[2025-11-20 20:45:35] [INFO] {'trial_mode': 'Silent', 'trial_unit': 'Words', 'experiment_mode': 'Experiment', 'trial_boundary': 'Start', 'trial_type': 'Speech', 'modality': '', 'tmin': -0.2, 'tmax': 1.5}
[2025-11-20 20:45:35] [INFO] Initializing SpeechEEGDatasetLoader
[2025-11-20 20:45:35] [INFO] ************************************************************
[2025-11-20 20:45:35] [INFO] ********** Initalizing BIDSDatasetReader**********
[2025-11-20 20:45:35] [INFO] ************************************************************
[2025-11-20 20:45:35] [INFO] Loading Raw Data
[2025-11-20 20:45:43] [INFO] Setting refrence : ['FCz']
[2025-11-20 20:45:44] [INFO] Setting EEG Reference
[2025-11-20 20:45:44] [INFO] Precprcessing EEG
[2025-11-20 20:45:44] [INFO] Processed file present
[2025-11-20 20:45:45] [INFO] {'trial_mode': '', 'trial_unit': 'Words', 'experiment_mode': 'Experiment', 'trial_boundary': 'Start', 'trial_type': 'Fixation', 'modality': '', 'tmin': -0.2, 'tmax': 1.5}
[2025-11-20 20:45:46] [INFO] Removing data imbalance using RandomOverSampler
[2025-11-20 20:45:46] [INFO] Normalizing X
[2025-11-20 20:45:47] [INFO] Data loaded and oversampled: 1530 samples, 64 channels, 1742 timepoints
[2025-11-20 20:47:20] [INFO] Epoch 1/50 - loss: 1.2070, val_loss: 0.8582, accuracy: 0.6193, val_accuracy:0.5915
[2025-11-20 20:47:20] [INFO] Epoch 2/50 - loss: 0.4208, val_loss: 0.7204, accuracy: 0.8546, val_accuracy:0.7255
[2025-11-20 20:47:20] [INFO] Epoch 3/50 - loss: 0.2392, val_loss: 0.4577, accuracy: 0.9232, val_accuracy:0.8072
[2025-11-20 20:47:20] [INFO] Epoch 4/50 - loss: 0.1359, val_loss: 0.6750, accuracy: 0.9502, val_accuracy:0.7386
[2025-11-20 20:47:20] [INFO] Epoch 5/50 - loss: 0.0710, val_loss: 1.5544, accuracy: 0.9739, val_accuracy:0.6046
[2025-11-20 20:47:20] [INFO] Epoch 6/50 - loss: 0.0612, val_loss: 2.8622, accuracy: 0.9788, val_accuracy:0.4575
[2025-11-20 20:47:20] [INFO] Epoch 7/50 - loss: 0.0442, val_loss: 4.4245, accuracy: 0.9902, val_accuracy:0.3922
[2025-11-20 20:47:20] [INFO] Epoch 8/50 - loss: 0.0219, val_loss: 5.9992, accuracy: 0.9926, val_accuracy:0.3464
[2025-11-20 20:47:20] [INFO] Training history saved to /home/owaismujtaba/projects/mind-voice/results/DecodingResults/sub-01_ses-01_overt_covert_rest_accuracy.csv
[2025-11-20 20:47:20] [INFO] Classification report saved to /home/owaismujtaba/projects/mind-voice/results/DecodingResults/sub-01_ses-01_classification_report.csv
[2025-11-20 20:47:20] [INFO] Confusion matrix saved to /home/owaismujtaba/projects/mind-voice/results/DecodingResults/sub-01_ses-01_confusion_matrix.csv
[2025-11-20 20:47:20] [INFO] Initializing OvertCovertRestPipeline
[2025-11-20 20:47:20] [INFO] Initializing SpeechEEGDatasetLoader
[2025-11-20 20:47:20] [INFO] ************************************************************
[2025-11-20 20:47:20] [INFO] ********** Initalizing BIDSDatasetReader**********
[2025-11-20 20:47:20] [INFO] ************************************************************
[2025-11-20 20:47:20] [INFO] Loading Raw Data
[2025-11-20 20:47:29] [INFO] Setting refrence : ['FCz']
[2025-11-20 20:47:29] [INFO] Setting EEG Reference
[2025-11-20 20:47:29] [INFO] Precprcessing EEG
[2025-11-20 20:47:29] [INFO] Processed file present
[2025-11-20 20:47:33] [INFO] {'trial_mode': 'Real', 'trial_unit': 'Words', 'experiment_mode': 'Experiment', 'trial_boundary': 'Start', 'trial_type': 'Speech', 'modality': '', 'tmin': -0.2, 'tmax': 1.5}
[2025-11-20 20:47:33] [INFO] Initializing SpeechEEGDatasetLoader
[2025-11-20 20:47:33] [INFO] ************************************************************
[2025-11-20 20:47:33] [INFO] ********** Initalizing BIDSDatasetReader**********
[2025-11-20 20:47:33] [INFO] ************************************************************
[2025-11-20 20:47:33] [INFO] Loading Raw Data
[2025-11-20 20:47:41] [INFO] Setting refrence : ['FCz']
[2025-11-20 20:47:42] [INFO] Setting EEG Reference
[2025-11-20 20:47:42] [INFO] Precprcessing EEG
[2025-11-20 20:47:42] [INFO] Processed file present
[2025-11-20 20:47:43] [INFO] {'trial_mode': 'Silent', 'trial_unit': 'Words', 'experiment_mode': 'Experiment', 'trial_boundary': 'Start', 'trial_type': 'Speech', 'modality': '', 'tmin': -0.2, 'tmax': 1.5}
[2025-11-20 20:47:44] [INFO] Initializing SpeechEEGDatasetLoader
[2025-11-20 20:47:44] [INFO] ************************************************************
[2025-11-20 20:47:44] [INFO] ********** Initalizing BIDSDatasetReader**********
[2025-11-20 20:47:44] [INFO] ************************************************************
[2025-11-20 20:47:44] [INFO] Loading Raw Data
[2025-11-20 20:47:51] [INFO] Setting refrence : ['FCz']
[2025-11-20 20:47:52] [INFO] Setting EEG Reference
[2025-11-20 20:47:52] [INFO] Precprcessing EEG
[2025-11-20 20:47:52] [INFO] Processed file present
[2025-11-20 20:47:53] [INFO] {'trial_mode': '', 'trial_unit': 'Words', 'experiment_mode': 'Experiment', 'trial_boundary': 'Start', 'trial_type': 'Fixation', 'modality': '', 'tmin': -0.2, 'tmax': 1.5}
[2025-11-20 20:47:54] [INFO] Removing data imbalance using RandomOverSampler
[2025-11-20 20:47:54] [INFO] Normalizing X
[2025-11-20 20:47:55] [INFO] Data loaded and oversampled: 1530 samples, 64 channels, 1742 timepoints
[2025-11-20 20:49:27] [INFO] Epoch 1/50 - loss: 2.1147, val_loss: 1.0530, accuracy: 0.4526, val_accuracy:0.4575
[2025-11-20 20:49:27] [INFO] Epoch 2/50 - loss: 0.6299, val_loss: 0.9535, accuracy: 0.7255, val_accuracy:0.6863
[2025-11-20 20:49:27] [INFO] Epoch 3/50 - loss: 0.3625, val_loss: 0.8069, accuracy: 0.8627, val_accuracy:0.6405
[2025-11-20 20:49:27] [INFO] Epoch 4/50 - loss: 0.2359, val_loss: 1.9586, accuracy: 0.9191, val_accuracy:0.4967
[2025-11-20 20:49:27] [INFO] Epoch 5/50 - loss: 0.1964, val_loss: 3.8408, accuracy: 0.9224, val_accuracy:0.5098
[2025-11-20 20:49:27] [INFO] Epoch 6/50 - loss: 0.1526, val_loss: 5.5053, accuracy: 0.9412, val_accuracy:0.4902
[2025-11-20 20:49:27] [INFO] Epoch 7/50 - loss: 0.1046, val_loss: 6.8644, accuracy: 0.9641, val_accuracy:0.4804
[2025-11-20 20:49:27] [INFO] Epoch 8/50 - loss: 0.0913, val_loss: 8.0180, accuracy: 0.9681, val_accuracy:0.4739
[2025-11-20 20:49:27] [INFO] Training history saved to /home/owaismujtaba/projects/mind-voice/results/DecodingResults/sub-02_ses-01_overt_covert_rest_accuracy.csv
[2025-11-20 20:49:27] [INFO] Classification report saved to /home/owaismujtaba/projects/mind-voice/results/DecodingResults/sub-02_ses-01_classification_report.csv
[2025-11-20 20:49:27] [INFO] Confusion matrix saved to /home/owaismujtaba/projects/mind-voice/results/DecodingResults/sub-02_ses-01_confusion_matrix.csv
[2025-11-20 20:49:27] [INFO] Initializing OvertCovertRestPipeline
[2025-11-20 20:49:27] [INFO] Initializing SpeechEEGDatasetLoader
[2025-11-20 20:49:27] [INFO] ************************************************************
[2025-11-20 20:49:27] [INFO] ********** Initalizing BIDSDatasetReader**********
[2025-11-20 20:49:27] [INFO] ************************************************************
[2025-11-20 20:49:27] [INFO] Loading Raw Data
[2025-11-20 20:49:35] [INFO] Setting refrence : ['FCz']
[2025-11-20 20:49:36] [INFO] Setting EEG Reference
[2025-11-20 20:49:36] [INFO] Precprcessing EEG
[2025-11-20 20:49:36] [INFO] Processed file present
[2025-11-20 20:49:39] [INFO] {'trial_mode': 'Real', 'trial_unit': 'Words', 'experiment_mode': 'Experiment', 'trial_boundary': 'Start', 'trial_type': 'Speech', 'modality': '', 'tmin': -0.2, 'tmax': 1.5}
[2025-11-20 20:49:39] [INFO] Initializing SpeechEEGDatasetLoader
[2025-11-20 20:49:39] [INFO] ************************************************************
[2025-11-20 20:49:39] [INFO] ********** Initalizing BIDSDatasetReader**********
[2025-11-20 20:49:39] [INFO] ************************************************************
[2025-11-20 20:49:39] [INFO] Loading Raw Data
[2025-11-20 20:49:46] [INFO] Setting refrence : ['FCz']
[2025-11-20 20:49:47] [INFO] Setting EEG Reference
[2025-11-20 20:49:47] [INFO] Precprcessing EEG
[2025-11-20 20:49:47] [INFO] Processed file present
[2025-11-20 20:49:48] [INFO] {'trial_mode': 'Silent', 'trial_unit': 'Words', 'experiment_mode': 'Experiment', 'trial_boundary': 'Start', 'trial_type': 'Speech', 'modality': '', 'tmin': -0.2, 'tmax': 1.5}
[2025-11-20 20:49:49] [INFO] Initializing SpeechEEGDatasetLoader
[2025-11-20 20:49:49] [INFO] ************************************************************
[2025-11-20 20:49:49] [INFO] ********** Initalizing BIDSDatasetReader**********
[2025-11-20 20:49:49] [INFO] ************************************************************
[2025-11-20 20:49:49] [INFO] Loading Raw Data
[2025-11-20 20:49:56] [INFO] Setting refrence : ['FCz']
[2025-11-20 20:49:57] [INFO] Setting EEG Reference
[2025-11-20 20:49:57] [INFO] Precprcessing EEG
[2025-11-20 20:49:57] [INFO] Processed file present
[2025-11-20 20:49:58] [INFO] {'trial_mode': '', 'trial_unit': 'Words', 'experiment_mode': 'Experiment', 'trial_boundary': 'Start', 'trial_type': 'Fixation', 'modality': '', 'tmin': -0.2, 'tmax': 1.5}
[2025-11-20 20:49:59] [INFO] Removing data imbalance using RandomOverSampler
[2025-11-20 20:49:59] [INFO] Normalizing X
[2025-11-20 20:50:00] [INFO] Data loaded and oversampled: 1530 samples, 64 channels, 1742 timepoints
[2025-11-20 20:51:32] [INFO] Epoch 1/50 - loss: 1.3194, val_loss: 0.9855, accuracy: 0.6193, val_accuracy:0.4804
[2025-11-20 20:51:32] [INFO] Epoch 2/50 - loss: 0.3798, val_loss: 0.8202, accuracy: 0.8619, val_accuracy:0.7484
[2025-11-20 20:51:32] [INFO] Epoch 3/50 - loss: 0.1334, val_loss: 0.5904, accuracy: 0.9461, val_accuracy:0.8072
[2025-11-20 20:51:32] [INFO] Epoch 4/50 - loss: 0.0598, val_loss: 0.8900, accuracy: 0.9796, val_accuracy:0.6307
[2025-11-20 20:51:32] [INFO] Epoch 5/50 - loss: 0.0470, val_loss: 1.8426, accuracy: 0.9837, val_accuracy:0.4542
[2025-11-20 20:51:32] [INFO] Epoch 6/50 - loss: 0.0294, val_loss: 3.0296, accuracy: 0.9918, val_accuracy:0.3824
[2025-11-20 20:51:32] [INFO] Epoch 7/50 - loss: 0.0185, val_loss: 4.2016, accuracy: 0.9935, val_accuracy:0.3366
[2025-11-20 20:51:32] [INFO] Epoch 8/50 - loss: 0.0236, val_loss: 5.1701, accuracy: 0.9910, val_accuracy:0.3366
[2025-11-20 20:51:32] [INFO] Training history saved to /home/owaismujtaba/projects/mind-voice/results/DecodingResults/sub-03_ses-01_overt_covert_rest_accuracy.csv
[2025-11-20 20:51:32] [INFO] Classification report saved to /home/owaismujtaba/projects/mind-voice/results/DecodingResults/sub-03_ses-01_classification_report.csv
[2025-11-20 20:51:32] [INFO] Confusion matrix saved to /home/owaismujtaba/projects/mind-voice/results/DecodingResults/sub-03_ses-01_confusion_matrix.csv
[2025-11-20 20:51:32] [INFO] Initializing OvertCovertRestPipeline
[2025-11-20 20:51:32] [INFO] Initializing SpeechEEGDatasetLoader
[2025-11-20 20:51:32] [INFO] ************************************************************
[2025-11-20 20:51:32] [INFO] ********** Initalizing BIDSDatasetReader**********
[2025-11-20 20:51:32] [INFO] ************************************************************
[2025-11-20 20:51:32] [INFO] Loading Raw Data
[2025-11-20 20:51:40] [INFO] Setting refrence : ['FCz']
[2025-11-20 20:51:41] [INFO] Setting EEG Reference
[2025-11-20 20:51:41] [INFO] Precprcessing EEG
[2025-11-20 20:51:41] [INFO] Processed file present
[2025-11-20 20:51:45] [INFO] {'trial_mode': 'Real', 'trial_unit': 'Words', 'experiment_mode': 'Experiment', 'trial_boundary': 'Start', 'trial_type': 'Speech', 'modality': '', 'tmin': -0.2, 'tmax': 1.5}
[2025-11-20 20:51:45] [INFO] Initializing SpeechEEGDatasetLoader
[2025-11-20 20:51:45] [INFO] ************************************************************
[2025-11-20 20:51:45] [INFO] ********** Initalizing BIDSDatasetReader**********
[2025-11-20 20:51:45] [INFO] ************************************************************
[2025-11-20 20:51:45] [INFO] Loading Raw Data
[2025-11-20 20:51:53] [INFO] Setting refrence : ['FCz']
[2025-11-20 20:51:54] [INFO] Setting EEG Reference
[2025-11-20 20:51:54] [INFO] Precprcessing EEG
[2025-11-20 20:51:54] [INFO] Processed file present
[2025-11-20 20:51:55] [INFO] {'trial_mode': 'Silent', 'trial_unit': 'Words', 'experiment_mode': 'Experiment', 'trial_boundary': 'Start', 'trial_type': 'Speech', 'modality': '', 'tmin': -0.2, 'tmax': 1.5}
[2025-11-20 20:51:56] [INFO] Initializing SpeechEEGDatasetLoader
[2025-11-20 20:51:56] [INFO] ************************************************************
[2025-11-20 20:51:56] [INFO] ********** Initalizing BIDSDatasetReader**********
[2025-11-20 20:51:56] [INFO] ************************************************************
[2025-11-20 20:51:56] [INFO] Loading Raw Data
[2025-11-20 20:52:03] [INFO] Setting refrence : ['FCz']
[2025-11-20 20:52:04] [INFO] Setting EEG Reference
[2025-11-20 20:52:04] [INFO] Precprcessing EEG
[2025-11-20 20:52:04] [INFO] Processed file present
[2025-11-20 20:52:05] [INFO] {'trial_mode': '', 'trial_unit': 'Words', 'experiment_mode': 'Experiment', 'trial_boundary': 'Start', 'trial_type': 'Fixation', 'modality': '', 'tmin': -0.2, 'tmax': 1.5}
[2025-11-20 20:52:06] [INFO] Removing data imbalance using RandomOverSampler
[2025-11-20 20:52:06] [INFO] Normalizing X
[2025-11-20 20:52:07] [INFO] Data loaded and oversampled: 1530 samples, 64 channels, 1742 timepoints
[2025-11-20 20:53:39] [INFO] Epoch 1/50 - loss: 1.0720, val_loss: 0.8998, accuracy: 0.6977, val_accuracy:0.5359
[2025-11-20 20:53:39] [INFO] Epoch 2/50 - loss: 0.2015, val_loss: 0.8052, accuracy: 0.9183, val_accuracy:0.6471
[2025-11-20 20:53:39] [INFO] Epoch 3/50 - loss: 0.1172, val_loss: 0.6877, accuracy: 0.9600, val_accuracy:0.6863
[2025-11-20 20:53:39] [INFO] Epoch 4/50 - loss: 0.0595, val_loss: 0.7490, accuracy: 0.9812, val_accuracy:0.6863
[2025-11-20 20:53:39] [INFO] Epoch 5/50 - loss: 0.0347, val_loss: 1.1138, accuracy: 0.9869, val_accuracy:0.5784
[2025-11-20 20:53:39] [INFO] Epoch 6/50 - loss: 0.0206, val_loss: 1.5504, accuracy: 0.9943, val_accuracy:0.5196
[2025-11-20 20:53:39] [INFO] Epoch 7/50 - loss: 0.0097, val_loss: 2.1075, accuracy: 0.9992, val_accuracy:0.4837
[2025-11-20 20:53:39] [INFO] Epoch 8/50 - loss: 0.0107, val_loss: 2.5416, accuracy: 0.9959, val_accuracy:0.4575
[2025-11-20 20:53:39] [INFO] Training history saved to /home/owaismujtaba/projects/mind-voice/results/DecodingResults/sub-04_ses-01_overt_covert_rest_accuracy.csv
[2025-11-20 20:53:39] [INFO] Classification report saved to /home/owaismujtaba/projects/mind-voice/results/DecodingResults/sub-04_ses-01_classification_report.csv
[2025-11-20 20:53:39] [INFO] Confusion matrix saved to /home/owaismujtaba/projects/mind-voice/results/DecodingResults/sub-04_ses-01_confusion_matrix.csv
[2025-11-20 20:53:39] [INFO] Initializing OvertCovertRestPipeline
[2025-11-20 20:53:39] [INFO] Initializing SpeechEEGDatasetLoader
[2025-11-20 20:53:39] [INFO] ************************************************************
[2025-11-20 20:53:39] [INFO] ********** Initalizing BIDSDatasetReader**********
[2025-11-20 20:53:39] [INFO] ************************************************************
[2025-11-20 20:53:39] [INFO] Loading Raw Data
[2025-11-20 20:53:47] [INFO] Setting refrence : ['FCz']
[2025-11-20 20:53:47] [INFO] Setting EEG Reference
[2025-11-20 20:53:47] [INFO] Precprcessing EEG
[2025-11-20 20:53:47] [INFO] Processed file present
[2025-11-20 20:53:50] [INFO] {'trial_mode': 'Real', 'trial_unit': 'Words', 'experiment_mode': 'Experiment', 'trial_boundary': 'Start', 'trial_type': 'Speech', 'modality': '', 'tmin': -0.2, 'tmax': 1.5}
[2025-11-20 20:53:51] [INFO] Initializing SpeechEEGDatasetLoader
[2025-11-20 20:53:51] [INFO] ************************************************************
[2025-11-20 20:53:51] [INFO] ********** Initalizing BIDSDatasetReader**********
[2025-11-20 20:53:51] [INFO] ************************************************************
[2025-11-20 20:53:51] [INFO] Loading Raw Data
[2025-11-20 20:53:58] [INFO] Setting refrence : ['FCz']
[2025-11-20 20:53:59] [INFO] Setting EEG Reference
[2025-11-20 20:53:59] [INFO] Precprcessing EEG
[2025-11-20 20:53:59] [INFO] Processed file present
[2025-11-20 20:54:00] [INFO] {'trial_mode': 'Silent', 'trial_unit': 'Words', 'experiment_mode': 'Experiment', 'trial_boundary': 'Start', 'trial_type': 'Speech', 'modality': '', 'tmin': -0.2, 'tmax': 1.5}
[2025-11-20 20:54:00] [INFO] Initializing SpeechEEGDatasetLoader
[2025-11-20 20:54:00] [INFO] ************************************************************
[2025-11-20 20:54:00] [INFO] ********** Initalizing BIDSDatasetReader**********
[2025-11-20 20:54:00] [INFO] ************************************************************
[2025-11-20 20:54:00] [INFO] Loading Raw Data
[2025-11-20 20:54:07] [INFO] Setting refrence : ['FCz']
[2025-11-20 20:54:08] [INFO] Setting EEG Reference
[2025-11-20 20:54:08] [INFO] Precprcessing EEG
[2025-11-20 20:54:08] [INFO] Processed file present
[2025-11-20 20:54:09] [INFO] {'trial_mode': '', 'trial_unit': 'Words', 'experiment_mode': 'Experiment', 'trial_boundary': 'Start', 'trial_type': 'Fixation', 'modality': '', 'tmin': -0.2, 'tmax': 1.5}
[2025-11-20 20:54:10] [INFO] Removing data imbalance using RandomOverSampler
[2025-11-20 20:54:10] [INFO] Normalizing X
[2025-11-20 20:54:11] [INFO] Data loaded and oversampled: 1530 samples, 64 channels, 1701 timepoints
[2025-11-20 20:55:41] [INFO] Epoch 1/50 - loss: 1.3862, val_loss: 0.9364, accuracy: 0.6454, val_accuracy:0.5817
[2025-11-20 20:55:41] [INFO] Epoch 2/50 - loss: 0.5517, val_loss: 0.8206, accuracy: 0.8219, val_accuracy:0.6961
[2025-11-20 20:55:41] [INFO] Epoch 3/50 - loss: 0.2892, val_loss: 0.8095, accuracy: 0.9150, val_accuracy:0.6438
[2025-11-20 20:55:41] [INFO] Epoch 4/50 - loss: 0.1644, val_loss: 0.9201, accuracy: 0.9453, val_accuracy:0.6144
[2025-11-20 20:55:41] [INFO] Epoch 5/50 - loss: 0.0739, val_loss: 1.2954, accuracy: 0.9747, val_accuracy:0.6046
[2025-11-20 20:55:41] [INFO] Epoch 6/50 - loss: 0.0611, val_loss: 1.7748, accuracy: 0.9763, val_accuracy:0.5882
[2025-11-20 20:55:41] [INFO] Epoch 7/50 - loss: 0.0537, val_loss: 2.1851, accuracy: 0.9812, val_accuracy:0.5654
[2025-11-20 20:55:41] [INFO] Epoch 8/50 - loss: 0.0327, val_loss: 2.6383, accuracy: 0.9877, val_accuracy:0.5458
[2025-11-20 20:55:41] [INFO] Training history saved to /home/owaismujtaba/projects/mind-voice/results/DecodingResults/sub-04_ses-02_overt_covert_rest_accuracy.csv
[2025-11-20 20:55:41] [INFO] Classification report saved to /home/owaismujtaba/projects/mind-voice/results/DecodingResults/sub-04_ses-02_classification_report.csv
[2025-11-20 20:55:41] [INFO] Confusion matrix saved to /home/owaismujtaba/projects/mind-voice/results/DecodingResults/sub-04_ses-02_confusion_matrix.csv
[2025-11-20 20:55:41] [INFO] Initializing OvertCovertRestPipeline
[2025-11-20 20:55:41] [INFO] Initializing SpeechEEGDatasetLoader
[2025-11-20 20:55:41] [INFO] ************************************************************
[2025-11-20 20:55:41] [INFO] ********** Initalizing BIDSDatasetReader**********
[2025-11-20 20:55:41] [INFO] ************************************************************
[2025-11-20 20:55:41] [INFO] Loading Raw Data
[2025-11-20 20:55:48] [INFO] Setting refrence : ['FCz']
[2025-11-20 20:55:49] [INFO] Setting EEG Reference
[2025-11-20 20:55:49] [INFO] Precprcessing EEG
[2025-11-20 20:55:49] [INFO] Processed file present
[2025-11-20 20:55:52] [INFO] {'trial_mode': 'Real', 'trial_unit': 'Words', 'experiment_mode': 'Experiment', 'trial_boundary': 'Start', 'trial_type': 'Speech', 'modality': '', 'tmin': -0.2, 'tmax': 1.5}
[2025-11-20 20:55:52] [INFO] Initializing SpeechEEGDatasetLoader
[2025-11-20 20:55:52] [INFO] ************************************************************
[2025-11-20 20:55:52] [INFO] ********** Initalizing BIDSDatasetReader**********
[2025-11-20 20:55:52] [INFO] ************************************************************
[2025-11-20 20:55:52] [INFO] Loading Raw Data
[2025-11-20 20:56:00] [INFO] Setting refrence : ['FCz']
[2025-11-20 20:56:00] [INFO] Setting EEG Reference
[2025-11-20 20:56:00] [INFO] Precprcessing EEG
[2025-11-20 20:56:00] [INFO] Processed file present
[2025-11-20 20:56:02] [INFO] {'trial_mode': 'Silent', 'trial_unit': 'Words', 'experiment_mode': 'Experiment', 'trial_boundary': 'Start', 'trial_type': 'Speech', 'modality': '', 'tmin': -0.2, 'tmax': 1.5}
[2025-11-20 20:56:02] [INFO] Initializing SpeechEEGDatasetLoader
[2025-11-20 20:56:02] [INFO] ************************************************************
[2025-11-20 20:56:02] [INFO] ********** Initalizing BIDSDatasetReader**********
[2025-11-20 20:56:02] [INFO] ************************************************************
[2025-11-20 20:56:02] [INFO] Loading Raw Data
[2025-11-20 20:56:09] [INFO] Setting refrence : ['FCz']
[2025-11-20 20:56:10] [INFO] Setting EEG Reference
[2025-11-20 20:56:10] [INFO] Precprcessing EEG
[2025-11-20 20:56:10] [INFO] Processed file present
[2025-11-20 20:56:11] [INFO] {'trial_mode': '', 'trial_unit': 'Words', 'experiment_mode': 'Experiment', 'trial_boundary': 'Start', 'trial_type': 'Fixation', 'modality': '', 'tmin': -0.2, 'tmax': 1.5}
[2025-11-20 20:56:12] [INFO] Removing data imbalance using RandomOverSampler
[2025-11-20 20:56:12] [INFO] Normalizing X
[2025-11-20 20:56:13] [INFO] Data loaded and oversampled: 1530 samples, 64 channels, 1742 timepoints
[2025-11-20 20:57:45] [INFO] Epoch 1/50 - loss: 1.1573, val_loss: 0.9414, accuracy: 0.6560, val_accuracy:0.5327
[2025-11-20 20:57:45] [INFO] Epoch 2/50 - loss: 0.3100, val_loss: 0.8001, accuracy: 0.8807, val_accuracy:0.6111
[2025-11-20 20:57:45] [INFO] Epoch 3/50 - loss: 0.1486, val_loss: 0.6910, accuracy: 0.9355, val_accuracy:0.6928
[2025-11-20 20:57:45] [INFO] Epoch 4/50 - loss: 0.1024, val_loss: 1.1890, accuracy: 0.9641, val_accuracy:0.5948
[2025-11-20 20:57:45] [INFO] Epoch 5/50 - loss: 0.0647, val_loss: 2.7591, accuracy: 0.9804, val_accuracy:0.4444
[2025-11-20 20:57:45] [INFO] Epoch 6/50 - loss: 0.0354, val_loss: 4.9611, accuracy: 0.9877, val_accuracy:0.3529
[2025-11-20 20:57:45] [INFO] Epoch 7/50 - loss: 0.0222, val_loss: 6.7319, accuracy: 0.9951, val_accuracy:0.3399
[2025-11-20 20:57:45] [INFO] Epoch 8/50 - loss: 0.0201, val_loss: 8.1202, accuracy: 0.9951, val_accuracy:0.3333
[2025-11-20 20:57:45] [INFO] Training history saved to /home/owaismujtaba/projects/mind-voice/results/DecodingResults/sub-05_ses-01_overt_covert_rest_accuracy.csv
[2025-11-20 20:57:45] [INFO] Classification report saved to /home/owaismujtaba/projects/mind-voice/results/DecodingResults/sub-05_ses-01_classification_report.csv
[2025-11-20 20:57:45] [INFO] Confusion matrix saved to /home/owaismujtaba/projects/mind-voice/results/DecodingResults/sub-05_ses-01_confusion_matrix.csv
[2025-11-20 20:57:45] [INFO] Initializing OvertCovertRestPipeline
[2025-11-20 20:57:45] [INFO] Initializing SpeechEEGDatasetLoader
[2025-11-20 20:57:45] [INFO] ************************************************************
[2025-11-20 20:57:45] [INFO] ********** Initalizing BIDSDatasetReader**********
[2025-11-20 20:57:45] [INFO] ************************************************************
[2025-11-20 20:57:45] [INFO] Loading Raw Data
[2025-11-20 20:57:52] [INFO] Setting refrence : ['FCz']
[2025-11-20 20:57:53] [INFO] Setting EEG Reference
[2025-11-20 20:57:53] [INFO] Precprcessing EEG
[2025-11-20 20:57:53] [INFO] Processed file present
[2025-11-20 20:57:56] [INFO] {'trial_mode': 'Real', 'trial_unit': 'Words', 'experiment_mode': 'Experiment', 'trial_boundary': 'Start', 'trial_type': 'Speech', 'modality': '', 'tmin': -0.2, 'tmax': 1.5}
[2025-11-20 20:57:56] [INFO] Initializing SpeechEEGDatasetLoader
[2025-11-20 20:57:56] [INFO] ************************************************************
[2025-11-20 20:57:56] [INFO] ********** Initalizing BIDSDatasetReader**********
[2025-11-20 20:57:56] [INFO] ************************************************************
[2025-11-20 20:57:56] [INFO] Loading Raw Data
[2025-11-20 20:58:03] [INFO] Setting refrence : ['FCz']
[2025-11-20 20:58:04] [INFO] Setting EEG Reference
[2025-11-20 20:58:04] [INFO] Precprcessing EEG
[2025-11-20 20:58:04] [INFO] Processed file present
[2025-11-20 20:58:05] [INFO] {'trial_mode': 'Silent', 'trial_unit': 'Words', 'experiment_mode': 'Experiment', 'trial_boundary': 'Start', 'trial_type': 'Speech', 'modality': '', 'tmin': -0.2, 'tmax': 1.5}
[2025-11-20 20:58:05] [INFO] Initializing SpeechEEGDatasetLoader
[2025-11-20 20:58:05] [INFO] ************************************************************
[2025-11-20 20:58:05] [INFO] ********** Initalizing BIDSDatasetReader**********
[2025-11-20 20:58:05] [INFO] ************************************************************
[2025-11-20 20:58:05] [INFO] Loading Raw Data
[2025-11-20 20:58:12] [INFO] Setting refrence : ['FCz']
[2025-11-20 20:58:13] [INFO] Setting EEG Reference
[2025-11-20 20:58:13] [INFO] Precprcessing EEG
[2025-11-20 20:58:13] [INFO] Processed file present
[2025-11-20 20:58:14] [INFO] {'trial_mode': '', 'trial_unit': 'Words', 'experiment_mode': 'Experiment', 'trial_boundary': 'Start', 'trial_type': 'Fixation', 'modality': '', 'tmin': -0.2, 'tmax': 1.5}
[2025-11-20 20:58:15] [INFO] Removing data imbalance using RandomOverSampler
[2025-11-20 20:58:15] [INFO] Normalizing X
[2025-11-20 20:58:16] [INFO] Data loaded and oversampled: 1530 samples, 64 channels, 1701 timepoints
[2025-11-20 20:59:35] [INFO] Epoch 1/50 - loss: 1.4765, val_loss: 1.0373, accuracy: 0.5989, val_accuracy:0.4444
[2025-11-20 20:59:35] [INFO] Epoch 2/50 - loss: 0.6040, val_loss: 0.7886, accuracy: 0.8113, val_accuracy:0.6536
[2025-11-20 20:59:35] [INFO] Epoch 3/50 - loss: 0.2751, val_loss: 0.8731, accuracy: 0.9167, val_accuracy:0.5915
[2025-11-20 20:59:35] [INFO] Epoch 4/50 - loss: 0.1280, val_loss: 1.9625, accuracy: 0.9551, val_accuracy:0.4477
[2025-11-20 20:59:35] [INFO] Epoch 5/50 - loss: 0.0943, val_loss: 3.3506, accuracy: 0.9698, val_accuracy:0.4183
[2025-11-20 20:59:35] [INFO] Epoch 6/50 - loss: 0.0582, val_loss: 4.4332, accuracy: 0.9804, val_accuracy:0.4052
[2025-11-20 20:59:35] [INFO] Epoch 7/50 - loss: 0.0354, val_loss: 5.2416, accuracy: 0.9886, val_accuracy:0.4052
[2025-11-20 20:59:35] [INFO] Training history saved to /home/owaismujtaba/projects/mind-voice/results/DecodingResults/sub-05_ses-02_overt_covert_rest_accuracy.csv
[2025-11-20 20:59:35] [INFO] Classification report saved to /home/owaismujtaba/projects/mind-voice/results/DecodingResults/sub-05_ses-02_classification_report.csv
[2025-11-20 20:59:35] [INFO] Confusion matrix saved to /home/owaismujtaba/projects/mind-voice/results/DecodingResults/sub-05_ses-02_confusion_matrix.csv
[2025-11-20 20:59:35] [INFO] Initializing OvertCovertRestPipeline
[2025-11-20 20:59:35] [INFO] Initializing SpeechEEGDatasetLoader
[2025-11-20 20:59:35] [INFO] ************************************************************
[2025-11-20 20:59:35] [INFO] ********** Initalizing BIDSDatasetReader**********
[2025-11-20 20:59:35] [INFO] ************************************************************
[2025-11-20 20:59:35] [INFO] Loading Raw Data
[2025-11-20 20:59:43] [INFO] Setting refrence : ['FCz']
[2025-11-20 20:59:43] [INFO] Setting EEG Reference
[2025-11-20 20:59:43] [INFO] Precprcessing EEG
[2025-11-20 20:59:43] [INFO] Processed file present
[2025-11-20 20:59:47] [INFO] {'trial_mode': 'Real', 'trial_unit': 'Words', 'experiment_mode': 'Experiment', 'trial_boundary': 'Start', 'trial_type': 'Speech', 'modality': '', 'tmin': -0.2, 'tmax': 1.5}
[2025-11-20 20:59:47] [INFO] Initializing SpeechEEGDatasetLoader
[2025-11-20 20:59:47] [INFO] ************************************************************
[2025-11-20 20:59:47] [INFO] ********** Initalizing BIDSDatasetReader**********
[2025-11-20 20:59:47] [INFO] ************************************************************
[2025-11-20 20:59:47] [INFO] Loading Raw Data
[2025-11-20 20:59:55] [INFO] Setting refrence : ['FCz']
[2025-11-20 20:59:56] [INFO] Setting EEG Reference
[2025-11-20 20:59:56] [INFO] Precprcessing EEG
[2025-11-20 20:59:56] [INFO] Processed file present
[2025-11-20 20:59:57] [INFO] {'trial_mode': 'Silent', 'trial_unit': 'Words', 'experiment_mode': 'Experiment', 'trial_boundary': 'Start', 'trial_type': 'Speech', 'modality': '', 'tmin': -0.2, 'tmax': 1.5}
[2025-11-20 20:59:57] [INFO] Initializing SpeechEEGDatasetLoader
[2025-11-20 20:59:57] [INFO] ************************************************************
[2025-11-20 20:59:57] [INFO] ********** Initalizing BIDSDatasetReader**********
[2025-11-20 20:59:57] [INFO] ************************************************************
[2025-11-20 20:59:57] [INFO] Loading Raw Data
[2025-11-20 21:00:05] [INFO] Setting refrence : ['FCz']
[2025-11-20 21:00:06] [INFO] Setting EEG Reference
[2025-11-20 21:00:06] [INFO] Precprcessing EEG
[2025-11-20 21:00:06] [INFO] Processed file present
[2025-11-20 21:00:07] [INFO] {'trial_mode': '', 'trial_unit': 'Words', 'experiment_mode': 'Experiment', 'trial_boundary': 'Start', 'trial_type': 'Fixation', 'modality': '', 'tmin': -0.2, 'tmax': 1.5}
[2025-11-20 21:00:08] [INFO] Removing data imbalance using RandomOverSampler
[2025-11-20 21:00:08] [INFO] Normalizing X
[2025-11-20 21:00:09] [INFO] Data loaded and oversampled: 1530 samples, 64 channels, 1742 timepoints
[2025-11-20 21:01:52] [INFO] Epoch 1/50 - loss: 1.8530, val_loss: 1.0088, accuracy: 0.5033, val_accuracy:0.4967
[2025-11-20 21:01:52] [INFO] Epoch 2/50 - loss: 0.5557, val_loss: 0.9570, accuracy: 0.8088, val_accuracy:0.5850
[2025-11-20 21:01:52] [INFO] Epoch 3/50 - loss: 0.2672, val_loss: 0.8288, accuracy: 0.9118, val_accuracy:0.6503
[2025-11-20 21:01:52] [INFO] Epoch 4/50 - loss: 0.1315, val_loss: 0.8181, accuracy: 0.9575, val_accuracy:0.6111
[2025-11-20 21:01:52] [INFO] Epoch 5/50 - loss: 0.0755, val_loss: 1.0916, accuracy: 0.9779, val_accuracy:0.5850
[2025-11-20 21:01:52] [INFO] Epoch 6/50 - loss: 0.0475, val_loss: 1.5051, accuracy: 0.9861, val_accuracy:0.5719
[2025-11-20 21:01:52] [INFO] Epoch 7/50 - loss: 0.0333, val_loss: 1.9596, accuracy: 0.9861, val_accuracy:0.5556
[2025-11-20 21:01:52] [INFO] Epoch 8/50 - loss: 0.0370, val_loss: 2.4224, accuracy: 0.9861, val_accuracy:0.5523
[2025-11-20 21:01:52] [INFO] Epoch 9/50 - loss: 0.0298, val_loss: 2.8229, accuracy: 0.9918, val_accuracy:0.5621
[2025-11-20 21:01:52] [INFO] Training history saved to /home/owaismujtaba/projects/mind-voice/results/DecodingResults/sub-06_ses-01_overt_covert_rest_accuracy.csv
[2025-11-20 21:01:52] [INFO] Classification report saved to /home/owaismujtaba/projects/mind-voice/results/DecodingResults/sub-06_ses-01_classification_report.csv
[2025-11-20 21:01:52] [INFO] Confusion matrix saved to /home/owaismujtaba/projects/mind-voice/results/DecodingResults/sub-06_ses-01_confusion_matrix.csv
[2025-11-20 21:01:52] [INFO] Initializing OvertCovertRestPipeline
[2025-11-20 21:01:52] [INFO] Initializing SpeechEEGDatasetLoader
[2025-11-20 21:01:52] [INFO] ************************************************************
[2025-11-20 21:01:52] [INFO] ********** Initalizing BIDSDatasetReader**********
[2025-11-20 21:01:52] [INFO] ************************************************************
[2025-11-20 21:01:52] [INFO] Loading Raw Data
[2025-11-20 21:02:00] [INFO] Setting refrence : ['FCz']
[2025-11-20 21:02:00] [INFO] Setting EEG Reference
[2025-11-20 21:02:00] [INFO] Precprcessing EEG
[2025-11-20 21:02:00] [INFO] Processed file present
[2025-11-20 21:02:03] [INFO] {'trial_mode': 'Real', 'trial_unit': 'Words', 'experiment_mode': 'Experiment', 'trial_boundary': 'Start', 'trial_type': 'Speech', 'modality': '', 'tmin': -0.2, 'tmax': 1.5}
[2025-11-20 21:02:03] [INFO] Initializing SpeechEEGDatasetLoader
[2025-11-20 21:02:03] [INFO] ************************************************************
[2025-11-20 21:02:03] [INFO] ********** Initalizing BIDSDatasetReader**********
[2025-11-20 21:02:03] [INFO] ************************************************************
[2025-11-20 21:02:03] [INFO] Loading Raw Data
[2025-11-20 21:02:10] [INFO] Setting refrence : ['FCz']
[2025-11-20 21:02:11] [INFO] Setting EEG Reference
[2025-11-20 21:02:11] [INFO] Precprcessing EEG
[2025-11-20 21:02:11] [INFO] Processed file present
[2025-11-20 21:02:12] [INFO] {'trial_mode': 'Silent', 'trial_unit': 'Words', 'experiment_mode': 'Experiment', 'trial_boundary': 'Start', 'trial_type': 'Speech', 'modality': '', 'tmin': -0.2, 'tmax': 1.5}
[2025-11-20 21:02:13] [INFO] Initializing SpeechEEGDatasetLoader
[2025-11-20 21:02:13] [INFO] ************************************************************
[2025-11-20 21:02:13] [INFO] ********** Initalizing BIDSDatasetReader**********
[2025-11-20 21:02:13] [INFO] ************************************************************
[2025-11-20 21:02:13] [INFO] Loading Raw Data
[2025-11-20 21:02:20] [INFO] Setting refrence : ['FCz']
[2025-11-20 21:02:21] [INFO] Setting EEG Reference
[2025-11-20 21:02:21] [INFO] Precprcessing EEG
[2025-11-20 21:02:21] [INFO] Processed file present
[2025-11-20 21:02:22] [INFO] {'trial_mode': '', 'trial_unit': 'Words', 'experiment_mode': 'Experiment', 'trial_boundary': 'Start', 'trial_type': 'Fixation', 'modality': '', 'tmin': -0.2, 'tmax': 1.5}
[2025-11-20 21:02:22] [INFO] Removing data imbalance using RandomOverSampler
[2025-11-20 21:02:23] [INFO] Normalizing X
[2025-11-20 21:02:23] [INFO] Data loaded and oversampled: 1530 samples, 64 channels, 1701 timepoints
[2025-11-20 21:03:53] [INFO] Epoch 1/50 - loss: 1.6807, val_loss: 0.9702, accuracy: 0.5507, val_accuracy:0.5196
[2025-11-20 21:03:53] [INFO] Epoch 2/50 - loss: 0.6209, val_loss: 0.8160, accuracy: 0.8088, val_accuracy:0.7222
[2025-11-20 21:03:53] [INFO] Epoch 3/50 - loss: 0.3321, val_loss: 0.7147, accuracy: 0.8832, val_accuracy:0.6993
[2025-11-20 21:03:53] [INFO] Epoch 4/50 - loss: 0.1538, val_loss: 0.7874, accuracy: 0.9510, val_accuracy:0.6732
[2025-11-20 21:03:53] [INFO] Epoch 5/50 - loss: 0.0683, val_loss: 1.0960, accuracy: 0.9763, val_accuracy:0.6503
[2025-11-20 21:03:53] [INFO] Epoch 6/50 - loss: 0.0535, val_loss: 1.4624, accuracy: 0.9845, val_accuracy:0.6209
[2025-11-20 21:03:53] [INFO] Epoch 7/50 - loss: 0.0365, val_loss: 1.8583, accuracy: 0.9845, val_accuracy:0.6111
[2025-11-20 21:03:53] [INFO] Epoch 8/50 - loss: 0.0376, val_loss: 2.3797, accuracy: 0.9886, val_accuracy:0.6307
[2025-11-20 21:03:53] [INFO] Training history saved to /home/owaismujtaba/projects/mind-voice/results/DecodingResults/sub-06_ses-02_overt_covert_rest_accuracy.csv
[2025-11-20 21:03:53] [INFO] Classification report saved to /home/owaismujtaba/projects/mind-voice/results/DecodingResults/sub-06_ses-02_classification_report.csv
[2025-11-20 21:03:53] [INFO] Confusion matrix saved to /home/owaismujtaba/projects/mind-voice/results/DecodingResults/sub-06_ses-02_confusion_matrix.csv
[2025-11-20 21:03:53] [INFO] Initializing OvertCovertRestPipeline
[2025-11-20 21:03:53] [INFO] Initializing SpeechEEGDatasetLoader
[2025-11-20 21:03:53] [INFO] ************************************************************
[2025-11-20 21:03:53] [INFO] ********** Initalizing BIDSDatasetReader**********
[2025-11-20 21:03:53] [INFO] ************************************************************
[2025-11-20 21:03:53] [INFO] Loading Raw Data
[2025-11-20 21:04:01] [INFO] Setting refrence : ['FCz']
[2025-11-20 21:04:02] [INFO] Setting EEG Reference
[2025-11-20 21:04:02] [INFO] Precprcessing EEG
[2025-11-20 21:04:02] [INFO] Processed file present
[2025-11-20 21:04:05] [INFO] {'trial_mode': 'Real', 'trial_unit': 'Words', 'experiment_mode': 'Experiment', 'trial_boundary': 'Start', 'trial_type': 'Speech', 'modality': '', 'tmin': -0.2, 'tmax': 1.5}
[2025-11-20 21:04:05] [INFO] Initializing SpeechEEGDatasetLoader
[2025-11-20 21:04:05] [INFO] ************************************************************
[2025-11-20 21:04:05] [INFO] ********** Initalizing BIDSDatasetReader**********
[2025-11-20 21:04:05] [INFO] ************************************************************
[2025-11-20 21:04:05] [INFO] Loading Raw Data
[2025-11-20 21:04:13] [INFO] Setting refrence : ['FCz']
[2025-11-20 21:04:13] [INFO] Setting EEG Reference
[2025-11-20 21:04:13] [INFO] Precprcessing EEG
[2025-11-20 21:04:13] [INFO] Processed file present
[2025-11-20 21:04:15] [INFO] {'trial_mode': 'Silent', 'trial_unit': 'Words', 'experiment_mode': 'Experiment', 'trial_boundary': 'Start', 'trial_type': 'Speech', 'modality': '', 'tmin': -0.2, 'tmax': 1.5}
[2025-11-20 21:04:15] [INFO] Initializing SpeechEEGDatasetLoader
[2025-11-20 21:04:15] [INFO] ************************************************************
[2025-11-20 21:04:15] [INFO] ********** Initalizing BIDSDatasetReader**********
[2025-11-20 21:04:15] [INFO] ************************************************************
[2025-11-20 21:04:15] [INFO] Loading Raw Data
[2025-11-20 21:04:22] [INFO] Setting refrence : ['FCz']
[2025-11-20 21:04:23] [INFO] Setting EEG Reference
[2025-11-20 21:04:23] [INFO] Precprcessing EEG
[2025-11-20 21:04:23] [INFO] Processed file present
[2025-11-20 21:04:24] [INFO] {'trial_mode': '', 'trial_unit': 'Words', 'experiment_mode': 'Experiment', 'trial_boundary': 'Start', 'trial_type': 'Fixation', 'modality': '', 'tmin': -0.2, 'tmax': 1.5}
[2025-11-20 21:04:25] [INFO] Removing data imbalance using RandomOverSampler
[2025-11-20 21:04:26] [INFO] Normalizing X
[2025-11-20 21:04:26] [INFO] Data loaded and oversampled: 1530 samples, 64 channels, 1742 timepoints
[2025-11-20 21:05:58] [INFO] Epoch 1/50 - loss: 1.6918, val_loss: 1.0010, accuracy: 0.5980, val_accuracy:0.5915
[2025-11-20 21:05:58] [INFO] Epoch 2/50 - loss: 0.5757, val_loss: 0.8821, accuracy: 0.8170, val_accuracy:0.7320
[2025-11-20 21:05:58] [INFO] Epoch 3/50 - loss: 0.2664, val_loss: 0.7073, accuracy: 0.9060, val_accuracy:0.7516
[2025-11-20 21:05:58] [INFO] Epoch 4/50 - loss: 0.1707, val_loss: 0.7165, accuracy: 0.9387, val_accuracy:0.7222
[2025-11-20 21:05:58] [INFO] Epoch 5/50 - loss: 0.1063, val_loss: 0.8430, accuracy: 0.9624, val_accuracy:0.7026
[2025-11-20 21:05:58] [INFO] Epoch 6/50 - loss: 0.0812, val_loss: 0.9824, accuracy: 0.9714, val_accuracy:0.7124
[2025-11-20 21:05:58] [INFO] Epoch 7/50 - loss: 0.0749, val_loss: 1.1604, accuracy: 0.9755, val_accuracy:0.6961
[2025-11-20 21:05:58] [INFO] Epoch 8/50 - loss: 0.0535, val_loss: 1.3083, accuracy: 0.9820, val_accuracy:0.6830
[2025-11-20 21:05:58] [INFO] Training history saved to /home/owaismujtaba/projects/mind-voice/results/DecodingResults/sub-07_ses-01_overt_covert_rest_accuracy.csv
[2025-11-20 21:05:58] [INFO] Classification report saved to /home/owaismujtaba/projects/mind-voice/results/DecodingResults/sub-07_ses-01_classification_report.csv
[2025-11-20 21:05:58] [INFO] Confusion matrix saved to /home/owaismujtaba/projects/mind-voice/results/DecodingResults/sub-07_ses-01_confusion_matrix.csv
[2025-11-20 21:05:58] [INFO] Initializing OvertCovertRestPipeline
[2025-11-20 21:05:58] [INFO] Initializing SpeechEEGDatasetLoader
[2025-11-20 21:05:58] [INFO] ************************************************************
[2025-11-20 21:05:58] [INFO] ********** Initalizing BIDSDatasetReader**********
[2025-11-20 21:05:58] [INFO] ************************************************************
[2025-11-20 21:05:58] [INFO] Loading Raw Data
[2025-11-20 21:06:06] [INFO] Setting refrence : ['FCz']
[2025-11-20 21:06:06] [INFO] Setting EEG Reference
[2025-11-20 21:06:06] [INFO] Precprcessing EEG
[2025-11-20 21:06:06] [INFO] Processed file present
[2025-11-20 21:06:09] [INFO] {'trial_mode': 'Real', 'trial_unit': 'Words', 'experiment_mode': 'Experiment', 'trial_boundary': 'Start', 'trial_type': 'Speech', 'modality': '', 'tmin': -0.2, 'tmax': 1.5}
[2025-11-20 21:06:09] [INFO] Initializing SpeechEEGDatasetLoader
[2025-11-20 21:06:09] [INFO] ************************************************************
[2025-11-20 21:06:09] [INFO] ********** Initalizing BIDSDatasetReader**********
[2025-11-20 21:06:09] [INFO] ************************************************************
[2025-11-20 21:06:09] [INFO] Loading Raw Data
[2025-11-20 21:06:17] [INFO] Setting refrence : ['FCz']
[2025-11-20 21:06:18] [INFO] Setting EEG Reference
[2025-11-20 21:06:18] [INFO] Precprcessing EEG
[2025-11-20 21:06:18] [INFO] Processed file present
[2025-11-20 21:06:19] [INFO] {'trial_mode': 'Silent', 'trial_unit': 'Words', 'experiment_mode': 'Experiment', 'trial_boundary': 'Start', 'trial_type': 'Speech', 'modality': '', 'tmin': -0.2, 'tmax': 1.5}
[2025-11-20 21:06:19] [INFO] Initializing SpeechEEGDatasetLoader
[2025-11-20 21:06:19] [INFO] ************************************************************
[2025-11-20 21:06:19] [INFO] ********** Initalizing BIDSDatasetReader**********
[2025-11-20 21:06:19] [INFO] ************************************************************
[2025-11-20 21:06:19] [INFO] Loading Raw Data
[2025-11-20 21:06:27] [INFO] Setting refrence : ['FCz']
[2025-11-20 21:06:27] [INFO] Setting EEG Reference
[2025-11-20 21:06:27] [INFO] Precprcessing EEG
[2025-11-20 21:06:27] [INFO] Processed file present
[2025-11-20 21:06:28] [INFO] {'trial_mode': '', 'trial_unit': 'Words', 'experiment_mode': 'Experiment', 'trial_boundary': 'Start', 'trial_type': 'Fixation', 'modality': '', 'tmin': -0.2, 'tmax': 1.5}
[2025-11-20 21:06:29] [INFO] Removing data imbalance using RandomOverSampler
[2025-11-20 21:06:30] [INFO] Normalizing X
[2025-11-20 21:06:30] [INFO] Data loaded and oversampled: 1530 samples, 64 channels, 1742 timepoints
[2025-11-20 21:07:51] [INFO] Epoch 1/50 - loss: 1.5159, val_loss: 0.9359, accuracy: 0.6307, val_accuracy:0.5490
[2025-11-20 21:07:51] [INFO] Epoch 2/50 - loss: 0.4134, val_loss: 0.6889, accuracy: 0.8807, val_accuracy:0.8137
[2025-11-20 21:07:51] [INFO] Epoch 3/50 - loss: 0.1849, val_loss: 0.7322, accuracy: 0.9412, val_accuracy:0.6536
[2025-11-20 21:07:51] [INFO] Epoch 4/50 - loss: 0.1098, val_loss: 3.0940, accuracy: 0.9657, val_accuracy:0.4020
[2025-11-20 21:07:51] [INFO] Epoch 5/50 - loss: 0.0546, val_loss: 5.8540, accuracy: 0.9779, val_accuracy:0.3693
[2025-11-20 21:07:51] [INFO] Epoch 6/50 - loss: 0.0495, val_loss: 8.3860, accuracy: 0.9820, val_accuracy:0.3399
[2025-11-20 21:07:51] [INFO] Epoch 7/50 - loss: 0.0319, val_loss: 10.8733, accuracy: 0.9894, val_accuracy:0.3333
[2025-11-20 21:07:51] [INFO] Training history saved to /home/owaismujtaba/projects/mind-voice/results/DecodingResults/sub-08_ses-01_overt_covert_rest_accuracy.csv
[2025-11-20 21:07:51] [INFO] Classification report saved to /home/owaismujtaba/projects/mind-voice/results/DecodingResults/sub-08_ses-01_classification_report.csv
[2025-11-20 21:07:51] [INFO] Confusion matrix saved to /home/owaismujtaba/projects/mind-voice/results/DecodingResults/sub-08_ses-01_confusion_matrix.csv
[2025-11-20 21:07:51] [INFO] Initializing OvertCovertRestPipeline
[2025-11-20 21:07:51] [INFO] Initializing SpeechEEGDatasetLoader
[2025-11-20 21:07:51] [INFO] ************************************************************
[2025-11-20 21:07:51] [INFO] ********** Initalizing BIDSDatasetReader**********
[2025-11-20 21:07:51] [INFO] ************************************************************
[2025-11-20 21:07:51] [INFO] Loading Raw Data
[2025-11-20 21:07:59] [INFO] Setting refrence : ['FCz']
[2025-11-20 21:07:59] [INFO] Setting EEG Reference
[2025-11-20 21:07:59] [INFO] Precprcessing EEG
[2025-11-20 21:07:59] [INFO] Processed file present
[2025-11-20 21:08:03] [INFO] {'trial_mode': 'Real', 'trial_unit': 'Words', 'experiment_mode': 'Experiment', 'trial_boundary': 'Start', 'trial_type': 'Speech', 'modality': '', 'tmin': -0.2, 'tmax': 1.5}
[2025-11-20 21:08:03] [INFO] Initializing SpeechEEGDatasetLoader
[2025-11-20 21:08:03] [INFO] ************************************************************
[2025-11-20 21:08:03] [INFO] ********** Initalizing BIDSDatasetReader**********
[2025-11-20 21:08:03] [INFO] ************************************************************
[2025-11-20 21:08:03] [INFO] Loading Raw Data
[2025-11-20 21:08:11] [INFO] Setting refrence : ['FCz']
[2025-11-20 21:08:11] [INFO] Setting EEG Reference
[2025-11-20 21:08:11] [INFO] Precprcessing EEG
[2025-11-20 21:08:11] [INFO] Processed file present
[2025-11-20 21:08:13] [INFO] {'trial_mode': 'Silent', 'trial_unit': 'Words', 'experiment_mode': 'Experiment', 'trial_boundary': 'Start', 'trial_type': 'Speech', 'modality': '', 'tmin': -0.2, 'tmax': 1.5}
[2025-11-20 21:08:13] [INFO] Initializing SpeechEEGDatasetLoader
[2025-11-20 21:08:13] [INFO] ************************************************************
[2025-11-20 21:08:13] [INFO] ********** Initalizing BIDSDatasetReader**********
[2025-11-20 21:08:13] [INFO] ************************************************************
[2025-11-20 21:08:13] [INFO] Loading Raw Data
[2025-11-20 21:08:21] [INFO] Setting refrence : ['FCz']
[2025-11-20 21:08:21] [INFO] Setting EEG Reference
[2025-11-20 21:08:21] [INFO] Precprcessing EEG
[2025-11-20 21:08:21] [INFO] Processed file present
[2025-11-20 21:08:23] [INFO] {'trial_mode': '', 'trial_unit': 'Words', 'experiment_mode': 'Experiment', 'trial_boundary': 'Start', 'trial_type': 'Fixation', 'modality': '', 'tmin': -0.2, 'tmax': 1.5}
[2025-11-20 21:08:24] [INFO] Removing data imbalance using RandomOverSampler
[2025-11-20 21:08:24] [INFO] Normalizing X
[2025-11-20 21:08:24] [INFO] Data loaded and oversampled: 1530 samples, 64 channels, 1742 timepoints
[2025-11-20 21:10:08] [INFO] Epoch 1/50 - loss: 1.5231, val_loss: 0.9820, accuracy: 0.5703, val_accuracy:0.5196
[2025-11-20 21:10:08] [INFO] Epoch 2/50 - loss: 0.3759, val_loss: 0.8790, accuracy: 0.8619, val_accuracy:0.6405
[2025-11-20 21:10:08] [INFO] Epoch 3/50 - loss: 0.1944, val_loss: 0.6473, accuracy: 0.9281, val_accuracy:0.8562
[2025-11-20 21:10:08] [INFO] Epoch 4/50 - loss: 0.1133, val_loss: 0.4487, accuracy: 0.9600, val_accuracy:0.8170
[2025-11-20 21:10:08] [INFO] Epoch 5/50 - loss: 0.0831, val_loss: 1.0691, accuracy: 0.9779, val_accuracy:0.6699
[2025-11-20 21:10:08] [INFO] Epoch 6/50 - loss: 0.0614, val_loss: 2.6106, accuracy: 0.9853, val_accuracy:0.5719
[2025-11-20 21:10:08] [INFO] Epoch 7/50 - loss: 0.0345, val_loss: 4.2277, accuracy: 0.9894, val_accuracy:0.5196
[2025-11-20 21:10:08] [INFO] Epoch 8/50 - loss: 0.0291, val_loss: 5.8973, accuracy: 0.9877, val_accuracy:0.4837
[2025-11-20 21:10:08] [INFO] Epoch 9/50 - loss: 0.0241, val_loss: 7.5297, accuracy: 0.9926, val_accuracy:0.4575
[2025-11-20 21:10:08] [INFO] Training history saved to /home/owaismujtaba/projects/mind-voice/results/DecodingResults/sub-09_ses-01_overt_covert_rest_accuracy.csv
[2025-11-20 21:10:08] [INFO] Classification report saved to /home/owaismujtaba/projects/mind-voice/results/DecodingResults/sub-09_ses-01_classification_report.csv
[2025-11-20 21:10:08] [INFO] Confusion matrix saved to /home/owaismujtaba/projects/mind-voice/results/DecodingResults/sub-09_ses-01_confusion_matrix.csv
[2025-11-20 21:10:08] [INFO] Initializing OvertCovertRestPipeline
[2025-11-20 21:10:08] [INFO] Initializing SpeechEEGDatasetLoader
[2025-11-20 21:10:08] [INFO] ************************************************************
[2025-11-20 21:10:08] [INFO] ********** Initalizing BIDSDatasetReader**********
[2025-11-20 21:10:08] [INFO] ************************************************************
[2025-11-20 21:10:08] [INFO] Loading Raw Data
[2025-11-20 21:10:15] [INFO] Setting refrence : ['FCz']
[2025-11-20 21:10:16] [INFO] Setting EEG Reference
[2025-11-20 21:10:16] [INFO] Precprcessing EEG
[2025-11-20 21:10:16] [INFO] Processed file present
[2025-11-20 21:10:18] [INFO] {'trial_mode': 'Real', 'trial_unit': 'Words', 'experiment_mode': 'Experiment', 'trial_boundary': 'Start', 'trial_type': 'Speech', 'modality': '', 'tmin': -0.2, 'tmax': 1.5}
[2025-11-20 21:10:18] [INFO] Initializing SpeechEEGDatasetLoader
[2025-11-20 21:10:18] [INFO] ************************************************************
[2025-11-20 21:10:18] [INFO] ********** Initalizing BIDSDatasetReader**********
[2025-11-20 21:10:18] [INFO] ************************************************************
[2025-11-20 21:10:18] [INFO] Loading Raw Data
[2025-11-20 21:10:25] [INFO] Setting refrence : ['FCz']
[2025-11-20 21:10:26] [INFO] Setting EEG Reference
[2025-11-20 21:10:26] [INFO] Precprcessing EEG
[2025-11-20 21:10:26] [INFO] Processed file present
[2025-11-20 21:10:27] [INFO] {'trial_mode': 'Silent', 'trial_unit': 'Words', 'experiment_mode': 'Experiment', 'trial_boundary': 'Start', 'trial_type': 'Speech', 'modality': '', 'tmin': -0.2, 'tmax': 1.5}
[2025-11-20 21:10:28] [INFO] Initializing SpeechEEGDatasetLoader
[2025-11-20 21:10:28] [INFO] ************************************************************
[2025-11-20 21:10:28] [INFO] ********** Initalizing BIDSDatasetReader**********
[2025-11-20 21:10:28] [INFO] ************************************************************
[2025-11-20 21:10:28] [INFO] Loading Raw Data
[2025-11-20 21:10:34] [INFO] Setting refrence : ['FCz']
[2025-11-20 21:10:35] [INFO] Setting EEG Reference
[2025-11-20 21:10:35] [INFO] Precprcessing EEG
[2025-11-20 21:10:35] [INFO] Processed file present
[2025-11-20 21:10:36] [INFO] {'trial_mode': '', 'trial_unit': 'Words', 'experiment_mode': 'Experiment', 'trial_boundary': 'Start', 'trial_type': 'Fixation', 'modality': '', 'tmin': -0.2, 'tmax': 1.5}
[2025-11-20 21:10:37] [INFO] Removing data imbalance using RandomOverSampler
[2025-11-20 21:10:37] [INFO] Normalizing X
[2025-11-20 21:10:38] [INFO] Data loaded and oversampled: 1530 samples, 64 channels, 1701 timepoints
[2025-11-20 21:12:08] [INFO] Epoch 1/50 - loss: 1.2698, val_loss: 0.8559, accuracy: 0.6234, val_accuracy:0.6275
[2025-11-20 21:12:08] [INFO] Epoch 2/50 - loss: 0.3380, val_loss: 0.6393, accuracy: 0.9052, val_accuracy:0.7647
[2025-11-20 21:12:08] [INFO] Epoch 3/50 - loss: 0.1731, val_loss: 0.5315, accuracy: 0.9379, val_accuracy:0.8170
[2025-11-20 21:12:08] [INFO] Epoch 4/50 - loss: 0.0769, val_loss: 0.9769, accuracy: 0.9722, val_accuracy:0.6634
[2025-11-20 21:12:08] [INFO] Epoch 5/50 - loss: 0.0405, val_loss: 2.1935, accuracy: 0.9861, val_accuracy:0.5131
[2025-11-20 21:12:08] [INFO] Epoch 6/50 - loss: 0.0191, val_loss: 3.8024, accuracy: 0.9926, val_accuracy:0.4216
[2025-11-20 21:12:08] [INFO] Epoch 7/50 - loss: 0.0243, val_loss: 5.2844, accuracy: 0.9943, val_accuracy:0.3889
[2025-11-20 21:12:08] [INFO] Epoch 8/50 - loss: 0.0216, val_loss: 6.2788, accuracy: 0.9902, val_accuracy:0.3725
[2025-11-20 21:12:08] [INFO] Training history saved to /home/owaismujtaba/projects/mind-voice/results/DecodingResults/sub-09_ses-02_overt_covert_rest_accuracy.csv
[2025-11-20 21:12:08] [INFO] Classification report saved to /home/owaismujtaba/projects/mind-voice/results/DecodingResults/sub-09_ses-02_classification_report.csv
[2025-11-20 21:12:08] [INFO] Confusion matrix saved to /home/owaismujtaba/projects/mind-voice/results/DecodingResults/sub-09_ses-02_confusion_matrix.csv
[2025-11-20 21:12:08] [INFO] Initializing OvertCovertRestPipeline
[2025-11-20 21:12:08] [INFO] Initializing SpeechEEGDatasetLoader
[2025-11-20 21:12:08] [INFO] ************************************************************
[2025-11-20 21:12:08] [INFO] ********** Initalizing BIDSDatasetReader**********
[2025-11-20 21:12:08] [INFO] ************************************************************
[2025-11-20 21:12:08] [INFO] Loading Raw Data
[2025-11-20 21:12:15] [INFO] Setting refrence : ['FCz']
[2025-11-20 21:12:16] [INFO] Setting EEG Reference
[2025-11-20 21:12:16] [INFO] Precprcessing EEG
[2025-11-20 21:12:16] [INFO] Processed file present
[2025-11-20 21:12:20] [INFO] {'trial_mode': 'Real', 'trial_unit': 'Words', 'experiment_mode': 'Experiment', 'trial_boundary': 'Start', 'trial_type': 'Speech', 'modality': '', 'tmin': -0.2, 'tmax': 1.5}
[2025-11-20 21:12:20] [INFO] Initializing SpeechEEGDatasetLoader
[2025-11-20 21:12:20] [INFO] ************************************************************
[2025-11-20 21:12:20] [INFO] ********** Initalizing BIDSDatasetReader**********
[2025-11-20 21:12:20] [INFO] ************************************************************
[2025-11-20 21:12:20] [INFO] Loading Raw Data
[2025-11-20 21:12:28] [INFO] Setting refrence : ['FCz']
[2025-11-20 21:12:28] [INFO] Setting EEG Reference
[2025-11-20 21:12:28] [INFO] Precprcessing EEG
[2025-11-20 21:12:28] [INFO] Processed file present
[2025-11-20 21:12:30] [INFO] {'trial_mode': 'Silent', 'trial_unit': 'Words', 'experiment_mode': 'Experiment', 'trial_boundary': 'Start', 'trial_type': 'Speech', 'modality': '', 'tmin': -0.2, 'tmax': 1.5}
[2025-11-20 21:12:30] [INFO] Initializing SpeechEEGDatasetLoader
[2025-11-20 21:12:30] [INFO] ************************************************************
[2025-11-20 21:12:30] [INFO] ********** Initalizing BIDSDatasetReader**********
[2025-11-20 21:12:30] [INFO] ************************************************************
[2025-11-20 21:12:30] [INFO] Loading Raw Data
[2025-11-20 21:12:38] [INFO] Setting refrence : ['FCz']
[2025-11-20 21:12:38] [INFO] Setting EEG Reference
[2025-11-20 21:12:38] [INFO] Precprcessing EEG
[2025-11-20 21:12:38] [INFO] Processed file present
[2025-11-20 21:12:40] [INFO] {'trial_mode': '', 'trial_unit': 'Words', 'experiment_mode': 'Experiment', 'trial_boundary': 'Start', 'trial_type': 'Fixation', 'modality': '', 'tmin': -0.2, 'tmax': 1.5}
[2025-11-20 21:12:40] [INFO] Removing data imbalance using RandomOverSampler
[2025-11-20 21:12:41] [INFO] Normalizing X
[2025-11-20 21:12:41] [INFO] Data loaded and oversampled: 1530 samples, 64 channels, 1742 timepoints
[2025-11-20 21:14:25] [INFO] Epoch 1/50 - loss: 1.5024, val_loss: 1.0775, accuracy: 0.5662, val_accuracy:0.3693
[2025-11-20 21:14:25] [INFO] Epoch 2/50 - loss: 0.4450, val_loss: 0.9121, accuracy: 0.8440, val_accuracy:0.5033
[2025-11-20 21:14:25] [INFO] Epoch 3/50 - loss: 0.2268, val_loss: 0.7175, accuracy: 0.9069, val_accuracy:0.7255
[2025-11-20 21:14:25] [INFO] Epoch 4/50 - loss: 0.1602, val_loss: 0.5796, accuracy: 0.9493, val_accuracy:0.7908
[2025-11-20 21:14:25] [INFO] Epoch 5/50 - loss: 0.1171, val_loss: 1.1387, accuracy: 0.9673, val_accuracy:0.6405
[2025-11-20 21:14:25] [INFO] Epoch 6/50 - loss: 0.0756, val_loss: 2.4038, accuracy: 0.9722, val_accuracy:0.5425
[2025-11-20 21:14:25] [INFO] Epoch 7/50 - loss: 0.0521, val_loss: 4.2280, accuracy: 0.9820, val_accuracy:0.4935
[2025-11-20 21:14:25] [INFO] Epoch 8/50 - loss: 0.0374, val_loss: 5.5844, accuracy: 0.9886, val_accuracy:0.4510
[2025-11-20 21:14:25] [INFO] Epoch 9/50 - loss: 0.0282, val_loss: 6.4957, accuracy: 0.9918, val_accuracy:0.4346
[2025-11-20 21:14:25] [INFO] Training history saved to /home/owaismujtaba/projects/mind-voice/results/DecodingResults/sub-10_ses-01_overt_covert_rest_accuracy.csv
[2025-11-20 21:14:25] [INFO] Classification report saved to /home/owaismujtaba/projects/mind-voice/results/DecodingResults/sub-10_ses-01_classification_report.csv
[2025-11-20 21:14:25] [INFO] Confusion matrix saved to /home/owaismujtaba/projects/mind-voice/results/DecodingResults/sub-10_ses-01_confusion_matrix.csv
[2025-11-20 21:14:25] [INFO] Initializing OvertCovertRestPipeline
[2025-11-20 21:14:25] [INFO] Initializing SpeechEEGDatasetLoader
[2025-11-20 21:14:25] [INFO] ************************************************************
[2025-11-20 21:14:25] [INFO] ********** Initalizing BIDSDatasetReader**********
[2025-11-20 21:14:25] [INFO] ************************************************************
[2025-11-20 21:14:25] [INFO] Loading Raw Data
[2025-11-20 21:14:33] [INFO] Setting refrence : ['FCz']
[2025-11-20 21:14:33] [INFO] Setting EEG Reference
[2025-11-20 21:14:33] [INFO] Precprcessing EEG
[2025-11-20 21:14:33] [INFO] Processed file present
[2025-11-20 21:14:36] [INFO] {'trial_mode': 'Real', 'trial_unit': 'Words', 'experiment_mode': 'Experiment', 'trial_boundary': 'Start', 'trial_type': 'Speech', 'modality': '', 'tmin': -0.2, 'tmax': 1.5}
[2025-11-20 21:14:37] [INFO] Initializing SpeechEEGDatasetLoader
[2025-11-20 21:14:37] [INFO] ************************************************************
[2025-11-20 21:14:37] [INFO] ********** Initalizing BIDSDatasetReader**********
[2025-11-20 21:14:37] [INFO] ************************************************************
[2025-11-20 21:14:37] [INFO] Loading Raw Data
[2025-11-20 21:14:45] [INFO] Setting refrence : ['FCz']
[2025-11-20 21:14:45] [INFO] Setting EEG Reference
[2025-11-20 21:14:45] [INFO] Precprcessing EEG
[2025-11-20 21:14:45] [INFO] Processed file present
[2025-11-20 21:14:46] [INFO] {'trial_mode': 'Silent', 'trial_unit': 'Words', 'experiment_mode': 'Experiment', 'trial_boundary': 'Start', 'trial_type': 'Speech', 'modality': '', 'tmin': -0.2, 'tmax': 1.5}
[2025-11-20 21:14:47] [INFO] Initializing SpeechEEGDatasetLoader
[2025-11-20 21:14:47] [INFO] ************************************************************
[2025-11-20 21:14:47] [INFO] ********** Initalizing BIDSDatasetReader**********
[2025-11-20 21:14:47] [INFO] ************************************************************
[2025-11-20 21:14:47] [INFO] Loading Raw Data
[2025-11-20 21:14:54] [INFO] Setting refrence : ['FCz']
[2025-11-20 21:14:55] [INFO] Setting EEG Reference
[2025-11-20 21:14:55] [INFO] Precprcessing EEG
[2025-11-20 21:14:55] [INFO] Processed file present
[2025-11-20 21:14:56] [INFO] {'trial_mode': '', 'trial_unit': 'Words', 'experiment_mode': 'Experiment', 'trial_boundary': 'Start', 'trial_type': 'Fixation', 'modality': '', 'tmin': -0.2, 'tmax': 1.5}
[2025-11-20 21:14:57] [INFO] Removing data imbalance using RandomOverSampler
[2025-11-20 21:14:57] [INFO] Normalizing X
[2025-11-20 21:14:58] [INFO] Data loaded and oversampled: 1530 samples, 64 channels, 1742 timepoints
[2025-11-20 21:16:30] [INFO] Epoch 1/50 - loss: 1.9820, val_loss: 1.0184, accuracy: 0.5033, val_accuracy:0.4935
[2025-11-20 21:16:30] [INFO] Epoch 2/50 - loss: 0.6420, val_loss: 0.9192, accuracy: 0.7663, val_accuracy:0.6438
[2025-11-20 21:16:30] [INFO] Epoch 3/50 - loss: 0.3236, val_loss: 0.8676, accuracy: 0.8889, val_accuracy:0.5784
[2025-11-20 21:16:30] [INFO] Epoch 4/50 - loss: 0.1796, val_loss: 1.5173, accuracy: 0.9322, val_accuracy:0.4314
[2025-11-20 21:16:30] [INFO] Epoch 5/50 - loss: 0.1358, val_loss: 3.1050, accuracy: 0.9575, val_accuracy:0.3497
[2025-11-20 21:16:30] [INFO] Epoch 6/50 - loss: 0.0830, val_loss: 4.3585, accuracy: 0.9706, val_accuracy:0.3399
[2025-11-20 21:16:30] [INFO] Epoch 7/50 - loss: 0.0682, val_loss: 5.7365, accuracy: 0.9755, val_accuracy:0.3333
[2025-11-20 21:16:30] [INFO] Epoch 8/50 - loss: 0.0575, val_loss: 6.8990, accuracy: 0.9788, val_accuracy:0.3333
[2025-11-20 21:16:30] [INFO] Training history saved to /home/owaismujtaba/projects/mind-voice/results/DecodingResults/sub-11_ses-01_overt_covert_rest_accuracy.csv
[2025-11-20 21:16:30] [INFO] Classification report saved to /home/owaismujtaba/projects/mind-voice/results/DecodingResults/sub-11_ses-01_classification_report.csv
[2025-11-20 21:16:30] [INFO] Confusion matrix saved to /home/owaismujtaba/projects/mind-voice/results/DecodingResults/sub-11_ses-01_confusion_matrix.csv
[2025-11-20 21:16:30] [INFO] Initializing OvertCovertRestPipeline
[2025-11-20 21:16:30] [INFO] Initializing SpeechEEGDatasetLoader
[2025-11-20 21:16:30] [INFO] ************************************************************
[2025-11-20 21:16:30] [INFO] ********** Initalizing BIDSDatasetReader**********
[2025-11-20 21:16:30] [INFO] ************************************************************
[2025-11-20 21:16:30] [INFO] Loading Raw Data
[2025-11-20 21:16:38] [INFO] Setting refrence : ['FCz']
[2025-11-20 21:16:39] [INFO] Setting EEG Reference
[2025-11-20 21:16:39] [INFO] Precprcessing EEG
[2025-11-20 21:16:39] [INFO] Processed file present
[2025-11-20 21:16:43] [INFO] {'trial_mode': 'Real', 'trial_unit': 'Words', 'experiment_mode': 'Experiment', 'trial_boundary': 'Start', 'trial_type': 'Speech', 'modality': '', 'tmin': -0.2, 'tmax': 1.5}
[2025-11-20 21:16:43] [INFO] Initializing SpeechEEGDatasetLoader
[2025-11-20 21:16:43] [INFO] ************************************************************
[2025-11-20 21:16:43] [INFO] ********** Initalizing BIDSDatasetReader**********
[2025-11-20 21:16:43] [INFO] ************************************************************
[2025-11-20 21:16:43] [INFO] Loading Raw Data
[2025-11-20 21:16:51] [INFO] Setting refrence : ['FCz']
[2025-11-20 21:16:52] [INFO] Setting EEG Reference
[2025-11-20 21:16:52] [INFO] Precprcessing EEG
[2025-11-20 21:16:52] [INFO] Processed file present
[2025-11-20 21:16:54] [INFO] {'trial_mode': 'Silent', 'trial_unit': 'Words', 'experiment_mode': 'Experiment', 'trial_boundary': 'Start', 'trial_type': 'Speech', 'modality': '', 'tmin': -0.2, 'tmax': 1.5}
[2025-11-20 21:16:54] [INFO] Initializing SpeechEEGDatasetLoader
[2025-11-20 21:16:54] [INFO] ************************************************************
[2025-11-20 21:16:54] [INFO] ********** Initalizing BIDSDatasetReader**********
[2025-11-20 21:16:54] [INFO] ************************************************************
[2025-11-20 21:16:54] [INFO] Loading Raw Data
[2025-11-20 21:17:02] [INFO] Setting refrence : ['FCz']
[2025-11-20 21:17:03] [INFO] Setting EEG Reference
[2025-11-20 21:17:03] [INFO] Precprcessing EEG
[2025-11-20 21:17:03] [INFO] Processed file present
[2025-11-20 21:17:04] [INFO] {'trial_mode': '', 'trial_unit': 'Words', 'experiment_mode': 'Experiment', 'trial_boundary': 'Start', 'trial_type': 'Fixation', 'modality': '', 'tmin': -0.2, 'tmax': 1.5}
[2025-11-20 21:17:05] [INFO] Removing data imbalance using RandomOverSampler
[2025-11-20 21:17:05] [INFO] Normalizing X
[2025-11-20 21:17:06] [INFO] Data loaded and oversampled: 1530 samples, 64 channels, 1742 timepoints
[2025-11-20 21:18:38] [INFO] Epoch 1/50 - loss: 1.9051, val_loss: 0.9225, accuracy: 0.5572, val_accuracy:0.6667
[2025-11-20 21:18:38] [INFO] Epoch 2/50 - loss: 0.6957, val_loss: 0.8183, accuracy: 0.7925, val_accuracy:0.6961
[2025-11-20 21:18:38] [INFO] Epoch 3/50 - loss: 0.3549, val_loss: 0.7592, accuracy: 0.8619, val_accuracy:0.6993
[2025-11-20 21:18:38] [INFO] Epoch 4/50 - loss: 0.2255, val_loss: 0.7682, accuracy: 0.9093, val_accuracy:0.6797
[2025-11-20 21:18:38] [INFO] Epoch 5/50 - loss: 0.1543, val_loss: 1.0401, accuracy: 0.9436, val_accuracy:0.6471
[2025-11-20 21:18:38] [INFO] Epoch 6/50 - loss: 0.0969, val_loss: 1.4104, accuracy: 0.9681, val_accuracy:0.6242
[2025-11-20 21:18:38] [INFO] Epoch 7/50 - loss: 0.0664, val_loss: 1.6832, accuracy: 0.9755, val_accuracy:0.6275
[2025-11-20 21:18:38] [INFO] Epoch 8/50 - loss: 0.0801, val_loss: 2.0346, accuracy: 0.9673, val_accuracy:0.5882
[2025-11-20 21:18:38] [INFO] Training history saved to /home/owaismujtaba/projects/mind-voice/results/DecodingResults/sub-12_ses-01_overt_covert_rest_accuracy.csv
[2025-11-20 21:18:38] [INFO] Classification report saved to /home/owaismujtaba/projects/mind-voice/results/DecodingResults/sub-12_ses-01_classification_report.csv
[2025-11-20 21:18:38] [INFO] Confusion matrix saved to /home/owaismujtaba/projects/mind-voice/results/DecodingResults/sub-12_ses-01_confusion_matrix.csv
[2025-11-20 21:18:38] [INFO] Initializing OvertCovertRestPipeline
[2025-11-20 21:18:38] [INFO] Initializing SpeechEEGDatasetLoader
[2025-11-20 21:18:38] [INFO] ************************************************************
[2025-11-20 21:18:38] [INFO] ********** Initalizing BIDSDatasetReader**********
[2025-11-20 21:18:38] [INFO] ************************************************************
[2025-11-20 21:18:38] [INFO] Loading Raw Data
[2025-11-20 21:18:46] [INFO] Setting refrence : ['FCz']
[2025-11-20 21:18:47] [INFO] Setting EEG Reference
[2025-11-20 21:18:47] [INFO] Precprcessing EEG
[2025-11-20 21:18:47] [INFO] Processed file present
[2025-11-20 21:18:50] [INFO] {'trial_mode': 'Real', 'trial_unit': 'Words', 'experiment_mode': 'Experiment', 'trial_boundary': 'Start', 'trial_type': 'Speech', 'modality': '', 'tmin': -0.2, 'tmax': 1.5}
[2025-11-20 21:18:51] [INFO] Initializing SpeechEEGDatasetLoader
[2025-11-20 21:18:51] [INFO] ************************************************************
[2025-11-20 21:18:51] [INFO] ********** Initalizing BIDSDatasetReader**********
[2025-11-20 21:18:51] [INFO] ************************************************************
[2025-11-20 21:18:51] [INFO] Loading Raw Data
[2025-11-20 21:18:58] [INFO] Setting refrence : ['FCz']
[2025-11-20 21:18:59] [INFO] Setting EEG Reference
[2025-11-20 21:18:59] [INFO] Precprcessing EEG
[2025-11-20 21:18:59] [INFO] Processed file present
[2025-11-20 21:19:00] [INFO] {'trial_mode': 'Silent', 'trial_unit': 'Words', 'experiment_mode': 'Experiment', 'trial_boundary': 'Start', 'trial_type': 'Speech', 'modality': '', 'tmin': -0.2, 'tmax': 1.5}
[2025-11-20 21:19:01] [INFO] Initializing SpeechEEGDatasetLoader
[2025-11-20 21:19:01] [INFO] ************************************************************
[2025-11-20 21:19:01] [INFO] ********** Initalizing BIDSDatasetReader**********
[2025-11-20 21:19:01] [INFO] ************************************************************
[2025-11-20 21:19:01] [INFO] Loading Raw Data
[2025-11-20 21:19:08] [INFO] Setting refrence : ['FCz']
[2025-11-20 21:19:09] [INFO] Setting EEG Reference
[2025-11-20 21:19:09] [INFO] Precprcessing EEG
[2025-11-20 21:19:09] [INFO] Processed file present
[2025-11-20 21:19:11] [INFO] {'trial_mode': '', 'trial_unit': 'Words', 'experiment_mode': 'Experiment', 'trial_boundary': 'Start', 'trial_type': 'Fixation', 'modality': '', 'tmin': -0.2, 'tmax': 1.5}
[2025-11-20 21:19:11] [INFO] Removing data imbalance using RandomOverSampler
[2025-11-20 21:19:11] [INFO] Normalizing X
[2025-11-20 21:19:12] [INFO] Data loaded and oversampled: 1530 samples, 64 channels, 1701 timepoints
[2025-11-20 21:20:54] [INFO] Epoch 1/50 - loss: 1.5819, val_loss: 0.7905, accuracy: 0.6356, val_accuracy:0.6503
[2025-11-20 21:20:54] [INFO] Epoch 2/50 - loss: 0.6021, val_loss: 0.7749, accuracy: 0.8407, val_accuracy:0.6765
[2025-11-20 21:20:54] [INFO] Epoch 3/50 - loss: 0.2748, val_loss: 0.6139, accuracy: 0.9069, val_accuracy:0.8105
[2025-11-20 21:20:54] [INFO] Epoch 4/50 - loss: 0.1451, val_loss: 0.5878, accuracy: 0.9493, val_accuracy:0.8137
[2025-11-20 21:20:54] [INFO] Epoch 5/50 - loss: 0.1139, val_loss: 0.7291, accuracy: 0.9608, val_accuracy:0.7386
[2025-11-20 21:20:54] [INFO] Epoch 6/50 - loss: 0.0594, val_loss: 0.9415, accuracy: 0.9771, val_accuracy:0.6928
[2025-11-20 21:20:54] [INFO] Epoch 7/50 - loss: 0.0715, val_loss: 1.3746, accuracy: 0.9804, val_accuracy:0.6340
[2025-11-20 21:20:54] [INFO] Epoch 8/50 - loss: 0.0487, val_loss: 1.7680, accuracy: 0.9877, val_accuracy:0.6176
[2025-11-20 21:20:54] [INFO] Epoch 9/50 - loss: 0.0432, val_loss: 2.2695, accuracy: 0.9845, val_accuracy:0.5752
[2025-11-20 21:20:54] [INFO] Training history saved to /home/owaismujtaba/projects/mind-voice/results/DecodingResults/sub-12_ses-02_overt_covert_rest_accuracy.csv
[2025-11-20 21:20:54] [INFO] Classification report saved to /home/owaismujtaba/projects/mind-voice/results/DecodingResults/sub-12_ses-02_classification_report.csv
[2025-11-20 21:20:54] [INFO] Confusion matrix saved to /home/owaismujtaba/projects/mind-voice/results/DecodingResults/sub-12_ses-02_confusion_matrix.csv
[2025-11-20 21:20:54] [INFO] Initializing OvertCovertRestPipeline
[2025-11-20 21:20:54] [INFO] Initializing SpeechEEGDatasetLoader
[2025-11-20 21:20:54] [INFO] ************************************************************
[2025-11-20 21:20:54] [INFO] ********** Initalizing BIDSDatasetReader**********
[2025-11-20 21:20:54] [INFO] ************************************************************
[2025-11-20 21:20:54] [INFO] Loading Raw Data
[2025-11-20 21:21:02] [INFO] Setting refrence : ['FCz']
[2025-11-20 21:21:02] [INFO] Setting EEG Reference
[2025-11-20 21:21:02] [INFO] Precprcessing EEG
[2025-11-20 21:21:02] [INFO] Processed file present
[2025-11-20 21:21:06] [INFO] {'trial_mode': 'Real', 'trial_unit': 'Words', 'experiment_mode': 'Experiment', 'trial_boundary': 'Start', 'trial_type': 'Speech', 'modality': '', 'tmin': -0.2, 'tmax': 1.5}
[2025-11-20 21:21:06] [INFO] Initializing SpeechEEGDatasetLoader
[2025-11-20 21:21:06] [INFO] ************************************************************
[2025-11-20 21:21:06] [INFO] ********** Initalizing BIDSDatasetReader**********
[2025-11-20 21:21:06] [INFO] ************************************************************
[2025-11-20 21:21:06] [INFO] Loading Raw Data
[2025-11-20 21:21:14] [INFO] Setting refrence : ['FCz']
[2025-11-20 21:21:15] [INFO] Setting EEG Reference
[2025-11-20 21:21:15] [INFO] Precprcessing EEG
[2025-11-20 21:21:15] [INFO] Processed file present
[2025-11-20 21:21:16] [INFO] {'trial_mode': 'Silent', 'trial_unit': 'Words', 'experiment_mode': 'Experiment', 'trial_boundary': 'Start', 'trial_type': 'Speech', 'modality': '', 'tmin': -0.2, 'tmax': 1.5}
[2025-11-20 21:21:17] [INFO] Initializing SpeechEEGDatasetLoader
[2025-11-20 21:21:17] [INFO] ************************************************************
[2025-11-20 21:21:17] [INFO] ********** Initalizing BIDSDatasetReader**********
[2025-11-20 21:21:17] [INFO] ************************************************************
[2025-11-20 21:21:17] [INFO] Loading Raw Data
[2025-11-20 21:21:25] [INFO] Setting refrence : ['FCz']
[2025-11-20 21:21:25] [INFO] Setting EEG Reference
[2025-11-20 21:21:25] [INFO] Precprcessing EEG
[2025-11-20 21:21:25] [INFO] Processed file present
[2025-11-20 21:21:27] [INFO] {'trial_mode': '', 'trial_unit': 'Words', 'experiment_mode': 'Experiment', 'trial_boundary': 'Start', 'trial_type': 'Fixation', 'modality': '', 'tmin': -0.2, 'tmax': 1.5}
[2025-11-20 21:21:27] [INFO] Removing data imbalance using RandomOverSampler
[2025-11-20 21:21:28] [INFO] Normalizing X
[2025-11-20 21:21:28] [INFO] Data loaded and oversampled: 1530 samples, 64 channels, 1742 timepoints
[2025-11-20 21:22:49] [INFO] Epoch 1/50 - loss: 1.2539, val_loss: 0.8909, accuracy: 0.6389, val_accuracy:0.6046
[2025-11-20 21:22:49] [INFO] Epoch 2/50 - loss: 0.3504, val_loss: 0.6603, accuracy: 0.8864, val_accuracy:0.8007
[2025-11-20 21:22:49] [INFO] Epoch 3/50 - loss: 0.1873, val_loss: 0.7131, accuracy: 0.9428, val_accuracy:0.7320
[2025-11-20 21:22:49] [INFO] Epoch 4/50 - loss: 0.1096, val_loss: 1.2251, accuracy: 0.9657, val_accuracy:0.6307
[2025-11-20 21:22:49] [INFO] Epoch 5/50 - loss: 0.0555, val_loss: 2.1320, accuracy: 0.9804, val_accuracy:0.5621
[2025-11-20 21:22:49] [INFO] Epoch 6/50 - loss: 0.0307, val_loss: 3.0794, accuracy: 0.9926, val_accuracy:0.5033
[2025-11-20 21:22:49] [INFO] Epoch 7/50 - loss: 0.0304, val_loss: 3.6778, accuracy: 0.9894, val_accuracy:0.5065
[2025-11-20 21:22:49] [INFO] Training history saved to /home/owaismujtaba/projects/mind-voice/results/DecodingResults/sub-13_ses-01_overt_covert_rest_accuracy.csv
[2025-11-20 21:22:49] [INFO] Classification report saved to /home/owaismujtaba/projects/mind-voice/results/DecodingResults/sub-13_ses-01_classification_report.csv
[2025-11-20 21:22:49] [INFO] Confusion matrix saved to /home/owaismujtaba/projects/mind-voice/results/DecodingResults/sub-13_ses-01_confusion_matrix.csv
[2025-11-20 21:22:49] [INFO] Initializing OvertCovertRestPipeline
[2025-11-20 21:22:49] [INFO] Initializing SpeechEEGDatasetLoader
[2025-11-20 21:22:49] [INFO] ************************************************************
[2025-11-20 21:22:49] [INFO] ********** Initalizing BIDSDatasetReader**********
[2025-11-20 21:22:49] [INFO] ************************************************************
[2025-11-20 21:22:49] [INFO] Loading Raw Data
[2025-11-20 21:22:56] [INFO] Setting refrence : ['FCz']
[2025-11-20 21:22:57] [INFO] Setting EEG Reference
[2025-11-20 21:22:57] [INFO] Precprcessing EEG
[2025-11-20 21:22:57] [INFO] Processed file present
[2025-11-20 21:23:00] [INFO] {'trial_mode': 'Real', 'trial_unit': 'Words', 'experiment_mode': 'Experiment', 'trial_boundary': 'Start', 'trial_type': 'Speech', 'modality': '', 'tmin': -0.2, 'tmax': 1.5}
[2025-11-20 21:23:01] [INFO] Initializing SpeechEEGDatasetLoader
[2025-11-20 21:23:01] [INFO] ************************************************************
[2025-11-20 21:23:01] [INFO] ********** Initalizing BIDSDatasetReader**********
[2025-11-20 21:23:01] [INFO] ************************************************************
[2025-11-20 21:23:01] [INFO] Loading Raw Data
[2025-11-20 21:23:08] [INFO] Setting refrence : ['FCz']
[2025-11-20 21:23:09] [INFO] Setting EEG Reference
[2025-11-20 21:23:09] [INFO] Precprcessing EEG
[2025-11-20 21:23:09] [INFO] Processed file present
[2025-11-20 21:23:10] [INFO] {'trial_mode': 'Silent', 'trial_unit': 'Words', 'experiment_mode': 'Experiment', 'trial_boundary': 'Start', 'trial_type': 'Speech', 'modality': '', 'tmin': -0.2, 'tmax': 1.5}
[2025-11-20 21:23:11] [INFO] Initializing SpeechEEGDatasetLoader
[2025-11-20 21:23:11] [INFO] ************************************************************
[2025-11-20 21:23:11] [INFO] ********** Initalizing BIDSDatasetReader**********
[2025-11-20 21:23:11] [INFO] ************************************************************
[2025-11-20 21:23:11] [INFO] Loading Raw Data
[2025-11-20 21:23:18] [INFO] Setting refrence : ['FCz']
[2025-11-20 21:23:19] [INFO] Setting EEG Reference
[2025-11-20 21:23:19] [INFO] Precprcessing EEG
[2025-11-20 21:23:19] [INFO] Processed file present
[2025-11-20 21:23:20] [INFO] {'trial_mode': '', 'trial_unit': 'Words', 'experiment_mode': 'Experiment', 'trial_boundary': 'Start', 'trial_type': 'Fixation', 'modality': '', 'tmin': -0.2, 'tmax': 1.5}
[2025-11-20 21:23:21] [INFO] Removing data imbalance using RandomOverSampler
[2025-11-20 21:23:21] [INFO] Normalizing X
[2025-11-20 21:23:22] [INFO] Data loaded and oversampled: 1530 samples, 64 channels, 1701 timepoints
[2025-11-20 21:24:52] [INFO] Epoch 1/50 - loss: 1.3872, val_loss: 0.9047, accuracy: 0.6201, val_accuracy:0.5948
[2025-11-20 21:24:52] [INFO] Epoch 2/50 - loss: 0.3918, val_loss: 0.6649, accuracy: 0.8611, val_accuracy:0.7908
[2025-11-20 21:24:52] [INFO] Epoch 3/50 - loss: 0.1675, val_loss: 0.6515, accuracy: 0.9436, val_accuracy:0.7647
[2025-11-20 21:24:52] [INFO] Epoch 4/50 - loss: 0.0741, val_loss: 1.0340, accuracy: 0.9665, val_accuracy:0.6307
[2025-11-20 21:24:52] [INFO] Epoch 5/50 - loss: 0.0507, val_loss: 1.6495, accuracy: 0.9779, val_accuracy:0.6373
[2025-11-20 21:24:52] [INFO] Epoch 6/50 - loss: 0.0245, val_loss: 2.3508, accuracy: 0.9951, val_accuracy:0.6340
[2025-11-20 21:24:52] [INFO] Epoch 7/50 - loss: 0.0312, val_loss: 2.9827, accuracy: 0.9894, val_accuracy:0.6438
[2025-11-20 21:24:52] [INFO] Epoch 8/50 - loss: 0.0166, val_loss: 3.5844, accuracy: 0.9967, val_accuracy:0.6471
[2025-11-20 21:24:52] [INFO] Training history saved to /home/owaismujtaba/projects/mind-voice/results/DecodingResults/sub-13_ses-02_overt_covert_rest_accuracy.csv
[2025-11-20 21:24:52] [INFO] Classification report saved to /home/owaismujtaba/projects/mind-voice/results/DecodingResults/sub-13_ses-02_classification_report.csv
[2025-11-20 21:24:52] [INFO] Confusion matrix saved to /home/owaismujtaba/projects/mind-voice/results/DecodingResults/sub-13_ses-02_confusion_matrix.csv
[2025-11-20 21:24:52] [INFO] Initializing OvertCovertRestPipeline
[2025-11-20 21:24:52] [INFO] Initializing SpeechEEGDatasetLoader
[2025-11-20 21:24:52] [INFO] ************************************************************
[2025-11-20 21:24:52] [INFO] ********** Initalizing BIDSDatasetReader**********
[2025-11-20 21:24:52] [INFO] ************************************************************
[2025-11-20 21:24:52] [INFO] Loading Raw Data
[2025-11-20 21:25:00] [INFO] Setting refrence : ['FCz']
[2025-11-20 21:25:01] [INFO] Setting EEG Reference
[2025-11-20 21:25:01] [INFO] Precprcessing EEG
[2025-11-20 21:25:01] [INFO] Processed file present
[2025-11-20 21:25:06] [INFO] {'trial_mode': 'Real', 'trial_unit': 'Words', 'experiment_mode': 'Experiment', 'trial_boundary': 'Start', 'trial_type': 'Speech', 'modality': '', 'tmin': -0.2, 'tmax': 1.5}
[2025-11-20 21:25:06] [INFO] Initializing SpeechEEGDatasetLoader
[2025-11-20 21:25:06] [INFO] ************************************************************
[2025-11-20 21:25:06] [INFO] ********** Initalizing BIDSDatasetReader**********
[2025-11-20 21:25:06] [INFO] ************************************************************
[2025-11-20 21:25:06] [INFO] Loading Raw Data
[2025-11-20 21:25:14] [INFO] Setting refrence : ['FCz']
[2025-11-20 21:25:15] [INFO] Setting EEG Reference
[2025-11-20 21:25:15] [INFO] Precprcessing EEG
[2025-11-20 21:25:15] [INFO] Processed file present
[2025-11-20 21:25:17] [INFO] {'trial_mode': 'Silent', 'trial_unit': 'Words', 'experiment_mode': 'Experiment', 'trial_boundary': 'Start', 'trial_type': 'Speech', 'modality': '', 'tmin': -0.2, 'tmax': 1.5}
[2025-11-20 21:25:17] [INFO] Initializing SpeechEEGDatasetLoader
[2025-11-20 21:25:17] [INFO] ************************************************************
[2025-11-20 21:25:17] [INFO] ********** Initalizing BIDSDatasetReader**********
[2025-11-20 21:25:17] [INFO] ************************************************************
[2025-11-20 21:25:17] [INFO] Loading Raw Data
[2025-11-20 21:25:25] [INFO] Setting refrence : ['FCz']
[2025-11-20 21:25:26] [INFO] Setting EEG Reference
[2025-11-20 21:25:26] [INFO] Precprcessing EEG
[2025-11-20 21:25:26] [INFO] Processed file present
[2025-11-20 21:25:28] [INFO] {'trial_mode': '', 'trial_unit': 'Words', 'experiment_mode': 'Experiment', 'trial_boundary': 'Start', 'trial_type': 'Fixation', 'modality': '', 'tmin': -0.2, 'tmax': 1.5}
[2025-11-20 21:25:28] [INFO] Removing data imbalance using RandomOverSampler
[2025-11-20 21:25:28] [INFO] Normalizing X
[2025-11-20 21:25:29] [INFO] Data loaded and oversampled: 1530 samples, 64 channels, 1742 timepoints
[2025-11-20 21:27:02] [INFO] Epoch 1/50 - loss: 1.3084, val_loss: 0.9519, accuracy: 0.6234, val_accuracy:0.5850
[2025-11-20 21:27:02] [INFO] Epoch 2/50 - loss: 0.3710, val_loss: 0.8352, accuracy: 0.8848, val_accuracy:0.6634
[2025-11-20 21:27:02] [INFO] Epoch 3/50 - loss: 0.1636, val_loss: 0.5109, accuracy: 0.9379, val_accuracy:0.8333
[2025-11-20 21:27:02] [INFO] Epoch 4/50 - loss: 0.0997, val_loss: 0.5157, accuracy: 0.9649, val_accuracy:0.7778
[2025-11-20 21:27:02] [INFO] Epoch 5/50 - loss: 0.0548, val_loss: 0.8159, accuracy: 0.9812, val_accuracy:0.7288
[2025-11-20 21:27:02] [INFO] Epoch 6/50 - loss: 0.0648, val_loss: 1.3323, accuracy: 0.9755, val_accuracy:0.6144
[2025-11-20 21:27:02] [INFO] Epoch 7/50 - loss: 0.0338, val_loss: 1.9496, accuracy: 0.9886, val_accuracy:0.5327
[2025-11-20 21:27:02] [INFO] Epoch 8/50 - loss: 0.0296, val_loss: 2.6847, accuracy: 0.9926, val_accuracy:0.4379
[2025-11-20 21:27:02] [INFO] Training history saved to /home/owaismujtaba/projects/mind-voice/results/DecodingResults/sub-14_ses-01_overt_covert_rest_accuracy.csv
[2025-11-20 21:27:02] [INFO] Classification report saved to /home/owaismujtaba/projects/mind-voice/results/DecodingResults/sub-14_ses-01_classification_report.csv
[2025-11-20 21:27:02] [INFO] Confusion matrix saved to /home/owaismujtaba/projects/mind-voice/results/DecodingResults/sub-14_ses-01_confusion_matrix.csv
[2025-11-20 21:27:02] [INFO] Initializing OvertCovertRestPipeline
[2025-11-20 21:27:02] [INFO] Initializing SpeechEEGDatasetLoader
[2025-11-20 21:27:02] [INFO] ************************************************************
[2025-11-20 21:27:02] [INFO] ********** Initalizing BIDSDatasetReader**********
[2025-11-20 21:27:02] [INFO] ************************************************************
[2025-11-20 21:27:02] [INFO] Loading Raw Data
[2025-11-20 21:27:09] [INFO] Setting refrence : ['FCz']
[2025-11-20 21:27:10] [INFO] Setting EEG Reference
[2025-11-20 21:27:10] [INFO] Precprcessing EEG
[2025-11-20 21:27:10] [INFO] Processed file present
[2025-11-20 21:27:12] [INFO] {'trial_mode': 'Real', 'trial_unit': 'Words', 'experiment_mode': 'Experiment', 'trial_boundary': 'Start', 'trial_type': 'Speech', 'modality': '', 'tmin': -0.2, 'tmax': 1.5}
[2025-11-20 21:27:12] [INFO] Initializing SpeechEEGDatasetLoader
[2025-11-20 21:27:12] [INFO] ************************************************************
[2025-11-20 21:27:12] [INFO] ********** Initalizing BIDSDatasetReader**********
[2025-11-20 21:27:12] [INFO] ************************************************************
[2025-11-20 21:27:12] [INFO] Loading Raw Data
[2025-11-20 21:27:20] [INFO] Setting refrence : ['FCz']
[2025-11-20 21:27:20] [INFO] Setting EEG Reference
[2025-11-20 21:27:20] [INFO] Precprcessing EEG
[2025-11-20 21:27:20] [INFO] Processed file present
[2025-11-20 21:27:21] [INFO] {'trial_mode': 'Silent', 'trial_unit': 'Words', 'experiment_mode': 'Experiment', 'trial_boundary': 'Start', 'trial_type': 'Speech', 'modality': '', 'tmin': -0.2, 'tmax': 1.5}
[2025-11-20 21:27:22] [INFO] Initializing SpeechEEGDatasetLoader
[2025-11-20 21:27:22] [INFO] ************************************************************
[2025-11-20 21:27:22] [INFO] ********** Initalizing BIDSDatasetReader**********
[2025-11-20 21:27:22] [INFO] ************************************************************
[2025-11-20 21:27:22] [INFO] Loading Raw Data
[2025-11-20 21:27:29] [INFO] Setting refrence : ['FCz']
[2025-11-20 21:27:30] [INFO] Setting EEG Reference
[2025-11-20 21:27:30] [INFO] Precprcessing EEG
[2025-11-20 21:27:30] [INFO] Processed file present
[2025-11-20 21:27:31] [INFO] {'trial_mode': '', 'trial_unit': 'Words', 'experiment_mode': 'Experiment', 'trial_boundary': 'Start', 'trial_type': 'Fixation', 'modality': '', 'tmin': -0.2, 'tmax': 1.5}
[2025-11-20 21:27:32] [INFO] Removing data imbalance using RandomOverSampler
[2025-11-20 21:27:32] [INFO] Normalizing X
[2025-11-20 21:27:32] [INFO] Data loaded and oversampled: 1530 samples, 64 channels, 1742 timepoints
[2025-11-20 21:29:05] [INFO] Epoch 1/50 - loss: 1.3367, val_loss: 0.9454, accuracy: 0.6217, val_accuracy:0.5980
[2025-11-20 21:29:05] [INFO] Epoch 2/50 - loss: 0.3146, val_loss: 0.7856, accuracy: 0.8889, val_accuracy:0.7353
[2025-11-20 21:29:05] [INFO] Epoch 3/50 - loss: 0.1166, val_loss: 0.6305, accuracy: 0.9600, val_accuracy:0.7353
[2025-11-20 21:29:05] [INFO] Epoch 4/50 - loss: 0.0689, val_loss: 1.2179, accuracy: 0.9755, val_accuracy:0.5588
[2025-11-20 21:29:05] [INFO] Epoch 5/50 - loss: 0.0449, val_loss: 2.2125, accuracy: 0.9853, val_accuracy:0.4281
[2025-11-20 21:29:05] [INFO] Epoch 6/50 - loss: 0.0326, val_loss: 3.8262, accuracy: 0.9894, val_accuracy:0.3529
[2025-11-20 21:29:05] [INFO] Epoch 7/50 - loss: 0.0197, val_loss: 5.0985, accuracy: 0.9959, val_accuracy:0.3464
[2025-11-20 21:29:05] [INFO] Epoch 8/50 - loss: 0.0169, val_loss: 6.0255, accuracy: 0.9951, val_accuracy:0.3333
[2025-11-20 21:29:05] [INFO] Training history saved to /home/owaismujtaba/projects/mind-voice/results/DecodingResults/sub-15_ses-01_overt_covert_rest_accuracy.csv
[2025-11-20 21:29:05] [INFO] Classification report saved to /home/owaismujtaba/projects/mind-voice/results/DecodingResults/sub-15_ses-01_classification_report.csv
[2025-11-20 21:29:05] [INFO] Confusion matrix saved to /home/owaismujtaba/projects/mind-voice/results/DecodingResults/sub-15_ses-01_confusion_matrix.csv
[2025-11-20 21:29:05] [INFO] Initializing OvertCovertRestPipeline
[2025-11-20 21:29:05] [INFO] Initializing SpeechEEGDatasetLoader
[2025-11-20 21:29:05] [INFO] ************************************************************
[2025-11-20 21:29:05] [INFO] ********** Initalizing BIDSDatasetReader**********
[2025-11-20 21:29:05] [INFO] ************************************************************
[2025-11-20 21:29:05] [INFO] Loading Raw Data
[2025-11-20 21:29:05] [INFO] Setting refrence : ['FCz']
[2025-11-20 21:29:06] [INFO] Setting EEG Reference
[2025-11-20 21:29:06] [INFO] Precprcessing EEG
[2025-11-20 21:29:06] [INFO] Processed file present
[2025-11-20 21:29:06] [INFO] {'trial_mode': 'Real', 'trial_unit': 'Words', 'experiment_mode': 'Experiment', 'trial_boundary': 'Start', 'trial_type': 'Speech', 'modality': '', 'tmin': -0.2, 'tmax': 1.5}
[2025-11-20 21:29:06] [INFO] Initializing SpeechEEGDatasetLoader
[2025-11-20 21:29:06] [INFO] ************************************************************
[2025-11-20 21:29:06] [INFO] ********** Initalizing BIDSDatasetReader**********
[2025-11-20 21:29:06] [INFO] ************************************************************
[2025-11-20 21:29:06] [INFO] Loading Raw Data
[2025-11-20 21:29:07] [INFO] Setting refrence : ['FCz']
[2025-11-20 21:29:07] [INFO] Setting EEG Reference
[2025-11-20 21:29:07] [INFO] Precprcessing EEG
[2025-11-20 21:29:07] [INFO] Processed file present
[2025-11-20 21:29:08] [INFO] {'trial_mode': 'Silent', 'trial_unit': 'Words', 'experiment_mode': 'Experiment', 'trial_boundary': 'Start', 'trial_type': 'Speech', 'modality': '', 'tmin': -0.2, 'tmax': 1.5}
[2025-11-20 21:29:08] [INFO] Initializing SpeechEEGDatasetLoader
[2025-11-20 21:29:08] [INFO] ************************************************************
[2025-11-20 21:29:08] [INFO] ********** Initalizing BIDSDatasetReader**********
[2025-11-20 21:29:08] [INFO] ************************************************************
[2025-11-20 21:29:08] [INFO] Loading Raw Data
[2025-11-20 21:29:09] [INFO] Setting refrence : ['FCz']
[2025-11-20 21:29:09] [INFO] Setting EEG Reference
[2025-11-20 21:29:09] [INFO] Precprcessing EEG
[2025-11-20 21:29:09] [INFO] Processed file present
[2025-11-20 21:29:09] [INFO] {'trial_mode': '', 'trial_unit': 'Words', 'experiment_mode': 'Experiment', 'trial_boundary': 'Start', 'trial_type': 'Fixation', 'modality': '', 'tmin': -0.2, 'tmax': 1.5}
[2025-11-20 21:29:10] [INFO] Removing data imbalance using RandomOverSampler
[2025-11-20 21:29:10] [INFO] Normalizing X
[2025-11-20 21:29:10] [INFO] Data loaded and oversampled: 789 samples, 64 channels, 1701 timepoints
[2025-11-20 21:30:09] [INFO] Epoch 1/50 - loss: 1.6205, val_loss: 0.9565, accuracy: 0.5705, val_accuracy:0.4367
[2025-11-20 21:30:09] [INFO] Epoch 2/50 - loss: 0.5605, val_loss: 0.8648, accuracy: 0.8463, val_accuracy:0.5190
[2025-11-20 21:30:09] [INFO] Epoch 3/50 - loss: 0.2902, val_loss: 0.7942, accuracy: 0.9081, val_accuracy:0.6392
[2025-11-20 21:30:09] [INFO] Epoch 4/50 - loss: 0.1466, val_loss: 0.6648, accuracy: 0.9540, val_accuracy:0.7975
[2025-11-20 21:30:09] [INFO] Epoch 5/50 - loss: 0.1200, val_loss: 0.5465, accuracy: 0.9667, val_accuracy:0.8354
[2025-11-20 21:30:09] [INFO] Epoch 6/50 - loss: 0.0882, val_loss: 0.5529, accuracy: 0.9699, val_accuracy:0.7911
[2025-11-20 21:30:09] [INFO] Epoch 7/50 - loss: 0.0555, val_loss: 0.6433, accuracy: 0.9810, val_accuracy:0.6962
[2025-11-20 21:30:09] [INFO] Epoch 8/50 - loss: 0.0261, val_loss: 0.7924, accuracy: 0.9905, val_accuracy:0.6266
[2025-11-20 21:30:09] [INFO] Epoch 9/50 - loss: 0.0398, val_loss: 0.9248, accuracy: 0.9873, val_accuracy:0.6329
[2025-11-20 21:30:09] [INFO] Epoch 10/50 - loss: 0.0233, val_loss: 1.1442, accuracy: 0.9937, val_accuracy:0.6203
[2025-11-20 21:30:09] [INFO] Training history saved to /home/owaismujtaba/projects/mind-voice/results/DecodingResults/sub-15_ses-02_overt_covert_rest_accuracy.csv
[2025-11-20 21:30:09] [INFO] Classification report saved to /home/owaismujtaba/projects/mind-voice/results/DecodingResults/sub-15_ses-02_classification_report.csv
[2025-11-20 21:30:09] [INFO] Confusion matrix saved to /home/owaismujtaba/projects/mind-voice/results/DecodingResults/sub-15_ses-02_confusion_matrix.csv
