[2025-11-20 16:21:32] [INFO] Initializing ICADataloader for Subject: 01, Session: 01
[2025-11-20 16:21:32] [INFO] ************************************************************
[2025-11-20 16:21:32] [INFO] ********** Initalizing BIDSDatasetReader**********
[2025-11-20 16:21:32] [INFO] ************************************************************
[2025-11-20 16:21:32] [INFO] Precprcessing EEG
[2025-11-20 16:21:32] [INFO] Processed file present
[2025-11-20 16:22:23] [INFO] Initializing ICADataloader for Subject: 01, Session: 01
[2025-11-20 16:22:23] [INFO] ************************************************************
[2025-11-20 16:22:23] [INFO] ********** Initalizing BIDSDatasetReader**********
[2025-11-20 16:22:23] [INFO] ************************************************************
[2025-11-20 16:22:23] [INFO] Loading Raw Data
[2025-11-20 16:22:35] [INFO] Setting refrence : ['FCz']
[2025-11-20 16:22:36] [INFO] Setting EEG Reference
[2025-11-20 16:22:36] [INFO] Precprcessing EEG
[2025-11-20 16:22:36] [INFO] Processed file present
[2025-11-20 16:22:41] [INFO] Subject: 01 | Session: 01 | Overt SNR Improvement Ratio: -0.0628 | Covert SNR Improvement Ratio: -0.1754
[2025-11-20 16:22:41] [INFO] Initializing ICADataloader for Subject: 02, Session: 01
[2025-11-20 16:22:41] [INFO] ************************************************************
[2025-11-20 16:22:41] [INFO] ********** Initalizing BIDSDatasetReader**********
[2025-11-20 16:22:41] [INFO] ************************************************************
[2025-11-20 16:22:41] [INFO] Loading Raw Data
[2025-11-20 16:22:51] [INFO] Setting refrence : ['FCz']
[2025-11-20 16:22:52] [INFO] Setting EEG Reference
[2025-11-20 16:22:52] [INFO] Precprcessing EEG
[2025-11-20 16:22:52] [INFO] Processed file present
[2025-11-20 16:22:56] [INFO] Subject: 02 | Session: 01 | Overt SNR Improvement Ratio: 0.2276 | Covert SNR Improvement Ratio: 0.2524
[2025-11-20 16:22:56] [INFO] Initializing ICADataloader for Subject: 03, Session: 01
[2025-11-20 16:22:56] [INFO] ************************************************************
[2025-11-20 16:22:56] [INFO] ********** Initalizing BIDSDatasetReader**********
[2025-11-20 16:22:56] [INFO] ************************************************************
[2025-11-20 16:22:56] [INFO] Loading Raw Data
[2025-11-20 16:23:06] [INFO] Setting refrence : ['FCz']
[2025-11-20 16:23:08] [INFO] Setting EEG Reference
[2025-11-20 16:23:08] [INFO] Precprcessing EEG
[2025-11-20 16:23:08] [INFO] Processed file present
[2025-11-20 16:23:11] [INFO] Subject: 03 | Session: 01 | Overt SNR Improvement Ratio: 0.1529 | Covert SNR Improvement Ratio: 0.0722
[2025-11-20 16:23:11] [INFO] Initializing ICADataloader for Subject: 04, Session: 01
[2025-11-20 16:23:11] [INFO] ************************************************************
[2025-11-20 16:23:11] [INFO] ********** Initalizing BIDSDatasetReader**********
[2025-11-20 16:23:11] [INFO] ************************************************************
[2025-11-20 16:23:11] [INFO] Loading Raw Data
[2025-11-20 16:23:22] [INFO] Setting refrence : ['FCz']
[2025-11-20 16:23:23] [INFO] Setting EEG Reference
[2025-11-20 16:23:23] [INFO] Precprcessing EEG
[2025-11-20 16:23:23] [INFO] Processed file present
[2025-11-20 16:23:27] [INFO] Subject: 04 | Session: 01 | Overt SNR Improvement Ratio: 0.3964 | Covert SNR Improvement Ratio: 0.0611
[2025-11-20 16:23:27] [INFO] Initializing ICADataloader for Subject: 04, Session: 02
[2025-11-20 16:23:27] [INFO] ************************************************************
[2025-11-20 16:23:27] [INFO] ********** Initalizing BIDSDatasetReader**********
[2025-11-20 16:23:27] [INFO] ************************************************************
[2025-11-20 16:23:27] [INFO] Loading Raw Data
[2025-11-20 16:23:37] [INFO] Setting refrence : ['FCz']
[2025-11-20 16:23:39] [INFO] Setting EEG Reference
[2025-11-20 16:23:39] [INFO] Precprcessing EEG
[2025-11-20 16:23:39] [INFO] Processed file present
[2025-11-20 16:23:43] [INFO] Subject: 04 | Session: 02 | Overt SNR Improvement Ratio: 0.0665 | Covert SNR Improvement Ratio: -0.0273
[2025-11-20 16:23:43] [INFO] Initializing ICADataloader for Subject: 05, Session: 01
[2025-11-20 16:23:43] [INFO] ************************************************************
[2025-11-20 16:23:43] [INFO] ********** Initalizing BIDSDatasetReader**********
[2025-11-20 16:23:43] [INFO] ************************************************************
[2025-11-20 16:23:43] [INFO] Loading Raw Data
[2025-11-20 16:23:52] [INFO] Setting refrence : ['FCz']
[2025-11-20 16:23:53] [INFO] Setting EEG Reference
[2025-11-20 16:23:53] [INFO] Precprcessing EEG
[2025-11-20 16:23:53] [INFO] Processed file present
[2025-11-20 16:23:57] [INFO] Subject: 05 | Session: 01 | Overt SNR Improvement Ratio: 0.0003 | Covert SNR Improvement Ratio: 0.0010
[2025-11-20 16:23:57] [INFO] Initializing ICADataloader for Subject: 05, Session: 02
[2025-11-20 16:23:57] [INFO] ************************************************************
[2025-11-20 16:23:57] [INFO] ********** Initalizing BIDSDatasetReader**********
[2025-11-20 16:23:57] [INFO] ************************************************************
[2025-11-20 16:23:57] [INFO] Loading Raw Data
[2025-11-20 16:24:06] [INFO] Setting refrence : ['FCz']
[2025-11-20 16:24:07] [INFO] Setting EEG Reference
[2025-11-20 16:24:07] [INFO] Precprcessing EEG
[2025-11-20 16:24:07] [INFO] Processed file present
[2025-11-20 16:24:11] [INFO] Subject: 05 | Session: 02 | Overt SNR Improvement Ratio: 0.9679 | Covert SNR Improvement Ratio: 0.9683
[2025-11-20 16:24:11] [INFO] Initializing ICADataloader for Subject: 06, Session: 01
[2025-11-20 16:24:11] [INFO] ************************************************************
[2025-11-20 16:24:11] [INFO] ********** Initalizing BIDSDatasetReader**********
[2025-11-20 16:24:11] [INFO] ************************************************************
[2025-11-20 16:24:11] [INFO] Loading Raw Data
[2025-11-20 16:24:21] [INFO] Setting refrence : ['FCz']
[2025-11-20 16:24:23] [INFO] Setting EEG Reference
[2025-11-20 16:24:23] [INFO] Precprcessing EEG
[2025-11-20 16:24:23] [INFO] Processed file present
[2025-11-20 16:24:27] [INFO] Subject: 06 | Session: 01 | Overt SNR Improvement Ratio: 0.3513 | Covert SNR Improvement Ratio: 0.2278
[2025-11-20 16:24:27] [INFO] Initializing ICADataloader for Subject: 06, Session: 02
[2025-11-20 16:24:27] [INFO] ************************************************************
[2025-11-20 16:24:27] [INFO] ********** Initalizing BIDSDatasetReader**********
[2025-11-20 16:24:27] [INFO] ************************************************************
[2025-11-20 16:24:27] [INFO] Loading Raw Data
[2025-11-20 17:10:55] [INFO] Initializing ICADataloader for Subject: 01, Session: 01
[2025-11-20 17:10:55] [INFO] ************************************************************
[2025-11-20 17:10:55] [INFO] ********** Initalizing BIDSDatasetReader**********
[2025-11-20 17:10:55] [INFO] ************************************************************
[2025-11-20 17:10:55] [INFO] Loading Raw Data
[2025-11-20 17:11:03] [INFO] Setting refrence : ['FCz']
[2025-11-20 17:11:03] [INFO] Setting EEG Reference
[2025-11-20 17:11:03] [INFO] Precprcessing EEG
[2025-11-20 17:11:03] [INFO] Processed file present
[2025-11-20 17:11:06] [INFO] Subject: 01 | Session: 01 | Overt SNR Improvement Ratio: -0.0628 | Covert SNR Improvement Ratio: -0.1754
[2025-11-20 17:11:06] [INFO] Initializing ICADataloader for Subject: 02, Session: 01
[2025-11-20 17:11:06] [INFO] ************************************************************
[2025-11-20 17:11:06] [INFO] ********** Initalizing BIDSDatasetReader**********
[2025-11-20 17:11:06] [INFO] ************************************************************
[2025-11-20 17:11:06] [INFO] Loading Raw Data
[2025-11-20 17:11:13] [INFO] Setting refrence : ['FCz']
[2025-11-20 17:11:14] [INFO] Setting EEG Reference
[2025-11-20 17:11:14] [INFO] Precprcessing EEG
[2025-11-20 17:11:14] [INFO] Processed file present
[2025-11-20 17:11:16] [INFO] Subject: 02 | Session: 01 | Overt SNR Improvement Ratio: 0.2276 | Covert SNR Improvement Ratio: 0.2524
[2025-11-20 17:11:16] [INFO] Initializing ICADataloader for Subject: 03, Session: 01
[2025-11-20 17:11:16] [INFO] ************************************************************
[2025-11-20 17:11:16] [INFO] ********** Initalizing BIDSDatasetReader**********
[2025-11-20 17:11:16] [INFO] ************************************************************
[2025-11-20 17:11:16] [INFO] Loading Raw Data
[2025-11-20 17:11:24] [INFO] Setting refrence : ['FCz']
[2025-11-20 17:11:25] [INFO] Setting EEG Reference
[2025-11-20 17:11:25] [INFO] Precprcessing EEG
[2025-11-20 17:11:25] [INFO] Processed file present
[2025-11-20 17:11:27] [INFO] Subject: 03 | Session: 01 | Overt SNR Improvement Ratio: 0.1529 | Covert SNR Improvement Ratio: 0.0722
[2025-11-20 17:11:27] [INFO] Initializing ICADataloader for Subject: 04, Session: 01
[2025-11-20 17:11:27] [INFO] ************************************************************
[2025-11-20 17:11:27] [INFO] ********** Initalizing BIDSDatasetReader**********
[2025-11-20 17:11:27] [INFO] ************************************************************
[2025-11-20 17:11:27] [INFO] Loading Raw Data
[2025-11-20 17:11:35] [INFO] Setting refrence : ['FCz']
[2025-11-20 17:11:35] [INFO] Setting EEG Reference
[2025-11-20 17:11:35] [INFO] Precprcessing EEG
[2025-11-20 17:11:35] [INFO] Processed file present
[2025-11-20 17:11:38] [INFO] Subject: 04 | Session: 01 | Overt SNR Improvement Ratio: 0.3964 | Covert SNR Improvement Ratio: 0.0611
[2025-11-20 17:11:38] [INFO] Initializing ICADataloader for Subject: 04, Session: 02
[2025-11-20 17:11:38] [INFO] ************************************************************
[2025-11-20 17:11:38] [INFO] ********** Initalizing BIDSDatasetReader**********
[2025-11-20 17:11:38] [INFO] ************************************************************
[2025-11-20 17:11:38] [INFO] Loading Raw Data
[2025-11-20 17:11:45] [INFO] Setting refrence : ['FCz']
[2025-11-20 17:11:46] [INFO] Setting EEG Reference
[2025-11-20 17:11:46] [INFO] Precprcessing EEG
[2025-11-20 17:11:46] [INFO] Processed file present
[2025-11-20 17:11:48] [INFO] Subject: 04 | Session: 02 | Overt SNR Improvement Ratio: 0.0665 | Covert SNR Improvement Ratio: -0.0273
[2025-11-20 17:11:48] [INFO] Initializing ICADataloader for Subject: 05, Session: 01
[2025-11-20 17:11:48] [INFO] ************************************************************
[2025-11-20 17:11:48] [INFO] ********** Initalizing BIDSDatasetReader**********
[2025-11-20 17:11:48] [INFO] ************************************************************
[2025-11-20 17:11:48] [INFO] Loading Raw Data
[2025-11-20 17:11:56] [INFO] Setting refrence : ['FCz']
[2025-11-20 17:11:56] [INFO] Setting EEG Reference
[2025-11-20 17:11:56] [INFO] Precprcessing EEG
[2025-11-20 17:11:56] [INFO] Processed file present
[2025-11-20 17:11:59] [INFO] Subject: 05 | Session: 01 | Overt SNR Improvement Ratio: 0.0003 | Covert SNR Improvement Ratio: 0.0010
[2025-11-20 17:11:59] [INFO] Initializing ICADataloader for Subject: 05, Session: 02
[2025-11-20 17:11:59] [INFO] ************************************************************
[2025-11-20 17:11:59] [INFO] ********** Initalizing BIDSDatasetReader**********
[2025-11-20 17:11:59] [INFO] ************************************************************
[2025-11-20 17:11:59] [INFO] Loading Raw Data
[2025-11-20 17:12:06] [INFO] Setting refrence : ['FCz']
[2025-11-20 17:12:06] [INFO] Setting EEG Reference
[2025-11-20 17:12:06] [INFO] Precprcessing EEG
[2025-11-20 17:12:06] [INFO] Processed file present
[2025-11-20 17:12:08] [INFO] Subject: 05 | Session: 02 | Overt SNR Improvement Ratio: 0.9679 | Covert SNR Improvement Ratio: 0.9683
[2025-11-20 17:12:08] [INFO] Initializing ICADataloader for Subject: 06, Session: 01
[2025-11-20 17:12:08] [INFO] ************************************************************
[2025-11-20 17:12:08] [INFO] ********** Initalizing BIDSDatasetReader**********
[2025-11-20 17:12:08] [INFO] ************************************************************
[2025-11-20 17:12:08] [INFO] Loading Raw Data
[2025-11-20 17:12:16] [INFO] Setting refrence : ['FCz']
[2025-11-20 17:12:17] [INFO] Setting EEG Reference
[2025-11-20 17:12:17] [INFO] Precprcessing EEG
[2025-11-20 17:12:17] [INFO] Processed file present
[2025-11-20 17:12:19] [INFO] Subject: 06 | Session: 01 | Overt SNR Improvement Ratio: 0.3513 | Covert SNR Improvement Ratio: 0.2278
[2025-11-20 17:12:19] [INFO] Initializing ICADataloader for Subject: 06, Session: 02
[2025-11-20 17:12:19] [INFO] ************************************************************
[2025-11-20 17:12:19] [INFO] ********** Initalizing BIDSDatasetReader**********
[2025-11-20 17:12:19] [INFO] ************************************************************
[2025-11-20 17:12:19] [INFO] Loading Raw Data
[2025-11-20 17:12:26] [INFO] Setting refrence : ['FCz']
[2025-11-20 17:12:27] [INFO] Setting EEG Reference
[2025-11-20 17:12:27] [INFO] Precprcessing EEG
[2025-11-20 17:12:27] [INFO] Processed file present
[2025-11-20 17:12:29] [INFO] Subject: 06 | Session: 02 | Overt SNR Improvement Ratio: 0.0696 | Covert SNR Improvement Ratio: 0.1608
[2025-11-20 17:12:29] [INFO] Initializing ICADataloader for Subject: 07, Session: 01
[2025-11-20 17:12:29] [INFO] ************************************************************
[2025-11-20 17:12:29] [INFO] ********** Initalizing BIDSDatasetReader**********
[2025-11-20 17:12:29] [INFO] ************************************************************
[2025-11-20 17:12:29] [INFO] Loading Raw Data
[2025-11-20 17:12:37] [INFO] Setting refrence : ['FCz']
[2025-11-20 17:12:37] [INFO] Setting EEG Reference
[2025-11-20 17:12:37] [INFO] Precprcessing EEG
[2025-11-20 17:12:37] [INFO] Processed file present
[2025-11-20 17:12:40] [INFO] Subject: 07 | Session: 01 | Overt SNR Improvement Ratio: -0.3012 | Covert SNR Improvement Ratio: -0.3768
[2025-11-20 17:12:40] [INFO] Initializing ICADataloader for Subject: 08, Session: 01
[2025-11-20 17:12:40] [INFO] ************************************************************
[2025-11-20 17:12:40] [INFO] ********** Initalizing BIDSDatasetReader**********
[2025-11-20 17:12:40] [INFO] ************************************************************
[2025-11-20 17:12:40] [INFO] Loading Raw Data
[2025-11-20 17:12:47] [INFO] Setting refrence : ['FCz']
[2025-11-20 17:12:48] [INFO] Setting EEG Reference
[2025-11-20 17:12:48] [INFO] Precprcessing EEG
[2025-11-20 17:12:48] [INFO] Processed file present
[2025-11-20 17:12:50] [INFO] Subject: 08 | Session: 01 | Overt SNR Improvement Ratio: 0.1882 | Covert SNR Improvement Ratio: 0.1982
[2025-11-20 17:12:50] [INFO] Initializing ICADataloader for Subject: 09, Session: 01
[2025-11-20 17:12:50] [INFO] ************************************************************
[2025-11-20 17:12:50] [INFO] ********** Initalizing BIDSDatasetReader**********
[2025-11-20 17:12:50] [INFO] ************************************************************
[2025-11-20 17:12:50] [INFO] Loading Raw Data
[2025-11-20 17:12:58] [INFO] Setting refrence : ['FCz']
[2025-11-20 17:12:58] [INFO] Setting EEG Reference
[2025-11-20 17:12:58] [INFO] Precprcessing EEG
[2025-11-20 17:12:58] [INFO] Processed file present
[2025-11-20 17:13:01] [INFO] Subject: 09 | Session: 01 | Overt SNR Improvement Ratio: -0.6406 | Covert SNR Improvement Ratio: -0.5035
[2025-11-20 17:13:01] [INFO] Initializing ICADataloader for Subject: 09, Session: 02
[2025-11-20 17:13:01] [INFO] ************************************************************
[2025-11-20 17:13:01] [INFO] ********** Initalizing BIDSDatasetReader**********
[2025-11-20 17:13:01] [INFO] ************************************************************
[2025-11-20 17:13:01] [INFO] Loading Raw Data
[2025-11-20 17:13:08] [INFO] Setting refrence : ['FCz']
[2025-11-20 17:13:08] [INFO] Setting EEG Reference
[2025-11-20 17:13:08] [INFO] Precprcessing EEG
[2025-11-20 17:13:08] [INFO] Processed file present
[2025-11-20 17:13:10] [INFO] Subject: 09 | Session: 02 | Overt SNR Improvement Ratio: 0.0702 | Covert SNR Improvement Ratio: 0.0619
[2025-11-20 17:13:11] [INFO] Initializing ICADataloader for Subject: 10, Session: 01
[2025-11-20 17:13:11] [INFO] ************************************************************
[2025-11-20 17:13:11] [INFO] ********** Initalizing BIDSDatasetReader**********
[2025-11-20 17:13:11] [INFO] ************************************************************
[2025-11-20 17:13:11] [INFO] Loading Raw Data
[2025-11-20 17:13:18] [INFO] Setting refrence : ['FCz']
[2025-11-20 17:13:19] [INFO] Setting EEG Reference
[2025-11-20 17:13:19] [INFO] Precprcessing EEG
[2025-11-20 17:13:19] [INFO] Processed file present
[2025-11-20 17:13:21] [INFO] Subject: 10 | Session: 01 | Overt SNR Improvement Ratio: 0.0670 | Covert SNR Improvement Ratio: 0.0282
[2025-11-20 17:13:21] [INFO] Initializing ICADataloader for Subject: 11, Session: 01
[2025-11-20 17:13:21] [INFO] ************************************************************
[2025-11-20 17:13:21] [INFO] ********** Initalizing BIDSDatasetReader**********
[2025-11-20 17:13:21] [INFO] ************************************************************
[2025-11-20 17:13:21] [INFO] Loading Raw Data
[2025-11-20 17:13:29] [INFO] Setting refrence : ['FCz']
[2025-11-20 17:13:29] [INFO] Setting EEG Reference
[2025-11-20 17:13:29] [INFO] Precprcessing EEG
[2025-11-20 17:13:29] [INFO] Processed file present
[2025-11-20 17:13:32] [INFO] Subject: 11 | Session: 01 | Overt SNR Improvement Ratio: 0.2373 | Covert SNR Improvement Ratio: 0.2566
[2025-11-20 17:13:32] [INFO] Initializing ICADataloader for Subject: 12, Session: 01
[2025-11-20 17:13:32] [INFO] ************************************************************
[2025-11-20 17:13:32] [INFO] ********** Initalizing BIDSDatasetReader**********
[2025-11-20 17:13:32] [INFO] ************************************************************
[2025-11-20 17:13:32] [INFO] Loading Raw Data
[2025-11-20 17:13:40] [INFO] Setting refrence : ['FCz']
[2025-11-20 17:13:40] [INFO] Setting EEG Reference
[2025-11-20 17:13:40] [INFO] Precprcessing EEG
[2025-11-20 17:13:40] [INFO] Processed file present
[2025-11-20 17:13:43] [INFO] Subject: 12 | Session: 01 | Overt SNR Improvement Ratio: 0.0978 | Covert SNR Improvement Ratio: 0.0996
[2025-11-20 17:13:43] [INFO] Initializing ICADataloader for Subject: 12, Session: 02
[2025-11-20 17:13:43] [INFO] ************************************************************
[2025-11-20 17:13:43] [INFO] ********** Initalizing BIDSDatasetReader**********
[2025-11-20 17:13:43] [INFO] ************************************************************
[2025-11-20 17:13:43] [INFO] Loading Raw Data
[2025-11-20 17:13:50] [INFO] Setting refrence : ['FCz']
[2025-11-20 17:13:51] [INFO] Setting EEG Reference
[2025-11-20 17:13:51] [INFO] Precprcessing EEG
[2025-11-20 17:13:51] [INFO] Processed file present
[2025-11-20 17:17:58] [INFO] Initializing ICADataloader for Subject: 12, Session: 01
[2025-11-20 17:17:58] [INFO] ************************************************************
[2025-11-20 17:17:58] [INFO] ********** Initalizing BIDSDatasetReader**********
[2025-11-20 17:17:58] [INFO] ************************************************************
[2025-11-20 17:17:58] [INFO] Loading Raw Data
[2025-11-20 17:18:06] [INFO] Setting refrence : ['FCz']
[2025-11-20 17:18:07] [INFO] Setting EEG Reference
[2025-11-20 17:18:07] [INFO] Precprcessing EEG
[2025-11-20 17:18:07] [INFO] Processed file present
[2025-11-20 17:18:09] [INFO] Subject: 12 | Session: 01 | Overt SNR Improvement Ratio: 0.0978 | Covert SNR Improvement Ratio: 0.0996
[2025-11-20 17:18:09] [INFO] Initializing ICADataloader for Subject: 12, Session: 02
[2025-11-20 17:18:09] [INFO] ************************************************************
[2025-11-20 17:18:09] [INFO] ********** Initalizing BIDSDatasetReader**********
[2025-11-20 17:18:09] [INFO] ************************************************************
[2025-11-20 17:18:09] [INFO] Loading Raw Data
[2025-11-20 17:18:17] [INFO] Setting refrence : ['FCz']
[2025-11-20 17:18:18] [INFO] Setting EEG Reference
[2025-11-20 17:18:18] [INFO] Precprcessing EEG
[2025-11-20 17:18:18] [INFO] Applying notch filter
[2025-11-20 17:18:23] [INFO] Notch filter completed
[2025-11-20 17:18:23] [INFO] Applying bandpass low: 0.1, high: 120.0
[2025-11-20 17:18:30] [INFO] Bandpass completed
[2025-11-20 17:18:30] [INFO] Removing Artifacts using ICA {'n_components': 50, 'random_state': 97}
[2025-11-20 17:22:32] [INFO] ICA Completed
[2025-11-20 17:22:34] [INFO] processed file saved to BIDS/derivaties/low-0.1_high-120.0_ICA-True/sub-12_ses-02_processed.fif
[2025-11-20 17:22:36] [INFO] Subject: 12 | Session: 02 | Overt SNR Improvement Ratio: 0.2649 | Covert SNR Improvement Ratio: 0.2315
[2025-11-20 17:22:36] [INFO] Initializing ICADataloader for Subject: 13, Session: 01
[2025-11-20 17:22:36] [INFO] ************************************************************
[2025-11-20 17:22:36] [INFO] ********** Initalizing BIDSDatasetReader**********
[2025-11-20 17:22:36] [INFO] ************************************************************
[2025-11-20 17:22:36] [INFO] Loading Raw Data
[2025-11-20 17:22:44] [INFO] Setting refrence : ['FCz']
[2025-11-20 17:22:45] [INFO] Setting EEG Reference
[2025-11-20 17:22:45] [INFO] Precprcessing EEG
[2025-11-20 17:22:45] [INFO] Applying notch filter
[2025-11-20 17:22:51] [INFO] Notch filter completed
[2025-11-20 17:22:51] [INFO] Applying bandpass low: 0.1, high: 120.0
[2025-11-20 17:22:57] [INFO] Bandpass completed
[2025-11-20 17:22:57] [INFO] Removing Artifacts using ICA {'n_components': 50, 'random_state': 97}
[2025-11-20 17:27:53] [INFO] ICA Completed
[2025-11-20 17:27:55] [INFO] processed file saved to BIDS/derivaties/low-0.1_high-120.0_ICA-True/sub-13_ses-01_processed.fif
[2025-11-20 17:27:56] [INFO] Subject: 13 | Session: 01 | Overt SNR Improvement Ratio: 0.2581 | Covert SNR Improvement Ratio: 0.1889
[2025-11-20 17:27:56] [INFO] Initializing ICADataloader for Subject: 13, Session: 02
[2025-11-20 17:27:56] [INFO] ************************************************************
[2025-11-20 17:27:56] [INFO] ********** Initalizing BIDSDatasetReader**********
[2025-11-20 17:27:56] [INFO] ************************************************************
[2025-11-20 17:27:56] [INFO] Loading Raw Data
[2025-11-20 17:28:04] [INFO] Setting refrence : ['FCz']
[2025-11-20 17:28:05] [INFO] Setting EEG Reference
[2025-11-20 17:28:05] [INFO] Precprcessing EEG
[2025-11-20 17:28:05] [INFO] Applying notch filter
[2025-11-20 17:28:11] [INFO] Notch filter completed
[2025-11-20 17:28:11] [INFO] Applying bandpass low: 0.1, high: 120.0
[2025-11-20 17:28:17] [INFO] Bandpass completed
[2025-11-20 17:28:17] [INFO] Removing Artifacts using ICA {'n_components': 50, 'random_state': 97}
[2025-11-20 17:31:06] [INFO] ICA Completed
[2025-11-20 17:31:09] [INFO] processed file saved to BIDS/derivaties/low-0.1_high-120.0_ICA-True/sub-13_ses-02_processed.fif
[2025-11-20 17:31:10] [INFO] Subject: 13 | Session: 02 | Overt SNR Improvement Ratio: 0.1035 | Covert SNR Improvement Ratio: 0.1059
[2025-11-20 17:31:10] [INFO] Initializing ICADataloader for Subject: 14, Session: 01
[2025-11-20 17:31:10] [INFO] ************************************************************
[2025-11-20 17:31:10] [INFO] ********** Initalizing BIDSDatasetReader**********
[2025-11-20 17:31:10] [INFO] ************************************************************
[2025-11-20 17:31:10] [INFO] Loading Raw Data
[2025-11-20 17:31:19] [INFO] Setting refrence : ['FCz']
[2025-11-20 17:31:20] [INFO] Setting EEG Reference
[2025-11-20 17:31:20] [INFO] Precprcessing EEG
[2025-11-20 17:31:20] [INFO] Applying notch filter
[2025-11-20 17:31:27] [INFO] Notch filter completed
[2025-11-20 17:31:27] [INFO] Applying bandpass low: 0.1, high: 120.0
[2025-11-20 17:31:34] [INFO] Bandpass completed
[2025-11-20 17:31:34] [INFO] Removing Artifacts using ICA {'n_components': 50, 'random_state': 97}
[2025-11-20 17:36:26] [INFO] ICA Completed
[2025-11-20 17:36:29] [INFO] processed file saved to BIDS/derivaties/low-0.1_high-120.0_ICA-True/sub-14_ses-01_processed.fif
[2025-11-20 17:36:30] [INFO] Subject: 14 | Session: 01 | Overt SNR Improvement Ratio: 0.2019 | Covert SNR Improvement Ratio: 0.1282
[2025-11-20 17:36:30] [INFO] Initializing ICADataloader for Subject: 15, Session: 01
[2025-11-20 17:36:30] [INFO] ************************************************************
[2025-11-20 17:36:30] [INFO] ********** Initalizing BIDSDatasetReader**********
[2025-11-20 17:36:30] [INFO] ************************************************************
[2025-11-20 17:36:30] [INFO] Loading Raw Data
[2025-11-20 17:36:38] [INFO] Setting refrence : ['FCz']
[2025-11-20 17:36:38] [INFO] Setting EEG Reference
[2025-11-20 17:36:38] [INFO] Precprcessing EEG
[2025-11-20 17:36:38] [INFO] Applying notch filter
[2025-11-20 17:36:43] [INFO] Notch filter completed
[2025-11-20 17:36:43] [INFO] Applying bandpass low: 0.1, high: 120.0
[2025-11-20 17:36:48] [INFO] Bandpass completed
[2025-11-20 17:36:48] [INFO] Removing Artifacts using ICA {'n_components': 50, 'random_state': 97}
[2025-11-20 17:39:50] [INFO] ICA Completed
[2025-11-20 17:39:52] [INFO] processed file saved to BIDS/derivaties/low-0.1_high-120.0_ICA-True/sub-15_ses-01_processed.fif
[2025-11-20 17:39:53] [INFO] Subject: 15 | Session: 01 | Overt SNR Improvement Ratio: 0.0053 | Covert SNR Improvement Ratio: 0.0026
[2025-11-20 17:39:53] [INFO] Initializing ICADataloader for Subject: 15, Session: 02
[2025-11-20 17:39:53] [INFO] ************************************************************
[2025-11-20 17:39:53] [INFO] ********** Initalizing BIDSDatasetReader**********
[2025-11-20 17:39:53] [INFO] ************************************************************
[2025-11-20 17:39:53] [INFO] Loading Raw Data
[2025-11-20 17:39:54] [INFO] Setting refrence : ['FCz']
[2025-11-20 17:39:55] [INFO] Setting EEG Reference
[2025-11-20 17:39:55] [INFO] Precprcessing EEG
[2025-11-20 17:39:55] [INFO] Applying notch filter
[2025-11-20 17:39:56] [INFO] Notch filter completed
[2025-11-20 17:39:56] [INFO] Applying bandpass low: 0.1, high: 120.0
[2025-11-20 17:39:57] [INFO] Bandpass completed
[2025-11-20 17:39:57] [INFO] Removing Artifacts using ICA {'n_components': 50, 'random_state': 97}
[2025-11-20 17:40:48] [INFO] ICA Completed
[2025-11-20 17:40:49] [INFO] processed file saved to BIDS/derivaties/low-0.1_high-120.0_ICA-True/sub-15_ses-02_processed.fif
[2025-11-20 17:40:49] [INFO] Subject: 15 | Session: 02 | Overt SNR Improvement Ratio: 0.3518 | Covert SNR Improvement Ratio: 0.5772
[2025-11-20 20:37:53] [INFO] Initializing ICADataloader for Subject: 01, Session: 01
[2025-11-20 20:37:53] [INFO] ************************************************************
[2025-11-20 20:37:53] [INFO] ********** Initalizing BIDSDatasetReader**********
[2025-11-20 20:37:53] [INFO] ************************************************************
[2025-11-20 20:37:53] [INFO] Loading Raw Data
[2025-11-20 20:38:01] [INFO] Setting refrence : ['FCz']
[2025-11-20 20:38:02] [INFO] Setting EEG Reference
[2025-11-20 20:38:02] [INFO] Precprcessing EEG
[2025-11-20 20:38:02] [INFO] Processed file present
[2025-11-20 20:38:04] [INFO] Subject: 01 | Session: 01 | Overt SNR Improvement Ratio: -0.0628 | Covert SNR Improvement Ratio: -0.1754
[2025-11-20 20:38:04] [INFO] Initializing ICADataloader for Subject: 02, Session: 01
[2025-11-20 20:38:04] [INFO] ************************************************************
[2025-11-20 20:38:04] [INFO] ********** Initalizing BIDSDatasetReader**********
[2025-11-20 20:38:04] [INFO] ************************************************************
[2025-11-20 20:38:04] [INFO] Loading Raw Data
[2025-11-20 20:38:12] [INFO] Setting refrence : ['FCz']
[2025-11-20 20:38:12] [INFO] Setting EEG Reference
[2025-11-20 20:38:12] [INFO] Precprcessing EEG
[2025-11-20 20:38:12] [INFO] Processed file present
[2025-11-20 20:38:15] [INFO] Subject: 02 | Session: 01 | Overt SNR Improvement Ratio: 0.2276 | Covert SNR Improvement Ratio: 0.2524
[2025-11-20 20:38:15] [INFO] Initializing ICADataloader for Subject: 03, Session: 01
[2025-11-20 20:38:15] [INFO] ************************************************************
[2025-11-20 20:38:15] [INFO] ********** Initalizing BIDSDatasetReader**********
[2025-11-20 20:38:15] [INFO] ************************************************************
[2025-11-20 20:38:15] [INFO] Loading Raw Data
[2025-11-20 20:38:23] [INFO] Setting refrence : ['FCz']
[2025-11-20 20:38:23] [INFO] Setting EEG Reference
[2025-11-20 20:38:23] [INFO] Precprcessing EEG
[2025-11-20 20:38:23] [INFO] Processed file present
[2025-11-20 20:38:26] [INFO] Subject: 03 | Session: 01 | Overt SNR Improvement Ratio: 0.1529 | Covert SNR Improvement Ratio: 0.0722
[2025-11-20 20:38:26] [INFO] Initializing ICADataloader for Subject: 04, Session: 01
[2025-11-20 20:38:26] [INFO] ************************************************************
[2025-11-20 20:38:26] [INFO] ********** Initalizing BIDSDatasetReader**********
[2025-11-20 20:38:26] [INFO] ************************************************************
[2025-11-20 20:38:26] [INFO] Loading Raw Data
[2025-11-20 20:38:34] [INFO] Setting refrence : ['FCz']
[2025-11-20 20:38:35] [INFO] Setting EEG Reference
[2025-11-20 20:38:35] [INFO] Precprcessing EEG
[2025-11-20 20:38:35] [INFO] Processed file present
[2025-11-20 20:38:37] [INFO] Subject: 04 | Session: 01 | Overt SNR Improvement Ratio: 0.3964 | Covert SNR Improvement Ratio: 0.0611
[2025-11-20 20:38:37] [INFO] Initializing ICADataloader for Subject: 04, Session: 02
[2025-11-20 20:38:37] [INFO] ************************************************************
[2025-11-20 20:38:37] [INFO] ********** Initalizing BIDSDatasetReader**********
[2025-11-20 20:38:37] [INFO] ************************************************************
[2025-11-20 20:38:37] [INFO] Loading Raw Data
[2025-11-20 20:38:45] [INFO] Setting refrence : ['FCz']
[2025-11-20 20:38:45] [INFO] Setting EEG Reference
[2025-11-20 20:38:45] [INFO] Precprcessing EEG
[2025-11-20 20:38:45] [INFO] Processed file present
[2025-11-20 20:38:48] [INFO] Subject: 04 | Session: 02 | Overt SNR Improvement Ratio: 0.0665 | Covert SNR Improvement Ratio: -0.0273
[2025-11-20 20:38:48] [INFO] Initializing ICADataloader for Subject: 05, Session: 01
[2025-11-20 20:38:48] [INFO] ************************************************************
[2025-11-20 20:38:48] [INFO] ********** Initalizing BIDSDatasetReader**********
[2025-11-20 20:38:48] [INFO] ************************************************************
[2025-11-20 20:38:48] [INFO] Loading Raw Data
[2025-11-20 20:38:55] [INFO] Setting refrence : ['FCz']
[2025-11-20 20:38:56] [INFO] Setting EEG Reference
[2025-11-20 20:38:56] [INFO] Precprcessing EEG
[2025-11-20 20:38:56] [INFO] Processed file present
[2025-11-20 20:38:58] [INFO] Subject: 05 | Session: 01 | Overt SNR Improvement Ratio: 0.0003 | Covert SNR Improvement Ratio: 0.0010
[2025-11-20 20:38:58] [INFO] Initializing ICADataloader for Subject: 05, Session: 02
[2025-11-20 20:38:58] [INFO] ************************************************************
[2025-11-20 20:38:58] [INFO] ********** Initalizing BIDSDatasetReader**********
[2025-11-20 20:38:58] [INFO] ************************************************************
[2025-11-20 20:38:58] [INFO] Loading Raw Data
[2025-11-20 20:39:06] [INFO] Setting refrence : ['FCz']
[2025-11-20 20:39:06] [INFO] Setting EEG Reference
[2025-11-20 20:39:06] [INFO] Precprcessing EEG
[2025-11-20 20:39:06] [INFO] Processed file present
[2025-11-20 20:39:08] [INFO] Subject: 05 | Session: 02 | Overt SNR Improvement Ratio: 0.9679 | Covert SNR Improvement Ratio: 0.9683
[2025-11-20 20:39:08] [INFO] Initializing ICADataloader for Subject: 06, Session: 01
[2025-11-20 20:39:08] [INFO] ************************************************************
[2025-11-20 20:39:08] [INFO] ********** Initalizing BIDSDatasetReader**********
[2025-11-20 20:39:08] [INFO] ************************************************************
[2025-11-20 20:39:08] [INFO] Loading Raw Data
[2025-11-20 20:39:16] [INFO] Setting refrence : ['FCz']
[2025-11-20 20:39:17] [INFO] Setting EEG Reference
[2025-11-20 20:39:17] [INFO] Precprcessing EEG
[2025-11-20 20:39:17] [INFO] Processed file present
[2025-11-20 20:39:19] [INFO] Subject: 06 | Session: 01 | Overt SNR Improvement Ratio: 0.3513 | Covert SNR Improvement Ratio: 0.2278
[2025-11-20 20:39:19] [INFO] Initializing ICADataloader for Subject: 06, Session: 02
[2025-11-20 20:39:19] [INFO] ************************************************************
[2025-11-20 20:39:19] [INFO] ********** Initalizing BIDSDatasetReader**********
[2025-11-20 20:39:19] [INFO] ************************************************************
[2025-11-20 20:39:19] [INFO] Loading Raw Data
[2025-11-20 20:39:26] [INFO] Setting refrence : ['FCz']
[2025-11-20 20:39:27] [INFO] Setting EEG Reference
[2025-11-20 20:39:27] [INFO] Precprcessing EEG
[2025-11-20 20:39:27] [INFO] Processed file present
[2025-11-20 20:39:30] [INFO] Subject: 06 | Session: 02 | Overt SNR Improvement Ratio: 0.0696 | Covert SNR Improvement Ratio: 0.1608
[2025-11-20 20:39:30] [INFO] Initializing ICADataloader for Subject: 07, Session: 01
[2025-11-20 20:39:30] [INFO] ************************************************************
[2025-11-20 20:39:30] [INFO] ********** Initalizing BIDSDatasetReader**********
[2025-11-20 20:39:30] [INFO] ************************************************************
[2025-11-20 20:39:30] [INFO] Loading Raw Data
[2025-11-20 20:39:37] [INFO] Setting refrence : ['FCz']
[2025-11-20 20:39:38] [INFO] Setting EEG Reference
[2025-11-20 20:39:38] [INFO] Precprcessing EEG
[2025-11-20 20:39:38] [INFO] Processed file present
[2025-11-20 20:39:40] [INFO] Subject: 07 | Session: 01 | Overt SNR Improvement Ratio: -0.3012 | Covert SNR Improvement Ratio: -0.3768
[2025-11-20 20:39:40] [INFO] Initializing ICADataloader for Subject: 08, Session: 01
[2025-11-20 20:39:40] [INFO] ************************************************************
[2025-11-20 20:39:40] [INFO] ********** Initalizing BIDSDatasetReader**********
[2025-11-20 20:39:40] [INFO] ************************************************************
[2025-11-20 20:39:40] [INFO] Loading Raw Data
[2025-11-20 20:39:48] [INFO] Setting refrence : ['FCz']
[2025-11-20 20:39:48] [INFO] Setting EEG Reference
[2025-11-20 20:39:48] [INFO] Precprcessing EEG
[2025-11-20 20:39:48] [INFO] Processed file present
[2025-11-20 20:39:51] [INFO] Subject: 08 | Session: 01 | Overt SNR Improvement Ratio: 0.1882 | Covert SNR Improvement Ratio: 0.1982
[2025-11-20 20:39:51] [INFO] Initializing ICADataloader for Subject: 09, Session: 01
[2025-11-20 20:39:51] [INFO] ************************************************************
[2025-11-20 20:39:51] [INFO] ********** Initalizing BIDSDatasetReader**********
[2025-11-20 20:39:51] [INFO] ************************************************************
[2025-11-20 20:39:51] [INFO] Loading Raw Data
[2025-11-20 20:39:58] [INFO] Setting refrence : ['FCz']
[2025-11-20 20:39:59] [INFO] Setting EEG Reference
[2025-11-20 20:39:59] [INFO] Precprcessing EEG
[2025-11-20 20:39:59] [INFO] Processed file present
[2025-11-20 20:40:01] [INFO] Subject: 09 | Session: 01 | Overt SNR Improvement Ratio: -0.6406 | Covert SNR Improvement Ratio: -0.5035
[2025-11-20 20:40:01] [INFO] Initializing ICADataloader for Subject: 09, Session: 02
[2025-11-20 20:40:01] [INFO] ************************************************************
[2025-11-20 20:40:01] [INFO] ********** Initalizing BIDSDatasetReader**********
[2025-11-20 20:40:01] [INFO] ************************************************************
[2025-11-20 20:40:01] [INFO] Loading Raw Data
[2025-11-20 20:40:08] [INFO] Setting refrence : ['FCz']
[2025-11-20 20:40:09] [INFO] Setting EEG Reference
[2025-11-20 20:40:09] [INFO] Precprcessing EEG
[2025-11-20 20:40:09] [INFO] Processed file present
[2025-11-20 20:40:11] [INFO] Subject: 09 | Session: 02 | Overt SNR Improvement Ratio: 0.0702 | Covert SNR Improvement Ratio: 0.0619
[2025-11-20 20:40:11] [INFO] Initializing ICADataloader for Subject: 10, Session: 01
[2025-11-20 20:40:11] [INFO] ************************************************************
[2025-11-20 20:40:11] [INFO] ********** Initalizing BIDSDatasetReader**********
[2025-11-20 20:40:11] [INFO] ************************************************************
[2025-11-20 20:40:11] [INFO] Loading Raw Data
[2025-11-20 20:40:19] [INFO] Setting refrence : ['FCz']
[2025-11-20 20:40:20] [INFO] Setting EEG Reference
[2025-11-20 20:40:20] [INFO] Precprcessing EEG
[2025-11-20 20:40:20] [INFO] Processed file present
[2025-11-20 20:40:23] [INFO] Subject: 10 | Session: 01 | Overt SNR Improvement Ratio: 0.0670 | Covert SNR Improvement Ratio: 0.0282
[2025-11-20 20:40:23] [INFO] Initializing ICADataloader for Subject: 11, Session: 01
[2025-11-20 20:40:23] [INFO] ************************************************************
[2025-11-20 20:40:23] [INFO] ********** Initalizing BIDSDatasetReader**********
[2025-11-20 20:40:23] [INFO] ************************************************************
[2025-11-20 20:40:23] [INFO] Loading Raw Data
[2025-11-20 20:40:31] [INFO] Setting refrence : ['FCz']
[2025-11-20 20:40:32] [INFO] Setting EEG Reference
[2025-11-20 20:40:32] [INFO] Precprcessing EEG
[2025-11-20 20:40:32] [INFO] Processed file present
[2025-11-20 20:40:35] [INFO] Subject: 11 | Session: 01 | Overt SNR Improvement Ratio: 0.2373 | Covert SNR Improvement Ratio: 0.2566
[2025-11-20 20:40:35] [INFO] Initializing ICADataloader for Subject: 12, Session: 01
[2025-11-20 20:40:35] [INFO] ************************************************************
[2025-11-20 20:40:35] [INFO] ********** Initalizing BIDSDatasetReader**********
[2025-11-20 20:40:35] [INFO] ************************************************************
[2025-11-20 20:40:35] [INFO] Loading Raw Data
[2025-11-20 20:40:43] [INFO] Setting refrence : ['FCz']
[2025-11-20 20:40:44] [INFO] Setting EEG Reference
[2025-11-20 20:40:44] [INFO] Precprcessing EEG
[2025-11-20 20:40:44] [INFO] Processed file present
[2025-11-20 20:40:46] [INFO] Subject: 12 | Session: 01 | Overt SNR Improvement Ratio: 0.0978 | Covert SNR Improvement Ratio: 0.0996
[2025-11-20 20:40:46] [INFO] Initializing ICADataloader for Subject: 12, Session: 02
[2025-11-20 20:40:46] [INFO] ************************************************************
[2025-11-20 20:40:46] [INFO] ********** Initalizing BIDSDatasetReader**********
[2025-11-20 20:40:46] [INFO] ************************************************************
[2025-11-20 20:40:46] [INFO] Loading Raw Data
[2025-11-20 20:40:54] [INFO] Setting refrence : ['FCz']
[2025-11-20 20:40:55] [INFO] Setting EEG Reference
[2025-11-20 20:40:55] [INFO] Precprcessing EEG
[2025-11-20 20:40:55] [INFO] Processed file present
[2025-11-20 20:40:59] [INFO] Subject: 12 | Session: 02 | Overt SNR Improvement Ratio: 0.2650 | Covert SNR Improvement Ratio: 0.2315
[2025-11-20 20:40:59] [INFO] Initializing ICADataloader for Subject: 13, Session: 01
[2025-11-20 20:40:59] [INFO] ************************************************************
[2025-11-20 20:40:59] [INFO] ********** Initalizing BIDSDatasetReader**********
[2025-11-20 20:40:59] [INFO] ************************************************************
[2025-11-20 20:40:59] [INFO] Loading Raw Data
[2025-11-20 20:41:07] [INFO] Setting refrence : ['FCz']
[2025-11-20 20:41:08] [INFO] Setting EEG Reference
[2025-11-20 20:41:08] [INFO] Precprcessing EEG
[2025-11-20 20:41:08] [INFO] Processed file present
[2025-11-20 20:41:12] [INFO] Subject: 13 | Session: 01 | Overt SNR Improvement Ratio: 0.2581 | Covert SNR Improvement Ratio: 0.1889
[2025-11-20 20:41:12] [INFO] Initializing ICADataloader for Subject: 13, Session: 02
[2025-11-20 20:41:12] [INFO] ************************************************************
[2025-11-20 20:41:12] [INFO] ********** Initalizing BIDSDatasetReader**********
[2025-11-20 20:41:12] [INFO] ************************************************************
[2025-11-20 20:41:12] [INFO] Loading Raw Data
[2025-11-20 20:41:19] [INFO] Setting refrence : ['FCz']
[2025-11-20 20:41:20] [INFO] Setting EEG Reference
[2025-11-20 20:41:20] [INFO] Precprcessing EEG
[2025-11-20 20:41:20] [INFO] Processed file present
[2025-11-20 20:41:24] [INFO] Subject: 13 | Session: 02 | Overt SNR Improvement Ratio: 0.1035 | Covert SNR Improvement Ratio: 0.1061
[2025-11-20 20:41:24] [INFO] Initializing ICADataloader for Subject: 14, Session: 01
[2025-11-20 20:41:24] [INFO] ************************************************************
[2025-11-20 20:41:24] [INFO] ********** Initalizing BIDSDatasetReader**********
[2025-11-20 20:41:24] [INFO] ************************************************************
[2025-11-20 20:41:24] [INFO] Loading Raw Data
[2025-11-20 20:41:32] [INFO] Setting refrence : ['FCz']
[2025-11-20 20:41:33] [INFO] Setting EEG Reference
[2025-11-20 20:41:33] [INFO] Precprcessing EEG
[2025-11-20 20:41:33] [INFO] Processed file present
[2025-11-20 20:41:38] [INFO] Subject: 14 | Session: 01 | Overt SNR Improvement Ratio: 0.2019 | Covert SNR Improvement Ratio: 0.1282
[2025-11-20 20:41:38] [INFO] Initializing ICADataloader for Subject: 15, Session: 01
[2025-11-20 20:41:38] [INFO] ************************************************************
[2025-11-20 20:41:38] [INFO] ********** Initalizing BIDSDatasetReader**********
[2025-11-20 20:41:38] [INFO] ************************************************************
[2025-11-20 20:41:38] [INFO] Loading Raw Data
[2025-11-20 20:41:46] [INFO] Setting refrence : ['FCz']
[2025-11-20 20:41:46] [INFO] Setting EEG Reference
[2025-11-20 20:41:46] [INFO] Precprcessing EEG
[2025-11-20 20:41:46] [INFO] Processed file present
[2025-11-20 20:41:50] [INFO] Subject: 15 | Session: 01 | Overt SNR Improvement Ratio: 0.0053 | Covert SNR Improvement Ratio: 0.0026
[2025-11-20 20:41:50] [INFO] Initializing ICADataloader for Subject: 15, Session: 02
[2025-11-20 20:41:50] [INFO] ************************************************************
[2025-11-20 20:41:50] [INFO] ********** Initalizing BIDSDatasetReader**********
[2025-11-20 20:41:50] [INFO] ************************************************************
[2025-11-20 20:41:50] [INFO] Loading Raw Data
[2025-11-20 20:41:51] [INFO] Setting refrence : ['FCz']
[2025-11-20 20:41:51] [INFO] Setting EEG Reference
[2025-11-20 20:41:51] [INFO] Precprcessing EEG
[2025-11-20 20:41:51] [INFO] Processed file present
[2025-11-20 20:41:53] [INFO] Subject: 15 | Session: 02 | Overt SNR Improvement Ratio: 0.3519 | Covert SNR Improvement Ratio: 0.5770
