[2025-12-01 14:09:42] [INFO] ************************************************************
[2025-12-01 14:09:42] [INFO] **********Setting Motor Analysis Pipeline**********
[2025-12-01 14:09:42] [INFO] ************************************************************
[2025-12-01 14:09:42] [INFO] ************************************************************
[2025-12-01 14:09:42] [INFO] **********Initializing BIDSDatasetReader**********
[2025-12-01 14:09:42] [INFO] ************************************************************
[2025-12-01 14:10:31] [INFO] ************************************************************
[2025-12-01 14:10:31] [INFO] **********Setting Motor Analysis Pipeline**********
[2025-12-01 14:10:31] [INFO] ************************************************************
[2025-12-01 14:10:31] [INFO] Running for sub-01 ses-01
[2025-12-01 14:10:31] [INFO] ************************************************************
[2025-12-01 14:10:31] [INFO] **********Initializing BIDSDatasetReader**********
[2025-12-01 14:10:31] [INFO] ************************************************************
[2025-12-01 14:10:56] [INFO] ************************************************************
[2025-12-01 14:10:56] [INFO] **********Setting Motor Analysis Pipeline**********
[2025-12-01 14:10:56] [INFO] ************************************************************
[2025-12-01 14:10:56] [INFO] Running for sub-01 ses-01
[2025-12-01 14:10:56] [INFO] ************************************************************
[2025-12-01 14:10:56] [INFO] **********Initializing BIDSDatasetReader**********
[2025-12-01 14:10:56] [INFO] ************************************************************
[2025-12-01 14:10:56] [INFO] Loading raw EEG data
[2025-12-01 14:11:03] [INFO] Data read sucessfully
[2025-12-01 14:11:03] [INFO] ************************************************************
[2025-12-01 14:11:03] [INFO] **********Initializing Epoch Builder**********
[2025-12-01 14:11:03] [INFO] ************************************************************
[2025-12-01 14:11:04] [INFO] ************************************************************
[2025-12-01 14:11:04] [INFO] **********Initializing Epoch Builder**********
[2025-12-01 14:11:04] [INFO] ************************************************************
[2025-12-01 14:11:04] [INFO] ************************************************************
[2025-12-01 14:11:04] [INFO] **********Initializing Epoch Builder**********
[2025-12-01 14:11:04] [INFO] ************************************************************
[2025-12-01 14:11:04] [INFO] Creating Epochs
[2025-12-01 14:11:04] [INFO] Creating Epochs
[2025-12-01 14:11:04] [INFO] Creating Epochs
[2025-12-01 14:11:51] [INFO] ************************************************************
[2025-12-01 14:11:51] [INFO] **********Setting Motor Analysis Pipeline**********
[2025-12-01 14:11:51] [INFO] ************************************************************
[2025-12-01 14:11:51] [INFO] Running for sub-01 ses-01
[2025-12-01 14:11:51] [INFO] ************************************************************
[2025-12-01 14:11:51] [INFO] **********Initializing BIDSDatasetReader**********
[2025-12-01 14:11:51] [INFO] ************************************************************
[2025-12-01 14:11:51] [INFO] Loading raw EEG data
[2025-12-01 14:11:59] [INFO] Data read sucessfully
[2025-12-01 14:11:59] [INFO] ************************************************************
[2025-12-01 14:11:59] [INFO] **********Initializing Epoch Builder**********
[2025-12-01 14:11:59] [INFO] ************************************************************
[2025-12-01 14:11:59] [INFO] ************************************************************
[2025-12-01 14:11:59] [INFO] **********Initializing Epoch Builder**********
[2025-12-01 14:11:59] [INFO] ************************************************************
[2025-12-01 14:11:59] [INFO] ************************************************************
[2025-12-01 14:11:59] [INFO] **********Initializing Epoch Builder**********
[2025-12-01 14:11:59] [INFO] ************************************************************
[2025-12-01 14:11:59] [INFO] Creating Epochs
[2025-12-01 14:11:59] [INFO] Creating Epochs
[2025-12-01 14:11:59] [INFO] Creating Epochs
[2025-12-01 14:12:00] [INFO] ************************************************************
[2025-12-01 14:12:00] [INFO] **********Initializing MotorAnalysis**********
[2025-12-01 14:12:00] [INFO] ************************************************************
[2025-12-01 14:12:30] [INFO] ************************************************************
[2025-12-01 14:12:30] [INFO] **********Setting Motor Analysis Pipeline**********
[2025-12-01 14:12:30] [INFO] ************************************************************
[2025-12-01 14:12:30] [INFO] Running for sub-01 ses-01
[2025-12-01 14:12:30] [INFO] ************************************************************
[2025-12-01 14:12:30] [INFO] **********Initializing BIDSDatasetReader**********
[2025-12-01 14:12:30] [INFO] ************************************************************
[2025-12-01 14:12:30] [INFO] Loading raw EEG data
[2025-12-01 14:12:38] [INFO] Data read sucessfully
[2025-12-01 14:12:38] [INFO] ************************************************************
[2025-12-01 14:12:38] [INFO] **********Initializing Epoch Builder**********
[2025-12-01 14:12:38] [INFO] ************************************************************
[2025-12-01 14:12:38] [INFO] ************************************************************
[2025-12-01 14:12:38] [INFO] **********Initializing Epoch Builder**********
[2025-12-01 14:12:38] [INFO] ************************************************************
[2025-12-01 14:12:38] [INFO] ************************************************************
[2025-12-01 14:12:38] [INFO] **********Initializing Epoch Builder**********
[2025-12-01 14:12:38] [INFO] ************************************************************
[2025-12-01 14:12:38] [INFO] Creating Epochs
[2025-12-01 14:12:38] [INFO] Creating Epochs
[2025-12-01 14:12:38] [INFO] Creating Epochs
[2025-12-01 14:12:38] [INFO] ************************************************************
[2025-12-01 14:12:38] [INFO] **********Initializing MotorAnalysis**********
[2025-12-01 14:12:38] [INFO] ************************************************************
[2025-12-01 14:13:03] [INFO] ************************************************************
[2025-12-01 14:13:03] [INFO] **********Setting Motor Analysis Pipeline**********
[2025-12-01 14:13:03] [INFO] ************************************************************
[2025-12-01 14:13:04] [INFO] Running for sub-01 ses-01
[2025-12-01 14:13:04] [INFO] ************************************************************
[2025-12-01 14:13:04] [INFO] **********Initializing BIDSDatasetReader**********
[2025-12-01 14:13:04] [INFO] ************************************************************
[2025-12-01 14:13:04] [INFO] Loading raw EEG data
[2025-12-01 14:13:11] [INFO] Data read sucessfully
[2025-12-01 14:13:11] [INFO] ************************************************************
[2025-12-01 14:13:11] [INFO] **********Initializing Epoch Builder**********
[2025-12-01 14:13:11] [INFO] ************************************************************
[2025-12-01 14:13:11] [INFO] ************************************************************
[2025-12-01 14:13:11] [INFO] **********Initializing Epoch Builder**********
[2025-12-01 14:13:11] [INFO] ************************************************************
[2025-12-01 14:13:11] [INFO] ************************************************************
[2025-12-01 14:13:11] [INFO] **********Initializing Epoch Builder**********
[2025-12-01 14:13:11] [INFO] ************************************************************
[2025-12-01 14:13:11] [INFO] Creating Epochs
[2025-12-01 14:13:12] [INFO] Creating Epochs
[2025-12-01 14:13:12] [INFO] Creating Epochs
[2025-12-01 14:13:12] [INFO] ************************************************************
[2025-12-01 14:13:12] [INFO] **********Initializing MotorAnalysis**********
[2025-12-01 14:13:12] [INFO] ************************************************************
[2025-12-01 14:38:57] [INFO] ************************************************************
[2025-12-01 14:38:57] [INFO] **********Setting Motor Analysis Pipeline**********
[2025-12-01 14:38:57] [INFO] ************************************************************
[2025-12-01 14:38:58] [INFO] Running for sub-01 ses-01
[2025-12-01 14:38:58] [INFO] ************************************************************
[2025-12-01 14:38:58] [INFO] **********Initializing BIDSDatasetReader**********
[2025-12-01 14:38:58] [INFO] ************************************************************
[2025-12-01 14:38:58] [INFO] Loading raw EEG data
[2025-12-01 14:39:05] [INFO] Data read sucessfully
[2025-12-01 14:39:05] [INFO] ************************************************************
[2025-12-01 14:39:05] [INFO] **********Initializing Epoch Builder**********
[2025-12-01 14:39:05] [INFO] ************************************************************
[2025-12-01 14:39:05] [INFO] ************************************************************
[2025-12-01 14:39:05] [INFO] **********Initializing Epoch Builder**********
[2025-12-01 14:39:05] [INFO] ************************************************************
[2025-12-01 14:39:05] [INFO] ************************************************************
[2025-12-01 14:39:05] [INFO] **********Initializing Epoch Builder**********
[2025-12-01 14:39:05] [INFO] ************************************************************
[2025-12-01 14:39:05] [INFO] Creating Epochs
[2025-12-01 14:39:06] [INFO] Creating Epochs
[2025-12-01 14:39:06] [INFO] Creating Epochs
[2025-12-01 14:39:06] [INFO] ************************************************************
[2025-12-01 14:39:06] [INFO] **********Initializing MotorAnalysis**********
[2025-12-01 14:39:06] [INFO] ************************************************************
[2025-12-02 11:45:00] [INFO] ************************************************************
[2025-12-02 11:45:00] [INFO] **********Setting Motor Analysis Pipeline**********
[2025-12-02 11:45:00] [INFO] ************************************************************
[2025-12-02 11:45:01] [INFO] Running for sub-01 ses-01
[2025-12-02 11:45:01] [INFO] ************************************************************
[2025-12-02 11:45:01] [INFO] **********Initializing BIDSDatasetReader**********
[2025-12-02 11:45:01] [INFO] ************************************************************
[2025-12-02 11:45:01] [INFO] Loading raw EEG data
[2025-12-02 11:45:08] [INFO] Data read sucessfully
[2025-12-02 11:45:08] [INFO] ************************************************************
[2025-12-02 11:45:08] [INFO] **********Initializing Epoch Builder**********
[2025-12-02 11:45:08] [INFO] ************************************************************
[2025-12-02 11:45:08] [INFO] ************************************************************
[2025-12-02 11:45:08] [INFO] **********Initializing Epoch Builder**********
[2025-12-02 11:45:08] [INFO] ************************************************************
[2025-12-02 11:45:08] [INFO] ************************************************************
[2025-12-02 11:45:08] [INFO] **********Initializing Epoch Builder**********
[2025-12-02 11:45:08] [INFO] ************************************************************
[2025-12-02 11:45:08] [INFO] Creating Epochs
[2025-12-02 11:45:09] [INFO] Creating Epochs
[2025-12-02 11:45:09] [INFO] Creating Epochs
[2025-12-02 11:45:09] [INFO] ************************************************************
[2025-12-02 11:45:09] [INFO] **********Initializing MotorAnalysis**********
[2025-12-02 11:45:09] [INFO] ************************************************************
[2025-12-02 11:46:03] [INFO] ************************************************************
[2025-12-02 11:46:03] [INFO] **********Setting Motor Analysis Pipeline**********
[2025-12-02 11:46:03] [INFO] ************************************************************
[2025-12-02 11:46:03] [INFO] Running for sub-01 ses-01
[2025-12-02 11:46:03] [INFO] ************************************************************
[2025-12-02 11:46:03] [INFO] **********Initializing BIDSDatasetReader**********
[2025-12-02 11:46:03] [INFO] ************************************************************
[2025-12-02 11:46:03] [INFO] Loading raw EEG data
[2025-12-02 11:46:11] [INFO] Data read sucessfully
[2025-12-02 11:46:11] [INFO] ************************************************************
[2025-12-02 11:46:11] [INFO] **********Initializing Epoch Builder**********
[2025-12-02 11:46:11] [INFO] ************************************************************
[2025-12-02 11:46:11] [INFO] ************************************************************
[2025-12-02 11:46:11] [INFO] **********Initializing Epoch Builder**********
[2025-12-02 11:46:11] [INFO] ************************************************************
[2025-12-02 11:46:11] [INFO] ************************************************************
[2025-12-02 11:46:11] [INFO] **********Initializing Epoch Builder**********
[2025-12-02 11:46:11] [INFO] ************************************************************
[2025-12-02 11:46:11] [INFO] Creating Epochs
[2025-12-02 11:46:12] [INFO] Creating Epochs
[2025-12-02 11:46:12] [INFO] Creating Epochs
[2025-12-02 11:46:12] [INFO] ************************************************************
[2025-12-02 11:46:12] [INFO] **********Initializing MotorAnalysis**********
[2025-12-02 11:46:12] [INFO] ************************************************************
[2025-12-02 12:34:47] [INFO] ************************************************************
[2025-12-02 12:34:47] [INFO] **********Setting Motor Analysis Pipeline**********
[2025-12-02 12:34:47] [INFO] ************************************************************
[2025-12-02 12:34:48] [INFO] Running for sub-01 ses-01
[2025-12-02 12:34:48] [INFO] ************************************************************
[2025-12-02 12:34:48] [INFO] **********Initializing BIDSDatasetReader**********
[2025-12-02 12:34:48] [INFO] ************************************************************
[2025-12-02 12:34:48] [INFO] Loading raw EEG data
[2025-12-02 12:34:55] [INFO] Data read sucessfully
[2025-12-02 12:34:55] [INFO] ************************************************************
[2025-12-02 12:34:55] [INFO] **********Initializing Epoch Builder**********
[2025-12-02 12:34:55] [INFO] ************************************************************
[2025-12-02 12:34:55] [INFO] ************************************************************
[2025-12-02 12:34:55] [INFO] **********Initializing Epoch Builder**********
[2025-12-02 12:34:55] [INFO] ************************************************************
[2025-12-02 12:34:55] [INFO] ************************************************************
[2025-12-02 12:34:55] [INFO] **********Initializing Epoch Builder**********
[2025-12-02 12:34:55] [INFO] ************************************************************
[2025-12-02 12:34:55] [INFO] Creating Epochs
[2025-12-02 12:34:56] [INFO] Creating Epochs
[2025-12-02 12:34:56] [INFO] Creating Epochs
[2025-12-02 12:34:56] [INFO] ************************************************************
[2025-12-02 12:34:56] [INFO] **********Initializing MotorAnalysis**********
[2025-12-02 12:34:56] [INFO] ************************************************************
[2025-12-02 12:36:29] [INFO] ************************************************************
[2025-12-02 12:36:29] [INFO] **********Setting Motor Analysis Pipeline**********
[2025-12-02 12:36:29] [INFO] ************************************************************
[2025-12-02 12:36:29] [INFO] Running for sub-01 ses-01
[2025-12-02 12:36:29] [INFO] ************************************************************
[2025-12-02 12:36:29] [INFO] **********Initializing BIDSDatasetReader**********
[2025-12-02 12:36:29] [INFO] ************************************************************
[2025-12-02 12:36:29] [INFO] Loading raw EEG data
[2025-12-02 12:36:37] [INFO] Data read sucessfully
[2025-12-02 12:36:37] [INFO] ************************************************************
[2025-12-02 12:36:37] [INFO] **********Initializing Epoch Builder**********
[2025-12-02 12:36:37] [INFO] ************************************************************
[2025-12-02 12:36:37] [INFO] ************************************************************
[2025-12-02 12:36:37] [INFO] **********Initializing Epoch Builder**********
[2025-12-02 12:36:37] [INFO] ************************************************************
[2025-12-02 12:36:37] [INFO] ************************************************************
[2025-12-02 12:36:37] [INFO] **********Initializing Epoch Builder**********
[2025-12-02 12:36:37] [INFO] ************************************************************
[2025-12-02 12:36:37] [INFO] Creating Epochs
[2025-12-02 12:36:37] [INFO] Creating Epochs
[2025-12-02 12:36:38] [INFO] Creating Epochs
[2025-12-02 12:36:38] [INFO] ************************************************************
[2025-12-02 12:36:38] [INFO] **********Initializing MotorAnalysis**********
[2025-12-02 12:36:38] [INFO] ************************************************************
[2025-12-02 12:37:25] [INFO] ************************************************************
[2025-12-02 12:37:25] [INFO] **********Setting Motor Analysis Pipeline**********
[2025-12-02 12:37:25] [INFO] ************************************************************
[2025-12-02 12:37:26] [INFO] Running for sub-01 ses-01
[2025-12-02 12:37:26] [INFO] ************************************************************
[2025-12-02 12:37:26] [INFO] **********Initializing BIDSDatasetReader**********
[2025-12-02 12:37:26] [INFO] ************************************************************
[2025-12-02 12:37:26] [INFO] Loading raw EEG data
[2025-12-02 12:37:33] [INFO] Data read sucessfully
[2025-12-02 12:37:33] [INFO] ************************************************************
[2025-12-02 12:37:33] [INFO] **********Initializing Epoch Builder**********
[2025-12-02 12:37:33] [INFO] ************************************************************
[2025-12-02 12:37:33] [INFO] ************************************************************
[2025-12-02 12:37:33] [INFO] **********Initializing Epoch Builder**********
[2025-12-02 12:37:33] [INFO] ************************************************************
[2025-12-02 12:37:33] [INFO] ************************************************************
[2025-12-02 12:37:33] [INFO] **********Initializing Epoch Builder**********
[2025-12-02 12:37:33] [INFO] ************************************************************
[2025-12-02 12:37:33] [INFO] Creating Epochs
[2025-12-02 12:37:34] [INFO] Creating Epochs
[2025-12-02 12:37:34] [INFO] Creating Epochs
[2025-12-02 12:37:34] [INFO] ************************************************************
[2025-12-02 12:37:34] [INFO] **********Initializing MotorAnalysis**********
[2025-12-02 12:37:34] [INFO] ************************************************************
[2025-12-02 12:37:34] [INFO] Running for sub-02 ses-01
[2025-12-02 12:37:34] [INFO] ************************************************************
[2025-12-02 12:37:34] [INFO] **********Initializing BIDSDatasetReader**********
[2025-12-02 12:37:34] [INFO] ************************************************************
[2025-12-02 12:37:34] [INFO] Loading raw EEG data
[2025-12-02 12:37:42] [INFO] Data read sucessfully
[2025-12-02 12:37:42] [INFO] ************************************************************
[2025-12-02 12:37:42] [INFO] **********Initializing Epoch Builder**********
[2025-12-02 12:37:42] [INFO] ************************************************************
[2025-12-02 12:37:42] [INFO] ************************************************************
[2025-12-02 12:37:42] [INFO] **********Initializing Epoch Builder**********
[2025-12-02 12:37:42] [INFO] ************************************************************
[2025-12-02 12:37:42] [INFO] ************************************************************
[2025-12-02 12:37:42] [INFO] **********Initializing Epoch Builder**********
[2025-12-02 12:37:42] [INFO] ************************************************************
[2025-12-02 12:37:43] [INFO] Creating Epochs
[2025-12-02 12:37:43] [INFO] Creating Epochs
[2025-12-02 12:37:43] [INFO] Creating Epochs
[2025-12-02 12:37:43] [INFO] ************************************************************
[2025-12-02 12:37:43] [INFO] **********Initializing MotorAnalysis**********
[2025-12-02 12:37:43] [INFO] ************************************************************
[2025-12-02 12:37:43] [INFO] Running for sub-03 ses-01
[2025-12-02 12:37:43] [INFO] ************************************************************
[2025-12-02 12:37:43] [INFO] **********Initializing BIDSDatasetReader**********
[2025-12-02 12:37:43] [INFO] ************************************************************
[2025-12-02 12:37:43] [INFO] Loading raw EEG data
[2025-12-02 12:37:51] [INFO] Data read sucessfully
[2025-12-02 12:37:51] [INFO] ************************************************************
[2025-12-02 12:37:51] [INFO] **********Initializing Epoch Builder**********
[2025-12-02 12:37:51] [INFO] ************************************************************
[2025-12-02 12:37:51] [INFO] ************************************************************
[2025-12-02 12:37:51] [INFO] **********Initializing Epoch Builder**********
[2025-12-02 12:37:51] [INFO] ************************************************************
[2025-12-02 12:37:52] [INFO] ************************************************************
[2025-12-02 12:37:52] [INFO] **********Initializing Epoch Builder**********
[2025-12-02 12:37:52] [INFO] ************************************************************
[2025-12-02 12:37:52] [INFO] Creating Epochs
[2025-12-02 12:37:52] [INFO] Creating Epochs
[2025-12-02 12:37:52] [INFO] Creating Epochs
[2025-12-02 12:37:52] [INFO] ************************************************************
[2025-12-02 12:37:52] [INFO] **********Initializing MotorAnalysis**********
[2025-12-02 12:37:52] [INFO] ************************************************************
[2025-12-02 12:37:52] [INFO] Running for sub-04 ses-01
[2025-12-02 12:37:52] [INFO] ************************************************************
[2025-12-02 12:37:52] [INFO] **********Initializing BIDSDatasetReader**********
[2025-12-02 12:37:52] [INFO] ************************************************************
[2025-12-02 12:37:52] [INFO] Loading raw EEG data
[2025-12-02 12:38:02] [INFO] Data read sucessfully
[2025-12-02 12:38:02] [INFO] ************************************************************
[2025-12-02 12:38:02] [INFO] **********Initializing Epoch Builder**********
[2025-12-02 12:38:02] [INFO] ************************************************************
[2025-12-02 12:38:02] [INFO] ************************************************************
[2025-12-02 12:38:02] [INFO] **********Initializing Epoch Builder**********
[2025-12-02 12:38:02] [INFO] ************************************************************
[2025-12-02 12:38:02] [INFO] ************************************************************
[2025-12-02 12:38:02] [INFO] **********Initializing Epoch Builder**********
[2025-12-02 12:38:02] [INFO] ************************************************************
[2025-12-02 12:38:02] [INFO] Creating Epochs
[2025-12-02 12:38:02] [INFO] Creating Epochs
[2025-12-02 12:38:02] [INFO] Creating Epochs
[2025-12-02 12:38:02] [INFO] ************************************************************
[2025-12-02 12:38:02] [INFO] **********Initializing MotorAnalysis**********
[2025-12-02 12:38:02] [INFO] ************************************************************
[2025-12-02 12:38:03] [INFO] Running for sub-04 ses-02
[2025-12-02 12:38:03] [INFO] ************************************************************
[2025-12-02 12:38:03] [INFO] **********Initializing BIDSDatasetReader**********
[2025-12-02 12:38:03] [INFO] ************************************************************
[2025-12-02 12:38:03] [INFO] Loading raw EEG data
[2025-12-02 12:38:10] [INFO] Data read sucessfully
[2025-12-02 12:38:10] [INFO] ************************************************************
[2025-12-02 12:38:10] [INFO] **********Initializing Epoch Builder**********
[2025-12-02 12:38:10] [INFO] ************************************************************
[2025-12-02 12:38:11] [INFO] ************************************************************
[2025-12-02 12:38:11] [INFO] **********Initializing Epoch Builder**********
[2025-12-02 12:38:11] [INFO] ************************************************************
[2025-12-02 12:38:11] [INFO] ************************************************************
[2025-12-02 12:38:11] [INFO] **********Initializing Epoch Builder**********
[2025-12-02 12:38:11] [INFO] ************************************************************
[2025-12-02 12:38:11] [INFO] Creating Epochs
[2025-12-02 12:38:11] [INFO] Creating Epochs
[2025-12-02 12:38:11] [INFO] Creating Epochs
[2025-12-02 12:38:11] [INFO] ************************************************************
[2025-12-02 12:38:11] [INFO] **********Initializing MotorAnalysis**********
[2025-12-02 12:38:11] [INFO] ************************************************************
[2025-12-02 12:38:11] [INFO] Running for sub-05 ses-01
[2025-12-02 12:38:11] [INFO] ************************************************************
[2025-12-02 12:38:11] [INFO] **********Initializing BIDSDatasetReader**********
[2025-12-02 12:38:11] [INFO] ************************************************************
[2025-12-02 12:38:11] [INFO] Loading raw EEG data
[2025-12-02 12:38:19] [INFO] Data read sucessfully
[2025-12-02 12:38:19] [INFO] ************************************************************
[2025-12-02 12:38:19] [INFO] **********Initializing Epoch Builder**********
[2025-12-02 12:38:19] [INFO] ************************************************************
[2025-12-02 12:38:19] [INFO] ************************************************************
[2025-12-02 12:38:19] [INFO] **********Initializing Epoch Builder**********
[2025-12-02 12:38:19] [INFO] ************************************************************
[2025-12-02 12:38:19] [INFO] ************************************************************
[2025-12-02 12:38:19] [INFO] **********Initializing Epoch Builder**********
[2025-12-02 12:38:19] [INFO] ************************************************************
[2025-12-02 12:38:19] [INFO] Creating Epochs
[2025-12-02 12:38:20] [INFO] Creating Epochs
[2025-12-02 12:38:20] [INFO] Creating Epochs
[2025-12-02 12:38:20] [INFO] ************************************************************
[2025-12-02 12:38:20] [INFO] **********Initializing MotorAnalysis**********
[2025-12-02 12:38:20] [INFO] ************************************************************
[2025-12-02 12:38:20] [INFO] Running for sub-05 ses-02
[2025-12-02 12:38:20] [INFO] ************************************************************
[2025-12-02 12:38:20] [INFO] **********Initializing BIDSDatasetReader**********
[2025-12-02 12:38:20] [INFO] ************************************************************
[2025-12-02 12:38:20] [INFO] Loading raw EEG data
[2025-12-02 12:38:28] [INFO] Data read sucessfully
[2025-12-02 12:38:28] [INFO] ************************************************************
[2025-12-02 12:38:28] [INFO] **********Initializing Epoch Builder**********
[2025-12-02 12:38:28] [INFO] ************************************************************
[2025-12-02 12:38:28] [INFO] ************************************************************
[2025-12-02 12:38:28] [INFO] **********Initializing Epoch Builder**********
[2025-12-02 12:38:28] [INFO] ************************************************************
[2025-12-02 12:38:28] [INFO] ************************************************************
[2025-12-02 12:38:28] [INFO] **********Initializing Epoch Builder**********
[2025-12-02 12:38:28] [INFO] ************************************************************
[2025-12-02 12:38:28] [INFO] Creating Epochs
[2025-12-02 12:38:28] [INFO] Creating Epochs
[2025-12-02 12:38:28] [INFO] Creating Epochs
[2025-12-02 12:38:28] [INFO] ************************************************************
[2025-12-02 12:38:28] [INFO] **********Initializing MotorAnalysis**********
[2025-12-02 12:38:28] [INFO] ************************************************************
[2025-12-02 12:38:29] [INFO] Running for sub-06 ses-01
[2025-12-02 12:38:29] [INFO] ************************************************************
[2025-12-02 12:38:29] [INFO] **********Initializing BIDSDatasetReader**********
[2025-12-02 12:38:29] [INFO] ************************************************************
[2025-12-02 12:38:29] [INFO] Loading raw EEG data
[2025-12-02 12:38:38] [INFO] Data read sucessfully
[2025-12-02 12:38:38] [INFO] ************************************************************
[2025-12-02 12:38:38] [INFO] **********Initializing Epoch Builder**********
[2025-12-02 12:38:38] [INFO] ************************************************************
[2025-12-02 12:38:38] [INFO] ************************************************************
[2025-12-02 12:38:38] [INFO] **********Initializing Epoch Builder**********
[2025-12-02 12:38:38] [INFO] ************************************************************
[2025-12-02 12:38:38] [INFO] ************************************************************
[2025-12-02 12:38:38] [INFO] **********Initializing Epoch Builder**********
[2025-12-02 12:38:38] [INFO] ************************************************************
[2025-12-02 12:38:38] [INFO] Creating Epochs
[2025-12-02 12:38:38] [INFO] Creating Epochs
[2025-12-02 12:38:38] [INFO] Creating Epochs
[2025-12-02 12:38:38] [INFO] ************************************************************
[2025-12-02 12:38:38] [INFO] **********Initializing MotorAnalysis**********
[2025-12-02 12:38:38] [INFO] ************************************************************
[2025-12-02 12:38:38] [INFO] Running for sub-06 ses-02
[2025-12-02 12:38:38] [INFO] ************************************************************
[2025-12-02 12:38:38] [INFO] **********Initializing BIDSDatasetReader**********
[2025-12-02 12:38:38] [INFO] ************************************************************
[2025-12-02 12:38:38] [INFO] Loading raw EEG data
[2025-12-02 12:38:46] [INFO] Data read sucessfully
[2025-12-02 12:38:46] [INFO] ************************************************************
[2025-12-02 12:38:46] [INFO] **********Initializing Epoch Builder**********
[2025-12-02 12:38:46] [INFO] ************************************************************
[2025-12-02 12:38:46] [INFO] ************************************************************
[2025-12-02 12:38:46] [INFO] **********Initializing Epoch Builder**********
[2025-12-02 12:38:46] [INFO] ************************************************************
[2025-12-02 12:38:46] [INFO] ************************************************************
[2025-12-02 12:38:46] [INFO] **********Initializing Epoch Builder**********
[2025-12-02 12:38:46] [INFO] ************************************************************
[2025-12-02 12:38:46] [INFO] Creating Epochs
[2025-12-02 12:38:46] [INFO] Creating Epochs
[2025-12-02 12:38:47] [INFO] Creating Epochs
[2025-12-02 12:38:47] [INFO] ************************************************************
[2025-12-02 12:38:47] [INFO] **********Initializing MotorAnalysis**********
[2025-12-02 12:38:47] [INFO] ************************************************************
[2025-12-02 12:38:47] [INFO] Running for sub-07 ses-01
[2025-12-02 12:38:47] [INFO] ************************************************************
[2025-12-02 12:38:47] [INFO] **********Initializing BIDSDatasetReader**********
[2025-12-02 12:38:47] [INFO] ************************************************************
[2025-12-02 12:38:47] [INFO] Loading raw EEG data
[2025-12-02 12:38:55] [INFO] Data read sucessfully
[2025-12-02 12:38:55] [INFO] ************************************************************
[2025-12-02 12:38:55] [INFO] **********Initializing Epoch Builder**********
[2025-12-02 12:38:55] [INFO] ************************************************************
[2025-12-02 12:38:55] [INFO] ************************************************************
[2025-12-02 12:38:55] [INFO] **********Initializing Epoch Builder**********
[2025-12-02 12:38:55] [INFO] ************************************************************
[2025-12-02 12:38:55] [INFO] ************************************************************
[2025-12-02 12:38:55] [INFO] **********Initializing Epoch Builder**********
[2025-12-02 12:38:55] [INFO] ************************************************************
[2025-12-02 12:38:55] [INFO] Creating Epochs
[2025-12-02 12:38:55] [INFO] Creating Epochs
[2025-12-02 12:38:55] [INFO] Creating Epochs
[2025-12-02 12:38:56] [INFO] ************************************************************
[2025-12-02 12:38:56] [INFO] **********Initializing MotorAnalysis**********
[2025-12-02 12:38:56] [INFO] ************************************************************
[2025-12-02 12:38:56] [INFO] Running for sub-08 ses-01
[2025-12-02 12:38:56] [INFO] ************************************************************
[2025-12-02 12:38:56] [INFO] **********Initializing BIDSDatasetReader**********
[2025-12-02 12:38:56] [INFO] ************************************************************
[2025-12-02 12:38:56] [INFO] Loading raw EEG data
[2025-12-02 12:39:03] [INFO] Data read sucessfully
[2025-12-02 12:39:03] [INFO] ************************************************************
[2025-12-02 12:39:03] [INFO] **********Initializing Epoch Builder**********
[2025-12-02 12:39:03] [INFO] ************************************************************
[2025-12-02 12:39:03] [INFO] ************************************************************
[2025-12-02 12:39:03] [INFO] **********Initializing Epoch Builder**********
[2025-12-02 12:39:03] [INFO] ************************************************************
[2025-12-02 12:39:03] [INFO] ************************************************************
[2025-12-02 12:39:03] [INFO] **********Initializing Epoch Builder**********
[2025-12-02 12:39:03] [INFO] ************************************************************
[2025-12-02 12:39:03] [INFO] Creating Epochs
[2025-12-02 12:39:04] [INFO] Creating Epochs
[2025-12-02 12:39:04] [INFO] Creating Epochs
[2025-12-02 12:39:04] [INFO] ************************************************************
[2025-12-02 12:39:04] [INFO] **********Initializing MotorAnalysis**********
[2025-12-02 12:39:04] [INFO] ************************************************************
[2025-12-02 12:39:04] [INFO] Running for sub-09 ses-01
[2025-12-02 12:39:04] [INFO] ************************************************************
[2025-12-02 12:39:04] [INFO] **********Initializing BIDSDatasetReader**********
[2025-12-02 12:39:04] [INFO] ************************************************************
[2025-12-02 12:39:04] [INFO] Loading raw EEG data
[2025-12-02 12:39:12] [INFO] Data read sucessfully
[2025-12-02 12:39:12] [INFO] ************************************************************
[2025-12-02 12:39:12] [INFO] **********Initializing Epoch Builder**********
[2025-12-02 12:39:12] [INFO] ************************************************************
[2025-12-02 12:39:12] [INFO] ************************************************************
[2025-12-02 12:39:12] [INFO] **********Initializing Epoch Builder**********
[2025-12-02 12:39:12] [INFO] ************************************************************
[2025-12-02 12:39:12] [INFO] ************************************************************
[2025-12-02 12:39:12] [INFO] **********Initializing Epoch Builder**********
[2025-12-02 12:39:12] [INFO] ************************************************************
[2025-12-02 12:39:12] [INFO] Creating Epochs
[2025-12-02 12:39:13] [INFO] Creating Epochs
[2025-12-02 12:39:13] [INFO] Creating Epochs
[2025-12-02 12:39:13] [INFO] ************************************************************
[2025-12-02 12:39:13] [INFO] **********Initializing MotorAnalysis**********
[2025-12-02 12:39:13] [INFO] ************************************************************
[2025-12-02 12:39:13] [INFO] Running for sub-09 ses-02
[2025-12-02 12:39:13] [INFO] ************************************************************
[2025-12-02 12:39:13] [INFO] **********Initializing BIDSDatasetReader**********
[2025-12-02 12:39:13] [INFO] ************************************************************
[2025-12-02 12:39:13] [INFO] Loading raw EEG data
[2025-12-02 12:39:21] [INFO] Data read sucessfully
[2025-12-02 12:39:21] [INFO] ************************************************************
[2025-12-02 12:39:21] [INFO] **********Initializing Epoch Builder**********
[2025-12-02 12:39:21] [INFO] ************************************************************
[2025-12-02 12:39:21] [INFO] ************************************************************
[2025-12-02 12:39:21] [INFO] **********Initializing Epoch Builder**********
[2025-12-02 12:39:21] [INFO] ************************************************************
[2025-12-02 12:39:21] [INFO] ************************************************************
[2025-12-02 12:39:21] [INFO] **********Initializing Epoch Builder**********
[2025-12-02 12:39:21] [INFO] ************************************************************
[2025-12-02 12:39:21] [INFO] Creating Epochs
[2025-12-02 12:39:21] [INFO] Creating Epochs
[2025-12-02 12:39:21] [INFO] Creating Epochs
[2025-12-02 12:39:21] [INFO] ************************************************************
[2025-12-02 12:39:21] [INFO] **********Initializing MotorAnalysis**********
[2025-12-02 12:39:21] [INFO] ************************************************************
[2025-12-02 12:39:21] [INFO] Running for sub-10 ses-01
[2025-12-02 12:39:21] [INFO] ************************************************************
[2025-12-02 12:39:21] [INFO] **********Initializing BIDSDatasetReader**********
[2025-12-02 12:39:21] [INFO] ************************************************************
[2025-12-02 12:39:21] [INFO] Loading raw EEG data
[2025-12-02 12:39:30] [INFO] Data read sucessfully
[2025-12-02 12:39:30] [INFO] ************************************************************
[2025-12-02 12:39:30] [INFO] **********Initializing Epoch Builder**********
[2025-12-02 12:39:30] [INFO] ************************************************************
[2025-12-02 12:39:30] [INFO] ************************************************************
[2025-12-02 12:39:30] [INFO] **********Initializing Epoch Builder**********
[2025-12-02 12:39:30] [INFO] ************************************************************
[2025-12-02 12:39:30] [INFO] ************************************************************
[2025-12-02 12:39:30] [INFO] **********Initializing Epoch Builder**********
[2025-12-02 12:39:30] [INFO] ************************************************************
[2025-12-02 12:39:30] [INFO] Creating Epochs
[2025-12-02 12:39:30] [INFO] Creating Epochs
[2025-12-02 12:39:30] [INFO] Creating Epochs
[2025-12-02 12:39:30] [INFO] ************************************************************
[2025-12-02 12:39:30] [INFO] **********Initializing MotorAnalysis**********
[2025-12-02 12:39:30] [INFO] ************************************************************
[2025-12-02 12:39:30] [INFO] Running for sub-11 ses-01
[2025-12-02 12:39:30] [INFO] ************************************************************
[2025-12-02 12:39:30] [INFO] **********Initializing BIDSDatasetReader**********
[2025-12-02 12:39:30] [INFO] ************************************************************
[2025-12-02 12:39:30] [INFO] Loading raw EEG data
[2025-12-02 12:39:38] [INFO] Data read sucessfully
[2025-12-02 12:39:38] [INFO] ************************************************************
[2025-12-02 12:39:38] [INFO] **********Initializing Epoch Builder**********
[2025-12-02 12:39:38] [INFO] ************************************************************
[2025-12-02 12:39:38] [INFO] ************************************************************
[2025-12-02 12:39:38] [INFO] **********Initializing Epoch Builder**********
[2025-12-02 12:39:38] [INFO] ************************************************************
[2025-12-02 12:39:39] [INFO] ************************************************************
[2025-12-02 12:39:39] [INFO] **********Initializing Epoch Builder**********
[2025-12-02 12:39:39] [INFO] ************************************************************
[2025-12-02 12:39:39] [INFO] Creating Epochs
[2025-12-02 12:39:39] [INFO] Creating Epochs
[2025-12-02 12:39:39] [INFO] Creating Epochs
[2025-12-02 12:39:39] [INFO] ************************************************************
[2025-12-02 12:39:39] [INFO] **********Initializing MotorAnalysis**********
[2025-12-02 12:39:39] [INFO] ************************************************************
[2025-12-02 12:39:39] [INFO] Running for sub-12 ses-01
[2025-12-02 12:39:39] [INFO] ************************************************************
[2025-12-02 12:39:39] [INFO] **********Initializing BIDSDatasetReader**********
[2025-12-02 12:39:39] [INFO] ************************************************************
[2025-12-02 12:39:39] [INFO] Loading raw EEG data
[2025-12-02 12:39:49] [INFO] Data read sucessfully
[2025-12-02 12:39:49] [INFO] ************************************************************
[2025-12-02 12:39:49] [INFO] **********Initializing Epoch Builder**********
[2025-12-02 12:39:49] [INFO] ************************************************************
[2025-12-02 12:39:49] [INFO] ************************************************************
[2025-12-02 12:39:49] [INFO] **********Initializing Epoch Builder**********
[2025-12-02 12:39:49] [INFO] ************************************************************
[2025-12-02 12:39:49] [INFO] ************************************************************
[2025-12-02 12:39:49] [INFO] **********Initializing Epoch Builder**********
[2025-12-02 12:39:49] [INFO] ************************************************************
[2025-12-02 12:39:49] [INFO] Creating Epochs
[2025-12-02 12:39:49] [INFO] Creating Epochs
[2025-12-02 12:39:49] [INFO] Creating Epochs
[2025-12-02 12:39:49] [INFO] ************************************************************
[2025-12-02 12:39:49] [INFO] **********Initializing MotorAnalysis**********
[2025-12-02 12:39:49] [INFO] ************************************************************
[2025-12-02 12:39:50] [INFO] Running for sub-12 ses-02
[2025-12-02 12:39:50] [INFO] ************************************************************
[2025-12-02 12:39:50] [INFO] **********Initializing BIDSDatasetReader**********
[2025-12-02 12:39:50] [INFO] ************************************************************
[2025-12-02 12:39:50] [INFO] Loading raw EEG data
[2025-12-02 12:39:58] [INFO] Data read sucessfully
[2025-12-02 12:39:58] [INFO] ************************************************************
[2025-12-02 12:39:58] [INFO] **********Initializing Epoch Builder**********
[2025-12-02 12:39:58] [INFO] ************************************************************
[2025-12-02 12:39:58] [INFO] ************************************************************
[2025-12-02 12:39:58] [INFO] **********Initializing Epoch Builder**********
[2025-12-02 12:39:58] [INFO] ************************************************************
[2025-12-02 12:39:58] [INFO] ************************************************************
[2025-12-02 12:39:58] [INFO] **********Initializing Epoch Builder**********
[2025-12-02 12:39:58] [INFO] ************************************************************
[2025-12-02 12:39:58] [INFO] Creating Epochs
[2025-12-02 12:39:58] [INFO] Creating Epochs
[2025-12-02 12:39:58] [INFO] Creating Epochs
[2025-12-02 12:39:59] [INFO] ************************************************************
[2025-12-02 12:39:59] [INFO] **********Initializing MotorAnalysis**********
[2025-12-02 12:39:59] [INFO] ************************************************************
[2025-12-02 12:39:59] [INFO] Running for sub-13 ses-01
[2025-12-02 12:39:59] [INFO] ************************************************************
[2025-12-02 12:39:59] [INFO] **********Initializing BIDSDatasetReader**********
[2025-12-02 12:39:59] [INFO] ************************************************************
[2025-12-02 12:39:59] [INFO] Loading raw EEG data
[2025-12-02 12:40:07] [INFO] Data read sucessfully
[2025-12-02 12:40:07] [INFO] ************************************************************
[2025-12-02 12:40:07] [INFO] **********Initializing Epoch Builder**********
[2025-12-02 12:40:07] [INFO] ************************************************************
[2025-12-02 12:40:07] [INFO] ************************************************************
[2025-12-02 12:40:07] [INFO] **********Initializing Epoch Builder**********
[2025-12-02 12:40:07] [INFO] ************************************************************
[2025-12-02 12:40:07] [INFO] ************************************************************
[2025-12-02 12:40:07] [INFO] **********Initializing Epoch Builder**********
[2025-12-02 12:40:07] [INFO] ************************************************************
[2025-12-02 12:40:07] [INFO] Creating Epochs
[2025-12-02 12:40:07] [INFO] Creating Epochs
[2025-12-02 12:40:07] [INFO] Creating Epochs
[2025-12-02 12:40:08] [INFO] ************************************************************
[2025-12-02 12:40:08] [INFO] **********Initializing MotorAnalysis**********
[2025-12-02 12:40:08] [INFO] ************************************************************
[2025-12-02 12:40:08] [INFO] Running for sub-13 ses-02
[2025-12-02 12:40:08] [INFO] ************************************************************
[2025-12-02 12:40:08] [INFO] **********Initializing BIDSDatasetReader**********
[2025-12-02 12:40:08] [INFO] ************************************************************
[2025-12-02 12:40:08] [INFO] Loading raw EEG data
[2025-12-02 12:40:15] [INFO] Data read sucessfully
[2025-12-02 12:40:15] [INFO] ************************************************************
[2025-12-02 12:40:15] [INFO] **********Initializing Epoch Builder**********
[2025-12-02 12:40:15] [INFO] ************************************************************
[2025-12-02 12:40:15] [INFO] ************************************************************
[2025-12-02 12:40:15] [INFO] **********Initializing Epoch Builder**********
[2025-12-02 12:40:15] [INFO] ************************************************************
[2025-12-02 12:40:15] [INFO] ************************************************************
[2025-12-02 12:40:15] [INFO] **********Initializing Epoch Builder**********
[2025-12-02 12:40:15] [INFO] ************************************************************
[2025-12-02 12:40:15] [INFO] Creating Epochs
[2025-12-02 12:40:15] [INFO] Creating Epochs
[2025-12-02 12:40:15] [INFO] Creating Epochs
[2025-12-02 12:40:16] [INFO] ************************************************************
[2025-12-02 12:40:16] [INFO] **********Initializing MotorAnalysis**********
[2025-12-02 12:40:16] [INFO] ************************************************************
[2025-12-02 12:40:16] [INFO] Running for sub-14 ses-01
[2025-12-02 12:40:16] [INFO] ************************************************************
[2025-12-02 12:40:16] [INFO] **********Initializing BIDSDatasetReader**********
[2025-12-02 12:40:16] [INFO] ************************************************************
[2025-12-02 12:40:16] [INFO] Loading raw EEG data
[2025-12-02 12:40:24] [INFO] Data read sucessfully
[2025-12-02 12:40:24] [INFO] ************************************************************
[2025-12-02 12:40:24] [INFO] **********Initializing Epoch Builder**********
[2025-12-02 12:40:24] [INFO] ************************************************************
[2025-12-02 12:40:25] [INFO] ************************************************************
[2025-12-02 12:40:25] [INFO] **********Initializing Epoch Builder**********
[2025-12-02 12:40:25] [INFO] ************************************************************
[2025-12-02 12:40:25] [INFO] ************************************************************
[2025-12-02 12:40:25] [INFO] **********Initializing Epoch Builder**********
[2025-12-02 12:40:25] [INFO] ************************************************************
[2025-12-02 12:40:25] [INFO] Creating Epochs
[2025-12-02 12:40:25] [INFO] Creating Epochs
[2025-12-02 12:40:25] [INFO] Creating Epochs
[2025-12-02 12:40:25] [INFO] ************************************************************
[2025-12-02 12:40:25] [INFO] **********Initializing MotorAnalysis**********
[2025-12-02 12:40:25] [INFO] ************************************************************
[2025-12-02 12:40:25] [INFO] Running for sub-15 ses-01
[2025-12-02 12:40:25] [INFO] ************************************************************
[2025-12-02 12:40:25] [INFO] **********Initializing BIDSDatasetReader**********
[2025-12-02 12:40:25] [INFO] ************************************************************
[2025-12-02 12:40:25] [INFO] Loading raw EEG data
[2025-12-02 12:40:33] [INFO] Data read sucessfully
[2025-12-02 12:40:33] [INFO] ************************************************************
[2025-12-02 12:40:33] [INFO] **********Initializing Epoch Builder**********
[2025-12-02 12:40:33] [INFO] ************************************************************
[2025-12-02 12:40:33] [INFO] ************************************************************
[2025-12-02 12:40:33] [INFO] **********Initializing Epoch Builder**********
[2025-12-02 12:40:33] [INFO] ************************************************************
[2025-12-02 12:40:33] [INFO] ************************************************************
[2025-12-02 12:40:33] [INFO] **********Initializing Epoch Builder**********
[2025-12-02 12:40:33] [INFO] ************************************************************
[2025-12-02 12:40:33] [INFO] Creating Epochs
[2025-12-02 12:40:33] [INFO] Creating Epochs
[2025-12-02 12:40:33] [INFO] Creating Epochs
[2025-12-02 12:40:34] [INFO] ************************************************************
[2025-12-02 12:40:34] [INFO] **********Initializing MotorAnalysis**********
[2025-12-02 12:40:34] [INFO] ************************************************************
[2025-12-02 12:40:34] [INFO] Running for sub-15 ses-02
[2025-12-02 12:40:34] [INFO] ************************************************************
[2025-12-02 12:40:34] [INFO] **********Initializing BIDSDatasetReader**********
[2025-12-02 12:40:34] [INFO] ************************************************************
[2025-12-02 12:40:34] [INFO] Loading raw EEG data
[2025-12-02 12:40:35] [INFO] Data read sucessfully
[2025-12-02 12:40:35] [INFO] ************************************************************
[2025-12-02 12:40:35] [INFO] **********Initializing Epoch Builder**********
[2025-12-02 12:40:35] [INFO] ************************************************************
[2025-12-02 12:40:35] [INFO] ************************************************************
[2025-12-02 12:40:35] [INFO] **********Initializing Epoch Builder**********
[2025-12-02 12:40:35] [INFO] ************************************************************
[2025-12-02 12:40:35] [INFO] ************************************************************
[2025-12-02 12:40:35] [INFO] **********Initializing Epoch Builder**********
[2025-12-02 12:40:35] [INFO] ************************************************************
[2025-12-02 12:40:35] [INFO] Creating Epochs
[2025-12-02 12:40:35] [INFO] Creating Epochs
[2025-12-02 12:40:35] [INFO] Creating Epochs
[2025-12-02 12:40:35] [INFO] ************************************************************
[2025-12-02 12:40:35] [INFO] **********Initializing MotorAnalysis**********
[2025-12-02 12:40:35] [INFO] ************************************************************
