[2025-11-24 15:31:53] [INFO] Setting up P100 Analysis Pipeline
[2025-11-24 15:31:53] [INFO] Loading data for sub-01, ses-01
[2025-11-24 15:31:53] [INFO] Initializing BIDSDatasetReader
[2025-11-24 15:31:53] [INFO] Preprocessing EEG
[2025-11-24 15:33:29] [INFO] Setting up P100 Analysis Pipeline
[2025-11-24 15:33:29] [INFO] Loading data for sub-01, ses-01
[2025-11-24 15:33:29] [INFO] Initializing BIDSDatasetReader
[2025-11-24 15:33:29] [INFO] Preprocessing EEG
[2025-11-24 15:33:29] [INFO] Setting channel types and montage
[2025-11-24 15:35:21] [INFO] Setting up P100 Analysis Pipeline
[2025-11-24 15:35:22] [INFO] Loading data for sub-01, ses-01
[2025-11-24 15:35:22] [INFO] Initializing BIDSDatasetReader
[2025-11-24 15:35:22] [INFO] Preprocessing EEG
[2025-11-24 15:35:22] [INFO] Loading raw EEG data
[2025-11-24 15:35:29] [INFO] Data read sucessfully
[2025-11-24 15:35:29] [INFO] Setting channel types and montage
[2025-11-24 15:35:29] [INFO] Setting EEG reference: ['FCz']
[2025-11-24 15:35:30] [INFO] Interpolating bad channels
[2025-11-24 15:36:42] [INFO] Bad channels saved to BIDS/derivatives/sub-01_ses-01_bads.json
[2025-11-24 15:36:42] [INFO] Applying notch filter
[2025-11-24 15:36:47] [INFO] Notch filter completed
[2025-11-24 15:36:47] [INFO] Applying bandpass filter: 0.1-40.0 Hz
[2025-11-24 15:36:53] [INFO] Bandpass filter completed
[2025-11-24 15:37:53] [INFO] Setting up P100 Analysis Pipeline
[2025-11-24 15:37:53] [INFO] Loading data for sub-01, ses-01
[2025-11-24 15:38:20] [INFO] Setting up P100 Analysis Pipeline
[2025-11-24 15:38:20] [INFO] Loading data for sub-01, ses-01
[2025-11-24 15:39:13] [INFO] Setting up P100 Analysis Pipeline
[2025-11-24 15:39:13] [INFO] Loading data for sub-01, ses-01
[2025-11-24 15:39:13] [INFO] ************************************************************
[2025-11-24 15:39:13] [INFO] **********Initializing BIDSDatasetReader**********
[2025-11-24 15:39:13] [INFO] ************************************************************
[2025-11-24 15:39:13] [INFO] Preprocessing EEG
[2025-11-24 15:39:13] [INFO] Loading raw EEG data
[2025-11-24 15:39:21] [INFO] Data read sucessfully
[2025-11-24 15:39:21] [INFO] Setting channel types and montage
[2025-11-24 15:39:21] [INFO] Setting EEG reference: ['FCz']
[2025-11-24 15:39:22] [INFO] Interpolating bad channels
[2025-11-24 15:40:32] [INFO] Bad channels saved to BIDS/derivatives/sub-01_ses-01_bads.json
[2025-11-24 15:40:33] [INFO] Applying notch filter
[2025-11-24 15:40:38] [INFO] Notch filter completed
[2025-11-24 15:40:38] [INFO] Applying bandpass filter: 0.1-40.0 Hz
[2025-11-24 15:40:44] [INFO] Bandpass filter completed
[2025-11-24 15:40:44] [INFO] Applying ICA with params: {'n_components': 50, 'random_state': 97}
[2025-11-24 15:45:12] [INFO] ICA completed
[2025-11-24 15:45:15] [INFO] Processed EEG saved at BIDS/derivatives/low-0.1_high-40.0_ICA-True/sub-01_ses-01_processed.fif
[2025-11-24 15:46:01] [INFO] Setting up P100 Analysis Pipeline
[2025-11-24 15:46:02] [INFO] Loading data for sub-01, ses-01
[2025-11-24 15:46:02] [INFO] ************************************************************
[2025-11-24 15:46:02] [INFO] **********Initializing BIDSDatasetReader**********
[2025-11-24 15:46:02] [INFO] ************************************************************
[2025-11-24 15:46:02] [INFO] Preprocessing EEG
[2025-11-24 15:46:02] [INFO] Loading raw EEG data
[2025-11-24 15:46:09] [INFO] Data read sucessfully
[2025-11-24 15:46:09] [INFO] Setting channel types and montage
[2025-11-24 15:46:09] [INFO] Setting EEG reference: ['FCz']
[2025-11-24 15:46:10] [INFO] Interpolating bad channels
[2025-11-24 15:47:21] [INFO] Bad channels saved to results/BadChannels/sub-01_ses-01_bads.json
[2025-11-24 15:47:22] [INFO] Applying notch filter
[2025-11-24 15:47:27] [INFO] Notch filter completed
[2025-11-24 15:47:27] [INFO] Applying bandpass filter: 0.1-40.0 Hz
[2025-11-24 15:47:33] [INFO] Bandpass filter completed
[2025-11-24 15:47:33] [INFO] Applying ICA with params: {'n_components': 50, 'random_state': 97}
[2025-11-24 15:51:59] [INFO] ICA completed
[2025-11-24 15:52:01] [INFO] Processed EEG saved at BIDS/derivatives/low-0.1_high-40.0_ICA-True/sub-01_ses-01_processed.fif
[2025-11-24 16:31:59] [INFO] Setting up P100 Analysis Pipeline
[2025-11-24 16:32:26] [INFO] Setting up P100 Analysis Pipeline
[2025-11-24 16:32:26] [INFO] ************************************************************
[2025-11-24 16:32:26] [INFO] **********P100 Pipeline**********
[2025-11-24 16:32:26] [INFO] ************************************************************
[2025-11-24 16:32:26] [INFO] ************************************************************
[2025-11-24 16:32:26] [INFO] **********Initializing BIDSDatasetReader**********
[2025-11-24 16:32:26] [INFO] ************************************************************
[2025-11-24 16:32:26] [INFO] Processed EEG file exists. Loading...
[2025-11-24 16:32:26] [INFO] Loading processed EEG from BIDS/derivatives/low-0.1_high-40.0_ICA-True/sub-01_ses-01_processed.fif
[2025-11-24 16:32:27] [INFO]  Creating epochs for condition: Visual
[2025-11-24 16:32:27] [INFO] ************************************************************
[2025-11-24 16:32:27] [INFO] **********Initializing Epoch Builder**********
[2025-11-24 16:32:27] [INFO] ************************************************************
[2025-11-24 16:32:27] [INFO] Creating Epochs
[2025-11-24 16:32:28] [INFO]  Creating epochs for condition: Rest
[2025-11-24 16:32:28] [INFO] ************************************************************
[2025-11-24 16:32:28] [INFO] **********Initializing Epoch Builder**********
[2025-11-24 16:32:28] [INFO] ************************************************************
[2025-11-24 16:32:28] [INFO] Creating Epochs
[2025-11-24 16:43:33] [INFO] Setting up P100 Analysis Pipeline
[2025-11-24 16:43:33] [INFO] ************************************************************
[2025-11-24 16:43:33] [INFO] **********P100 Pipeline**********
[2025-11-24 16:43:33] [INFO] ************************************************************
[2025-11-24 16:43:33] [INFO] ************************************************************
[2025-11-24 16:43:33] [INFO] **********Initializing BIDSDatasetReader**********
[2025-11-24 16:43:33] [INFO] ************************************************************
[2025-11-24 16:43:33] [INFO] Processed EEG file exists. Loading...
[2025-11-24 16:43:33] [INFO] Loading processed EEG from BIDS/derivatives/low-0.1_high-40.0_ICA-True/sub-01_ses-01_processed.fif
[2025-11-24 16:43:35] [INFO]  Creating epochs for condition: Visual
[2025-11-24 16:43:35] [INFO] ************************************************************
[2025-11-24 16:43:35] [INFO] **********Initializing Epoch Builder**********
[2025-11-24 16:43:35] [INFO] ************************************************************
[2025-11-24 16:43:35] [INFO] Creating Epochs
[2025-11-24 16:43:35] [INFO]  Creating epochs for condition: Rest
[2025-11-24 16:43:35] [INFO] ************************************************************
[2025-11-24 16:43:35] [INFO] **********Initializing Epoch Builder**********
[2025-11-24 16:43:35] [INFO] ************************************************************
[2025-11-24 16:43:35] [INFO] Creating Epochs
[2025-11-24 16:44:33] [INFO] Setting up P100 Analysis Pipeline
[2025-11-24 16:44:33] [INFO] ************************************************************
[2025-11-24 16:44:33] [INFO] **********P100 Pipeline**********
[2025-11-24 16:44:33] [INFO] ************************************************************
[2025-11-24 16:44:33] [INFO] ************************************************************
[2025-11-24 16:44:33] [INFO] **********Initializing BIDSDatasetReader**********
[2025-11-24 16:44:33] [INFO] ************************************************************
[2025-11-24 16:44:33] [INFO] Processed EEG file exists. Loading...
[2025-11-24 16:44:33] [INFO] Loading processed EEG from BIDS/derivatives/low-0.1_high-40.0_ICA-True/sub-01_ses-01_processed.fif
[2025-11-24 16:44:34] [INFO]  Creating epochs for condition: Visual
[2025-11-24 16:44:34] [INFO] ************************************************************
[2025-11-24 16:44:34] [INFO] **********Initializing Epoch Builder**********
[2025-11-24 16:44:34] [INFO] ************************************************************
[2025-11-24 16:44:34] [INFO] Creating Epochs
[2025-11-24 16:44:34] [INFO]  Creating epochs for condition: Rest
[2025-11-24 16:44:34] [INFO] ************************************************************
[2025-11-24 16:44:34] [INFO] **********Initializing Epoch Builder**********
[2025-11-24 16:44:34] [INFO] ************************************************************
[2025-11-24 16:44:34] [INFO] Creating Epochs
[2025-11-24 16:44:35] [INFO] ************************************************************
[2025-11-24 16:44:35] [INFO] **********Initializing P100ComponentAnalyzer**********
[2025-11-24 16:44:35] [INFO] ************************************************************
[2025-11-24 16:44:35] [INFO] Caculating Latency, peak and mean
[2025-11-24 16:44:35] [INFO] Latency: 0.114, Peak: 2.8014043320150748, Mean: 0.21112211627864289
[2025-11-24 16:44:35] [INFO] ************************************************************
[2025-11-24 16:44:35] [INFO] **********Initializing P100ComponentAnalyzer**********
[2025-11-24 16:44:35] [INFO] ************************************************************
[2025-11-24 16:44:35] [INFO] Caculating Latency, peak and mean
[2025-11-24 16:44:35] [INFO] Latency: 0.097, Peak: 0.6564855318095628, Mean: -0.833774884911926
[2025-11-24 17:20:19] [INFO] Setting up P100 Analysis Pipeline
[2025-11-24 17:20:19] [INFO] ************************************************************
[2025-11-24 17:20:19] [INFO] **********P100 Pipeline**********
[2025-11-24 17:20:19] [INFO] ************************************************************
[2025-11-24 17:20:19] [INFO] ************************************************************
[2025-11-24 17:20:19] [INFO] **********Initializing BIDSDatasetReader**********
[2025-11-24 17:20:19] [INFO] ************************************************************
[2025-11-24 17:20:19] [INFO] Processed EEG file exists. Loading...
[2025-11-24 17:20:19] [INFO] Loading processed EEG from BIDS/derivatives/low-0.1_high-40.0_ICA-True/sub-01_ses-01_processed.fif
[2025-11-24 17:20:21] [INFO]  Creating epochs for condition: Visual
[2025-11-24 17:20:21] [INFO] ************************************************************
[2025-11-24 17:20:21] [INFO] **********Initializing Epoch Builder**********
[2025-11-24 17:20:21] [INFO] ************************************************************
[2025-11-24 17:20:21] [INFO] Creating Epochs
[2025-11-24 17:20:21] [INFO]  Creating epochs for condition: Rest
[2025-11-24 17:20:21] [INFO] ************************************************************
[2025-11-24 17:20:21] [INFO] **********Initializing Epoch Builder**********
[2025-11-24 17:20:21] [INFO] ************************************************************
[2025-11-24 17:20:21] [INFO] Creating Epochs
[2025-11-24 17:20:21] [INFO] ************************************************************
[2025-11-24 17:20:21] [INFO] **********Initializing P100ComponentAnalyzer**********
[2025-11-24 17:20:21] [INFO] ************************************************************
[2025-11-24 17:20:21] [INFO] Caculating Latency, peak and mean
[2025-11-24 17:20:21] [INFO] Latency: 0.114, Peak: 2.8014043320150748, Mean: 0.21112211627864289
[2025-11-24 17:20:21] [INFO] ************************************************************
[2025-11-24 17:20:21] [INFO] **********Initializing P100ComponentAnalyzer**********
[2025-11-24 17:20:21] [INFO] ************************************************************
[2025-11-24 17:20:21] [INFO] Caculating Latency, peak and mean
[2025-11-24 17:20:21] [INFO] Latency: 0.097, Peak: 0.6564855318095628, Mean: -0.833774884911926
[2025-11-24 17:20:21] [INFO] Saving results to CSV
[2025-11-24 17:20:21] [INFO] Saving results to /home/owaismujtaba/projects/mind-voice/results/P100
[2025-11-24 17:20:31] [INFO] Results saved to /home/owaismujtaba/projects/mind-voice/results/P100/sub-01_ses-01_p100_Visual_Rest.csv
[2025-11-24 17:22:36] [INFO] Setting up P100 Analysis Pipeline
[2025-11-24 17:22:36] [INFO] ************************************************************
[2025-11-24 17:22:36] [INFO] **********P100 Pipeline**********
[2025-11-24 17:22:36] [INFO] ************************************************************
[2025-11-24 17:22:36] [INFO] ************************************************************
[2025-11-24 17:22:36] [INFO] **********Initializing BIDSDatasetReader**********
[2025-11-24 17:22:36] [INFO] ************************************************************
[2025-11-24 17:22:36] [INFO] Processed EEG file exists. Loading...
[2025-11-24 17:22:36] [INFO] Loading processed EEG from BIDS/derivatives/low-0.1_high-40.0_ICA-True/sub-01_ses-01_processed.fif
[2025-11-24 17:22:38] [INFO]  Creating epochs for condition: Visual
[2025-11-24 17:22:38] [INFO] ************************************************************
[2025-11-24 17:22:38] [INFO] **********Initializing Epoch Builder**********
[2025-11-24 17:22:38] [INFO] ************************************************************
[2025-11-24 17:22:38] [INFO] Creating Epochs
[2025-11-24 17:22:38] [INFO]  Creating epochs for condition: Rest
[2025-11-24 17:22:38] [INFO] ************************************************************
[2025-11-24 17:22:38] [INFO] **********Initializing Epoch Builder**********
[2025-11-24 17:22:38] [INFO] ************************************************************
[2025-11-24 17:22:38] [INFO] Creating Epochs
[2025-11-24 17:22:38] [INFO] ************************************************************
[2025-11-24 17:22:38] [INFO] **********Initializing P100ComponentAnalyzer**********
[2025-11-24 17:22:38] [INFO] ************************************************************
[2025-11-24 17:22:38] [INFO] Caculating Latency, peak and mean
[2025-11-24 17:22:38] [INFO] Latency: 0.114, Peak: 2.8014043320150748, Mean: 0.21112211627864289
[2025-11-24 17:22:38] [INFO] ************************************************************
[2025-11-24 17:22:38] [INFO] **********Initializing P100ComponentAnalyzer**********
[2025-11-24 17:22:38] [INFO] ************************************************************
[2025-11-24 17:22:38] [INFO] Caculating Latency, peak and mean
[2025-11-24 17:22:38] [INFO] Latency: 0.097, Peak: 0.6564855318095628, Mean: -0.833774884911926
[2025-11-24 17:22:38] [INFO] Saving results to CSV
[2025-11-24 17:22:38] [INFO] Saving results to /home/owaismujtaba/projects/mind-voice/results/P100
[2025-11-24 17:22:38] [INFO] Results saved to /home/owaismujtaba/projects/mind-voice/results/P100/sub-01_ses-01_p100_Visual_Rest.csv
[2025-11-24 17:22:38] [INFO] ************************************************************
[2025-11-24 17:22:38] [INFO] **********P100 Pipeline**********
[2025-11-24 17:22:38] [INFO] ************************************************************
[2025-11-24 17:22:38] [INFO] ************************************************************
[2025-11-24 17:22:38] [INFO] **********Initializing BIDSDatasetReader**********
[2025-11-24 17:22:38] [INFO] ************************************************************
[2025-11-24 17:22:38] [INFO] Preprocessing EEG
[2025-11-24 17:22:38] [INFO] Loading raw EEG data
[2025-11-24 17:22:46] [INFO] Data read sucessfully
[2025-11-24 17:22:46] [INFO] Setting channel types and montage
[2025-11-24 17:22:46] [INFO] Setting EEG reference: ['FCz']
[2025-11-24 17:22:47] [INFO] Interpolating bad channels
[2025-11-24 17:23:59] [INFO] Bad channels saved to results/BadChannels/sub-02_ses-01_bads.json
[2025-11-24 17:24:00] [INFO] Applying notch filter
[2025-11-24 17:24:05] [INFO] Notch filter completed
[2025-11-24 17:24:05] [INFO] Applying bandpass filter: 0.1-40.0 Hz
[2025-11-24 17:24:10] [INFO] Bandpass filter completed
[2025-11-24 17:24:10] [INFO] Applying ICA with params: {'n_components': 50, 'random_state': 97}
[2025-11-24 17:27:26] [INFO] ICA completed
[2025-11-24 17:27:29] [INFO] Processed EEG saved at BIDS/derivatives/low-0.1_high-40.0_ICA-True/sub-02_ses-01_processed.fif
[2025-11-24 17:27:29] [INFO]  Creating epochs for condition: Visual
[2025-11-24 17:27:29] [INFO] ************************************************************
[2025-11-24 17:27:29] [INFO] **********Initializing Epoch Builder**********
[2025-11-24 17:27:29] [INFO] ************************************************************
[2025-11-24 17:27:29] [INFO] Creating Epochs
[2025-11-24 17:27:29] [INFO]  Creating epochs for condition: Rest
[2025-11-24 17:27:29] [INFO] ************************************************************
[2025-11-24 17:27:29] [INFO] **********Initializing Epoch Builder**********
[2025-11-24 17:27:29] [INFO] ************************************************************
[2025-11-24 17:27:29] [INFO] Creating Epochs
[2025-11-24 17:27:29] [INFO] ************************************************************
[2025-11-24 17:27:29] [INFO] **********Initializing P100ComponentAnalyzer**********
[2025-11-24 17:27:29] [INFO] ************************************************************
[2025-11-24 17:27:29] [INFO] Caculating Latency, peak and mean
[2025-11-24 17:27:29] [INFO] Latency: 0.12, Peak: 4.713648377653536, Mean: 1.0268751924012969
[2025-11-24 17:27:29] [INFO] ************************************************************
[2025-11-24 17:27:29] [INFO] **********Initializing P100ComponentAnalyzer**********
[2025-11-24 17:27:29] [INFO] ************************************************************
[2025-11-24 17:27:29] [INFO] Caculating Latency, peak and mean
[2025-11-24 17:27:29] [INFO] Latency: 0.12, Peak: 1.0911564050791316, Mean: -2.1680832862666146
[2025-11-24 17:27:29] [INFO] Saving results to CSV
[2025-11-24 17:27:29] [INFO] Saving results to /home/owaismujtaba/projects/mind-voice/results/P100
[2025-11-24 17:27:29] [INFO] Results saved to /home/owaismujtaba/projects/mind-voice/results/P100/sub-02_ses-01_p100_Visual_Rest.csv
[2025-11-24 17:27:29] [INFO] ************************************************************
[2025-11-24 17:27:29] [INFO] **********P100 Pipeline**********
[2025-11-24 17:27:29] [INFO] ************************************************************
[2025-11-24 17:27:29] [INFO] ************************************************************
[2025-11-24 17:27:29] [INFO] **********Initializing BIDSDatasetReader**********
[2025-11-24 17:27:29] [INFO] ************************************************************
[2025-11-24 17:27:29] [INFO] Preprocessing EEG
[2025-11-24 17:27:29] [INFO] Loading raw EEG data
[2025-11-24 17:27:37] [INFO] Data read sucessfully
[2025-11-24 17:27:37] [INFO] Setting channel types and montage
[2025-11-24 17:27:37] [INFO] Setting EEG reference: ['FCz']
[2025-11-24 17:27:37] [INFO] Interpolating bad channels
[2025-11-24 17:28:46] [INFO] Bad channels saved to results/BadChannels/sub-03_ses-01_bads.json
[2025-11-24 17:28:47] [INFO] Applying notch filter
[2025-11-24 17:28:51] [INFO] Notch filter completed
[2025-11-24 17:28:51] [INFO] Applying bandpass filter: 0.1-40.0 Hz
[2025-11-24 17:28:57] [INFO] Bandpass filter completed
[2025-11-24 17:28:57] [INFO] Applying ICA with params: {'n_components': 50, 'random_state': 97}
[2025-11-24 17:33:42] [INFO] Setting up P100 Analysis Pipeline
[2025-11-24 17:33:43] [INFO] ************************************************************
[2025-11-24 17:33:43] [INFO] **********P100 Pipeline sub-01, ses-01**********
[2025-11-24 17:33:43] [INFO] ************************************************************
[2025-11-24 17:33:43] [INFO] ************************************************************
[2025-11-24 17:33:43] [INFO] **********Initializing BIDSDatasetReader**********
[2025-11-24 17:33:43] [INFO] ************************************************************
[2025-11-24 17:33:43] [INFO] Processed EEG file exists. Loading...
[2025-11-24 17:33:43] [INFO] Loading processed EEG from BIDS/derivatives/low-0.1_high-40.0_ICA-True/sub-01_ses-01_processed.fif
[2025-11-24 17:33:44] [INFO] Creating epochs for condition: Visual
[2025-11-24 17:33:44] [INFO] ************************************************************
[2025-11-24 17:33:44] [INFO] **********Initializing Epoch Builder**********
[2025-11-24 17:33:44] [INFO] ************************************************************
[2025-11-24 17:33:44] [INFO] Creating Epochs
[2025-11-24 17:33:44] [INFO] Creating epochs for condition: Rest
[2025-11-24 17:33:44] [INFO] ************************************************************
[2025-11-24 17:33:44] [INFO] **********Initializing Epoch Builder**********
[2025-11-24 17:33:44] [INFO] ************************************************************
[2025-11-24 17:33:44] [INFO] Creating Epochs
[2025-11-24 17:33:44] [INFO] ************************************************************
[2025-11-24 17:33:44] [INFO] **********Initializing P100ComponentAnalyzer**********
[2025-11-24 17:33:44] [INFO] ************************************************************
[2025-11-24 17:33:44] [INFO] Caculating Latency, peak and mean
[2025-11-24 17:33:44] [INFO] Latency: 0.114, Peak: 2.8014043320150748, Mean: 0.21112211627864289
[2025-11-24 17:33:44] [INFO] ************************************************************
[2025-11-24 17:33:44] [INFO] **********Initializing P100ComponentAnalyzer**********
[2025-11-24 17:33:44] [INFO] ************************************************************
[2025-11-24 17:33:45] [INFO] Caculating Latency, peak and mean
[2025-11-24 17:33:45] [INFO] Latency: 0.097, Peak: 0.6564855318095628, Mean: -0.833774884911926
[2025-11-24 17:33:45] [INFO] Saving results to CSV
[2025-11-24 17:33:45] [INFO] Results saved to /home/owaismujtaba/projects/mind-voice/results/P100/sub-01_ses-01_p100_Visual_Rest.csv
[2025-11-24 17:33:45] [INFO] ************************************************************
[2025-11-24 17:33:45] [INFO] **********P100 Pipeline sub-02, ses-01**********
[2025-11-24 17:33:45] [INFO] ************************************************************
[2025-11-24 17:33:45] [INFO] ************************************************************
[2025-11-24 17:33:45] [INFO] **********Initializing BIDSDatasetReader**********
[2025-11-24 17:33:45] [INFO] ************************************************************
[2025-11-24 17:33:45] [INFO] Processed EEG file exists. Loading...
[2025-11-24 17:33:45] [INFO] Loading processed EEG from BIDS/derivatives/low-0.1_high-40.0_ICA-True/sub-02_ses-01_processed.fif
[2025-11-24 17:33:46] [INFO] Creating epochs for condition: Visual
[2025-11-24 17:33:46] [INFO] ************************************************************
[2025-11-24 17:33:46] [INFO] **********Initializing Epoch Builder**********
[2025-11-24 17:33:46] [INFO] ************************************************************
[2025-11-24 17:33:46] [INFO] Creating Epochs
[2025-11-24 17:33:46] [INFO] Creating epochs for condition: Rest
[2025-11-24 17:33:46] [INFO] ************************************************************
[2025-11-24 17:33:46] [INFO] **********Initializing Epoch Builder**********
[2025-11-24 17:33:46] [INFO] ************************************************************
[2025-11-24 17:33:46] [INFO] Creating Epochs
[2025-11-24 17:33:46] [INFO] ************************************************************
[2025-11-24 17:33:46] [INFO] **********Initializing P100ComponentAnalyzer**********
[2025-11-24 17:33:46] [INFO] ************************************************************
[2025-11-24 17:33:46] [INFO] Caculating Latency, peak and mean
[2025-11-24 17:33:46] [INFO] Latency: 0.12, Peak: 4.584982666955343, Mean: 0.949234212188971
[2025-11-24 17:33:46] [INFO] ************************************************************
[2025-11-24 17:33:46] [INFO] **********Initializing P100ComponentAnalyzer**********
[2025-11-24 17:33:46] [INFO] ************************************************************
[2025-11-24 17:33:46] [INFO] Caculating Latency, peak and mean
[2025-11-24 17:33:46] [INFO] Latency: 0.12, Peak: 0.8827407902779165, Mean: -2.208513068774419
[2025-11-24 17:33:46] [INFO] Saving results to CSV
[2025-11-24 17:33:46] [INFO] Results saved to /home/owaismujtaba/projects/mind-voice/results/P100/sub-02_ses-01_p100_Visual_Rest.csv
[2025-11-24 17:33:46] [INFO] ************************************************************
[2025-11-24 17:33:46] [INFO] **********P100 Pipeline sub-03, ses-01**********
[2025-11-24 17:33:46] [INFO] ************************************************************
[2025-11-24 17:33:46] [INFO] ************************************************************
[2025-11-24 17:33:46] [INFO] **********Initializing BIDSDatasetReader**********
[2025-11-24 17:33:46] [INFO] ************************************************************
[2025-11-24 17:33:46] [INFO] Preprocessing EEG
[2025-11-24 17:33:46] [INFO] Loading raw EEG data
[2025-11-24 17:33:54] [INFO] Data read sucessfully
[2025-11-24 17:33:54] [INFO] Setting channel types and montage
[2025-11-24 17:33:54] [INFO] Setting EEG reference: ['FCz']
[2025-11-24 17:33:54] [INFO] Interpolating bad channels
[2025-11-24 17:35:05] [INFO] Bad channels saved to results/BadChannels/sub-03_ses-01_bads.json
[2025-11-24 17:35:06] [INFO] Applying notch filter
[2025-11-24 17:35:10] [INFO] Notch filter completed
[2025-11-24 17:35:10] [INFO] Applying bandpass filter: 0.1-40.0 Hz
[2025-11-24 17:35:16] [INFO] Bandpass filter completed
[2025-11-24 17:35:16] [INFO] Applying ICA with params: {'n_components': 50, 'random_state': 97}
[2025-11-24 17:37:28] [INFO] ICA completed
[2025-11-24 17:37:30] [INFO] Processed EEG saved at BIDS/derivatives/low-0.1_high-40.0_ICA-True/sub-03_ses-01_processed.fif
[2025-11-24 17:37:30] [INFO] Creating epochs for condition: Visual
[2025-11-24 17:37:30] [INFO] ************************************************************
[2025-11-24 17:37:30] [INFO] **********Initializing Epoch Builder**********
[2025-11-24 17:37:30] [INFO] ************************************************************
[2025-11-24 17:37:30] [INFO] Creating Epochs
[2025-11-24 17:37:30] [INFO] Creating epochs for condition: Rest
[2025-11-24 17:37:30] [INFO] ************************************************************
[2025-11-24 17:37:30] [INFO] **********Initializing Epoch Builder**********
[2025-11-24 17:37:30] [INFO] ************************************************************
[2025-11-24 17:37:30] [INFO] Creating Epochs
[2025-11-24 17:37:30] [INFO] ************************************************************
[2025-11-24 17:37:30] [INFO] **********Initializing P100ComponentAnalyzer**********
[2025-11-24 17:37:30] [INFO] ************************************************************
[2025-11-24 17:37:30] [INFO] Caculating Latency, peak and mean
[2025-11-24 17:37:30] [INFO] Latency: 0.109, Peak: 10.576271934502893, Mean: 6.723105515130493
[2025-11-24 17:37:30] [INFO] ************************************************************
[2025-11-24 17:37:30] [INFO] **********Initializing P100ComponentAnalyzer**********
[2025-11-24 17:37:30] [INFO] ************************************************************
[2025-11-24 17:37:31] [INFO] Caculating Latency, peak and mean
[2025-11-24 17:37:31] [INFO] Latency: 0.12, Peak: -1.7289946308833446, Mean: -6.076913617346515
[2025-11-24 17:37:31] [INFO] Saving results to CSV
[2025-11-24 17:37:31] [INFO] Results saved to /home/owaismujtaba/projects/mind-voice/results/P100/sub-03_ses-01_p100_Visual_Rest.csv
[2025-11-24 17:37:31] [INFO] ************************************************************
[2025-11-24 17:37:31] [INFO] **********P100 Pipeline sub-04, ses-01**********
[2025-11-24 17:37:31] [INFO] ************************************************************
[2025-11-24 17:37:31] [INFO] ************************************************************
[2025-11-24 17:37:31] [INFO] **********Initializing BIDSDatasetReader**********
[2025-11-24 17:37:31] [INFO] ************************************************************
[2025-11-24 17:37:31] [INFO] Preprocessing EEG
[2025-11-24 17:37:31] [INFO] Loading raw EEG data
[2025-11-24 17:37:38] [INFO] Data read sucessfully
[2025-11-24 17:37:38] [INFO] Setting channel types and montage
[2025-11-24 17:37:38] [INFO] Setting EEG reference: ['FCz']
[2025-11-24 17:37:39] [INFO] Interpolating bad channels
[2025-11-24 17:39:01] [INFO] Bad channels saved to results/BadChannels/sub-04_ses-01_bads.json
[2025-11-24 17:39:02] [INFO] Applying notch filter
[2025-11-24 17:39:07] [INFO] Notch filter completed
[2025-11-24 17:39:07] [INFO] Applying bandpass filter: 0.1-40.0 Hz
[2025-11-24 17:39:13] [INFO] Bandpass filter completed
[2025-11-24 17:39:13] [INFO] Applying ICA with params: {'n_components': 50, 'random_state': 97}
[2025-11-24 17:42:36] [INFO] ICA completed
[2025-11-24 17:42:38] [INFO] Processed EEG saved at BIDS/derivatives/low-0.1_high-40.0_ICA-True/sub-04_ses-01_processed.fif
[2025-11-24 17:42:38] [INFO] Creating epochs for condition: Visual
[2025-11-24 17:42:38] [INFO] ************************************************************
[2025-11-24 17:42:38] [INFO] **********Initializing Epoch Builder**********
[2025-11-24 17:42:38] [INFO] ************************************************************
[2025-11-24 17:42:38] [INFO] Creating Epochs
[2025-11-24 17:42:38] [INFO] Creating epochs for condition: Rest
[2025-11-24 17:42:38] [INFO] ************************************************************
[2025-11-24 17:42:38] [INFO] **********Initializing Epoch Builder**********
[2025-11-24 17:42:38] [INFO] ************************************************************
[2025-11-24 17:42:38] [INFO] Creating Epochs
[2025-11-24 17:42:38] [INFO] ************************************************************
[2025-11-24 17:42:38] [INFO] **********Initializing P100ComponentAnalyzer**********
[2025-11-24 17:42:38] [INFO] ************************************************************
[2025-11-24 17:42:39] [INFO] Caculating Latency, peak and mean
[2025-11-24 17:42:39] [INFO] Latency: 0.12, Peak: 1.0052608010441035, Mean: -1.6859485013928315
[2025-11-24 17:42:39] [INFO] ************************************************************
[2025-11-24 17:42:39] [INFO] **********Initializing P100ComponentAnalyzer**********
[2025-11-24 17:42:39] [INFO] ************************************************************
[2025-11-24 17:42:39] [INFO] Caculating Latency, peak and mean
[2025-11-24 17:42:39] [INFO] Latency: 0.108, Peak: -0.6630474916682038, Mean: -1.3681102939883258
[2025-11-24 17:42:39] [INFO] Saving results to CSV
[2025-11-24 17:42:39] [INFO] Results saved to /home/owaismujtaba/projects/mind-voice/results/P100/sub-04_ses-01_p100_Visual_Rest.csv
[2025-11-24 17:42:39] [INFO] ************************************************************
[2025-11-24 17:42:39] [INFO] **********P100 Pipeline sub-04, ses-02**********
[2025-11-24 17:42:39] [INFO] ************************************************************
[2025-11-24 17:42:39] [INFO] ************************************************************
[2025-11-24 17:42:39] [INFO] **********Initializing BIDSDatasetReader**********
[2025-11-24 17:42:39] [INFO] ************************************************************
[2025-11-24 17:42:39] [INFO] Preprocessing EEG
[2025-11-24 17:42:39] [INFO] Loading raw EEG data
[2025-11-24 17:42:46] [INFO] Data read sucessfully
[2025-11-24 17:42:46] [INFO] Setting channel types and montage
[2025-11-24 17:42:46] [INFO] Setting EEG reference: ['FCz']
[2025-11-24 17:42:47] [INFO] Interpolating bad channels
[2025-11-24 17:44:00] [INFO] Bad channels saved to results/BadChannels/sub-04_ses-02_bads.json
[2025-11-24 17:44:00] [INFO] Applying notch filter
[2025-11-24 17:44:05] [INFO] Notch filter completed
[2025-11-24 17:44:05] [INFO] Applying bandpass filter: 0.1-40.0 Hz
[2025-11-24 17:44:11] [INFO] Bandpass filter completed
[2025-11-24 17:44:11] [INFO] Applying ICA with params: {'n_components': 50, 'random_state': 97}
