[2025-11-26 15:49:02] [INFO] Plotting accuracy plot
[2025-11-26 15:49:02] [INFO]         accuracy
count  15.000000
mean    0.719753
std     0.112145
min     0.415033
25%     0.668301
50%     0.738562
75%     0.798203
max     0.856209
[2025-11-26 16:19:18] [INFO] Plotting confusion matrix
[2025-11-26 16:19:18] [INFO] Confusion matrix plot saved to results/images/cm.png
[2025-11-26 16:19:18] [INFO] Confusion matrix data:
        Overt  Covert  Rest
Overt    1817     148   229
Covert    230    1481   484
Rest      282     473  1440
[2025-11-26 16:19:51] [INFO] Plotting confusion matrix
[2025-11-26 16:19:51] [INFO] Confusion matrix plot saved to results/images/cm.png
[2025-11-26 16:19:51] [INFO] Confusion matrix data:
        Overt  Covert  Rest
Overt    1817     148   229
Covert    230    1481   484
Rest      282     473  1440
[2025-11-26 16:20:53] [INFO] Plotting confusion matrix
[2025-11-26 16:20:53] [INFO] Confusion matrix plot saved to results/images/cm.png
[2025-11-26 16:20:53] [INFO] Confusion matrix data:
        Overt  Covert  Rest
Overt    1817     148   229
Covert    230    1481   484
Rest      282     473  1440
[2025-11-26 16:21:11] [INFO] Plotting confusion matrix
[2025-11-26 16:21:11] [INFO] Confusion matrix plot saved to results/images/cm.png
[2025-11-26 16:21:11] [INFO] Confusion matrix data:
        Overt  Covert  Rest
Overt    1817     148   229
Covert    230    1481   484
Rest      282     473  1440
[2025-11-26 16:21:11] [INFO] Plotting metrics
[2025-11-26 16:21:12] [INFO] Metrics plot saved to results/images/overt_covert_rest_metrics.png
[2025-11-26 16:21:12] [INFO] Metrics data:
   subject_id session_id  precision    recall        f1
0          05         02   0.515883  0.493464  0.493982
1          11         01   0.719230  0.692810  0.685304
2          08         01   0.812261  0.800654  0.798659
3          05         01   0.810762  0.794118  0.785045
4          10         01   0.807034  0.797386  0.793800
5          13         01   0.822348  0.823529  0.820424
6          15         02   0.879779  0.867162  0.868743
7          12         02   0.776564  0.777778  0.775294
8          14         01   0.865175  0.856209  0.855863
9          06         01   0.618424  0.614379  0.600680
10         09         02   0.857892  0.856209  0.854987
11         07         01   0.493325  0.415033  0.378605
12         04         02   0.779561  0.764706  0.759630
13         09         01   0.849442  0.833333  0.834302
14         12         01   0.775156  0.686275  0.650015
15         01         01   0.739859  0.738562  0.733005
16         15         01   0.737777  0.686275  0.682859
17         02         01   0.679588  0.643791  0.633603
18         06         02   0.651996  0.594771  0.598642
19         04         01   0.732026  0.647059  0.596736
20         03         01   0.769621  0.745098  0.733229
21         13         02   0.792718  0.774510  0.767559
[2025-11-26 16:21:12] [INFO] Metrics summary per subject:
   subject_id  precision    recall        f1
0          01   0.739859  0.738562  0.733005
1          02   0.679588  0.643791  0.633603
2          03   0.769621  0.745098  0.733229
3          04   0.755793  0.705882  0.678183
4          05   0.663322  0.643791  0.639514
5          06   0.635210  0.604575  0.599661
6          07   0.493325  0.415033  0.378605
7          08   0.812261  0.800654  0.798659
8          09   0.853667  0.844771  0.844645
9          10   0.807034  0.797386  0.793800
10         11   0.719230  0.692810  0.685304
11         12   0.775860  0.732026  0.712655
12         13   0.807533  0.799020  0.793992
13         14   0.865175  0.856209  0.855863
14         15   0.808778  0.776718  0.775801
[2025-11-26 16:23:08] [INFO] Plotting confusion matrix
[2025-11-26 16:23:08] [INFO] Confusion matrix plot saved to results/images/cm.png
[2025-11-26 16:23:08] [INFO] Confusion matrix data:
        Overt  Covert  Rest
Overt    1817     148   229
Covert    230    1481   484
Rest      282     473  1440
[2025-11-26 16:23:08] [INFO] Plotting metrics
[2025-11-26 16:23:08] [INFO] Metrics plot saved to results/images/overt_covert_rest_metrics.pdf
[2025-11-26 16:23:08] [INFO] Metrics summary per subject:
   subject_id  precision    recall        f1
0          01   0.740118  0.738562  0.731894
1          02   0.686747  0.643791  0.631565
2          03   0.774526  0.745098  0.730855
3          04   0.765776  0.705882  0.672643
4          05   0.667229  0.643791  0.638658
5          06   0.641337  0.604575  0.598678
6          07   0.508984  0.415033  0.371319
7          08   0.814583  0.800654  0.798260
8          09   0.855446  0.844771  0.844620
9          10   0.808963  0.797386  0.793083
10         11   0.724514  0.692810  0.683802
11         12   0.784627  0.732026  0.708780
12         13   0.809236  0.799020  0.792986
13         14   0.866969  0.856209  0.855794
14         15   0.815055  0.776682  0.775519
[2025-11-26 16:26:10] [INFO] Plotting confusion matrix
[2025-11-26 16:26:10] [INFO] Confusion matrix plot saved to results/images/cm.png
[2025-11-26 16:26:10] [INFO] Confusion matrix data:
        Overt  Covert  Rest
Overt    1817     148   229
Covert    230    1481   484
Rest      282     473  1440
[2025-11-26 16:26:10] [INFO] Plotting metrics
[2025-11-26 16:26:11] [INFO] Metrics plot saved to results/images/overt_covert_rest_metrics.pdf
[2025-11-26 16:26:11] [INFO] Metrics summary per subject:
   subject_id  precision    recall        f1
0          01   0.740118  0.738562  0.731894
1          02   0.686747  0.643791  0.631565
2          03   0.774526  0.745098  0.730855
3          04   0.765776  0.705882  0.672643
4          05   0.667229  0.643791  0.638658
5          06   0.641337  0.604575  0.598678
6          07   0.508984  0.415033  0.371319
7          08   0.814583  0.800654  0.798260
8          09   0.855446  0.844771  0.844620
9          10   0.808963  0.797386  0.793083
10         11   0.724514  0.692810  0.683802
11         12   0.784627  0.732026  0.708780
12         13   0.809236  0.799020  0.792986
13         14   0.866969  0.856209  0.855794
14         15   0.815055  0.776682  0.775519
[2025-11-26 16:27:09] [INFO] Plotting confusion matrix
[2025-11-26 16:27:09] [INFO] Confusion matrix plot saved to results/images/cm.png
[2025-11-26 16:27:09] [INFO] Confusion matrix data:
        Overt  Covert  Rest
Overt    1817     148   229
Covert    230    1481   484
Rest      282     473  1440
[2025-11-26 16:27:09] [INFO] Plotting metrics
[2025-11-26 16:27:10] [INFO] Metrics plot saved to results/images/overt_covert_rest_metrics.pdf
[2025-11-26 16:27:10] [INFO] Metrics summary per subject:
   subject_id  precision    recall        f1
0          01   0.740118  0.738562  0.731894
1          02   0.686747  0.643791  0.631565
2          03   0.774526  0.745098  0.730855
3          04   0.765776  0.705882  0.672643
4          05   0.667229  0.643791  0.638658
5          06   0.641337  0.604575  0.598678
6          07   0.508984  0.415033  0.371319
7          08   0.814583  0.800654  0.798260
8          09   0.855446  0.844771  0.844620
9          10   0.808963  0.797386  0.793083
10         11   0.724514  0.692810  0.683802
11         12   0.784627  0.732026  0.708780
12         13   0.809236  0.799020  0.792986
13         14   0.866969  0.856209  0.855794
14         15   0.815055  0.776682  0.775519
[2025-11-26 16:28:36] [INFO] Plotting confusion matrix
[2025-11-26 16:28:36] [INFO] Confusion matrix plot saved to results/images/cm.png
[2025-11-26 16:28:36] [INFO] Confusion matrix data:
        Overt  Covert  Rest
Overt    1817     148   229
Covert    230    1481   484
Rest      282     473  1440
[2025-11-26 16:28:36] [INFO] Plotting metrics
[2025-11-26 16:28:37] [INFO] Metrics plot saved to results/images/overt_covert_rest_metrics.pdf
[2025-11-26 16:28:37] [INFO] Metrics summary per subject:
   subject_id  precision    recall        f1
0          01   0.740118  0.738562  0.731894
1          02   0.686747  0.643791  0.631565
2          03   0.774526  0.745098  0.730855
3          04   0.765776  0.705882  0.672643
4          05   0.667229  0.643791  0.638658
5          06   0.641337  0.604575  0.598678
6          07   0.508984  0.415033  0.371319
7          08   0.814583  0.800654  0.798260
8          09   0.855446  0.844771  0.844620
9          10   0.808963  0.797386  0.793083
10         11   0.724514  0.692810  0.683802
11         12   0.784627  0.732026  0.708780
12         13   0.809236  0.799020  0.792986
13         14   0.866969  0.856209  0.855794
14         15   0.815055  0.776682  0.775519
[2025-11-26 16:29:10] [INFO] Plotting confusion matrix
[2025-11-26 16:29:11] [INFO] Confusion matrix plot saved to results/images/cm.png
[2025-11-26 16:29:11] [INFO] Confusion matrix data:
        Overt  Covert  Rest
Overt    1817     148   229
Covert    230    1481   484
Rest      282     473  1440
[2025-11-26 16:29:11] [INFO] Plotting metrics
[2025-11-26 16:29:11] [INFO] Metrics plot saved to results/images/overt_covert_rest_metrics.pdf
[2025-11-26 16:29:11] [INFO] Metrics summary per subject:
   subject_id  precision    recall        f1
0          01   0.740118  0.738562  0.731894
1          02   0.686747  0.643791  0.631565
2          03   0.774526  0.745098  0.730855
3          04   0.765776  0.705882  0.672643
4          05   0.667229  0.643791  0.638658
5          06   0.641337  0.604575  0.598678
6          07   0.508984  0.415033  0.371319
7          08   0.814583  0.800654  0.798260
8          09   0.855446  0.844771  0.844620
9          10   0.808963  0.797386  0.793083
10         11   0.724514  0.692810  0.683802
11         12   0.784627  0.732026  0.708780
12         13   0.809236  0.799020  0.792986
13         14   0.866969  0.856209  0.855794
14         15   0.815055  0.776682  0.775519
[2025-11-26 16:29:59] [INFO] Plotting confusion matrix
[2025-11-26 16:29:59] [INFO] Confusion matrix plot saved to results/images/cm.png
[2025-11-26 16:29:59] [INFO] Confusion matrix data:
        Overt  Covert  Rest
Overt    1817     148   229
Covert    230    1481   484
Rest      282     473  1440
[2025-11-26 16:29:59] [INFO] Plotting metrics
[2025-11-26 16:30:00] [INFO] Metrics plot saved to results/images/overt_covert_rest_metrics.pdf
[2025-11-26 16:30:00] [INFO] Metrics summary per subject:
   subject_id  precision    recall        f1
0          01   0.740118  0.738562  0.731894
1          02   0.686747  0.643791  0.631565
2          03   0.774526  0.745098  0.730855
3          04   0.765776  0.705882  0.672643
4          05   0.667229  0.643791  0.638658
5          06   0.641337  0.604575  0.598678
6          07   0.508984  0.415033  0.371319
7          08   0.814583  0.800654  0.798260
8          09   0.855446  0.844771  0.844620
9          10   0.808963  0.797386  0.793083
10         11   0.724514  0.692810  0.683802
11         12   0.784627  0.732026  0.708780
12         13   0.809236  0.799020  0.792986
13         14   0.866969  0.856209  0.855794
14         15   0.815055  0.776682  0.775519
[2025-11-26 16:30:44] [INFO] Plotting confusion matrix
[2025-11-26 16:30:44] [INFO] Confusion matrix plot saved to results/images/cm.png
[2025-11-26 16:30:44] [INFO] Confusion matrix data:
        Overt  Covert  Rest
Overt    1817     148   229
Covert    230    1481   484
Rest      282     473  1440
[2025-11-26 16:30:44] [INFO] Plotting metrics
[2025-11-26 16:30:44] [INFO] Metrics plot saved to results/images/overt_covert_rest_metrics.pdf
[2025-11-26 16:30:44] [INFO] Metrics summary per subject:
   subject_id  precision    recall        f1
0          01   0.740118  0.738562  0.731894
1          02   0.686747  0.643791  0.631565
2          03   0.774526  0.745098  0.730855
3          04   0.765776  0.705882  0.672643
4          05   0.667229  0.643791  0.638658
5          06   0.641337  0.604575  0.598678
6          07   0.508984  0.415033  0.371319
7          08   0.814583  0.800654  0.798260
8          09   0.855446  0.844771  0.844620
9          10   0.808963  0.797386  0.793083
10         11   0.724514  0.692810  0.683802
11         12   0.784627  0.732026  0.708780
12         13   0.809236  0.799020  0.792986
13         14   0.866969  0.856209  0.855794
14         15   0.815055  0.776682  0.775519
[2025-11-26 16:31:24] [INFO] Plotting confusion matrix
[2025-11-26 16:31:24] [INFO] Confusion matrix plot saved to results/images/cm.png
[2025-11-26 16:31:24] [INFO] Confusion matrix data:
        Overt  Covert  Rest
Overt    1817     148   229
Covert    230    1481   484
Rest      282     473  1440
[2025-11-26 16:31:24] [INFO] Plotting metrics
[2025-11-26 16:31:24] [INFO] Metrics plot saved to results/images/overt_covert_rest_metrics.pdf
[2025-11-26 16:31:24] [INFO] Metrics summary per subject:
   subject_id  precision    recall        f1
0          01   0.740118  0.738562  0.731894
1          02   0.686747  0.643791  0.631565
2          03   0.774526  0.745098  0.730855
3          04   0.765776  0.705882  0.672643
4          05   0.667229  0.643791  0.638658
5          06   0.641337  0.604575  0.598678
6          07   0.508984  0.415033  0.371319
7          08   0.814583  0.800654  0.798260
8          09   0.855446  0.844771  0.844620
9          10   0.808963  0.797386  0.793083
10         11   0.724514  0.692810  0.683802
11         12   0.784627  0.732026  0.708780
12         13   0.809236  0.799020  0.792986
13         14   0.866969  0.856209  0.855794
14         15   0.815055  0.776682  0.775519
